2005.10.31 20:40 B H:\school\courses\Figures&chart\Figure4(2)\figure 4.2.htm <-- Somastream /www/www/sushma/courses/Figures&chart/Figure4(2) figure 4.2.htm
2005.10.31 20:40 B H:\school\courses\Figures&chart\Figure4(2)\figure1.jpg <-- Somastream /www/www/sushma/courses/Figures&chart/Figure4(2) figure1.jpg
2005.11.02 15:18 B H:\school\courses\Figures&chart\Figure4(2)\figure11.jpg <-- Somastream /www/www/sushma/courses/Figures&chart/Figure4(2) figure11.jpg
2005.11.02 15:18 B H:\school\courses\Figures&chart\Figure4(2)\figure12.jpg <-- Somastream /www/www/sushma/courses/Figures&chart/Figure4(2) figure12.jpg
2005.11.02 15:18 B H:\school\courses\Figures&chart\Figure4(2)\figure13.jpg <-- Somastream /www/www/sushma/courses/Figures&chart/Figure4(2) figure13.jpg
2005.11.02 15:18 B H:\school\courses\Figures&chart\Figure4(2)\figure14.jpg <-- Somastream /www/www/sushma/courses/Figures&chart/Figure4(2) figure14.jpg
2005.11.02 15:18 B H:\school\courses\Figures&chart\Figure4(2)\figure15.jpg <-- Somastream /www/www/sushma/courses/Figures&chart/Figure4(2) figure15.jpg
2005.11.02 15:18 B H:\school\courses\Figures&chart\Figure4(2)\figure16.jpg <-- Somastream /www/www/sushma/courses/Figures&chart/Figure4(2) figure16.jpg
2005.11.02 15:19 B H:\school\courses\Figures&chart\Figure4(2)\figure17.jpg <-- Somastream /www/www/sushma/courses/Figures&chart/Figure4(2) figure17.jpg
2005.11.02 15:19 B H:\school\courses\Figures&chart\Figure4(2)\figure18.jpg <-- Somastream /www/www/sushma/courses/Figures&chart/Figure4(2) figure18.jpg
2005.11.02 15:19 B H:\school\courses\Figures&chart\Figure4(2)\figure19.jpg <-- Somastream /www/www/sushma/courses/Figures&chart/Figure4(2) figure19.jpg
2005.11.02 15:19 B H:\school\courses\Figures&chart\Figure4(2)\figure2.jpg <-- Somastream /www/www/sushma/courses/Figures&chart/Figure4(2) figure2.jpg
2005.11.02 15:19 B H:\school\courses\Figures&chart\Figure4(2)\figure20.jpg <-- Somastream /www/www/sushma/courses/Figures&chart/Figure4(2) figure20.jpg
2005.11.02 15:19 B H:\school\courses\Figures&chart\Figure4(2)\figure21.jpg <-- Somastream /www/www/sushma/courses/Figures&chart/Figure4(2) figure21.jpg
2005.11.02 15:19 B H:\school\courses\Figures&chart\Figure4(2)\figure22.jpg <-- Somastream /www/www/sushma/courses/Figures&chart/Figure4(2) figure22.jpg
2005.11.02 15:19 B H:\school\courses\Figures&chart\Figure4(2)\figure23.jpg <-- Somastream /www/www/sushma/courses/Figures&chart/Figure4(2) figure23.jpg
2005.11.02 15:19 B H:\school\courses\Figures&chart\Figure4(2)\figure24.jpg <-- Somastream /www/www/sushma/courses/Figures&chart/Figure4(2) figure24.jpg
2005.11.02 15:19 B H:\school\courses\Figures&chart\Figure4(2)\figure25.jpg <-- Somastream /www/www/sushma/courses/Figures&chart/Figure4(2) figure25.jpg
2005.11.02 15:19 B H:\school\courses\Figures&chart\Figure4(2)\figure26.jpg <-- Somastream /www/www/sushma/courses/Figures&chart/Figure4(2) figure26.jpg
2005.11.02 15:19 B H:\school\courses\Figures&chart\Figure4(2)\figure27.jpg <-- Somastream /www/www/sushma/courses/Figures&chart/Figure4(2) figure27.jpg
2005.11.02 15:19 B H:\school\courses\Figures&chart\Figure4(2)\figure28.jpg <-- Somastream /www/www/sushma/courses/Figures&chart/Figure4(2) figure28.jpg
2005.11.02 15:19 B H:\school\courses\Figures&chart\Figure4(2)\figure29.jpg <-- Somastream /www/www/sushma/courses/Figures&chart/Figure4(2) figure29.jpg
2005.11.02 15:19 B H:\school\courses\Figures&chart\Figure4(2)\figure3.jpg <-- Somastream /www/www/sushma/courses/Figures&chart/Figure4(2) figure3.jpg
2005.11.02 15:19 B H:\school\courses\Figures&chart\Figure4(2)\figure30.jpg <-- Somastream /www/www/sushma/courses/Figures&chart/Figure4(2) figure30.jpg
2005.11.02 15:19 B H:\school\courses\Figures&chart\Figure4(2)\figure31.jpg <-- Somastream /www/www/sushma/courses/Figures&chart/Figure4(2) figure31.jpg
2005.11.02 15:19 B H:\school\courses\Figures&chart\Figure4(2)\figure32.jpg <-- Somastream /www/www/sushma/courses/Figures&chart/Figure4(2) figure32.jpg
2005.11.02 15:19 B H:\school\courses\Figures&chart\Figure4(2)\figure33.jpg <-- Somastream /www/www/sushma/courses/Figures&chart/Figure4(2) figure33.jpg
2005.11.02 15:19 B H:\school\courses\Figures&chart\Figure4(2)\figure34.jpg <-- Somastream /www/www/sushma/courses/Figures&chart/Figure4(2) figure34.jpg
2005.11.02 15:19 B H:\school\courses\Figures&chart\Figure4(2)\figure35.jpg <-- Somastream /www/www/sushma/courses/Figures&chart/Figure4(2) figure35.jpg
2005.11.02 15:19 B H:\school\courses\Figures&chart\Figure4(2)\figure36.gif <-- Somastream /www/www/sushma/courses/Figures&chart/Figure4(2) figure36.gif
2005.11.02 15:19 B H:\school\courses\Figures&chart\Figure4(2)\figure37.jpg <-- Somastream /www/www/sushma/courses/Figures&chart/Figure4(2) figure37.jpg
2005.11.02 15:19 B H:\school\courses\Figures&chart\Figure4(2)\figure38.gif <-- Somastream /www/www/sushma/courses/Figures&chart/Figure4(2) figure38.gif
2005.11.02 15:19 B H:\school\courses\Figures&chart\Figure4(2)\figure39.gif <-- Somastream /www/www/sushma/courses/Figures&chart/Figure4(2) figure39.gif
2005.11.02 15:19 B H:\school\courses\Figures&chart\Figure4(2)\figure4.jpg <-- Somastream /www/www/sushma/courses/Figures&chart/Figure4(2) figure4.jpg
2005.11.02 15:19 B H:\school\courses\Figures&chart\Figure4(2)\figure40.jpg <-- Somastream /www/www/sushma/courses/Figures&chart/Figure4(2) figure40.jpg
2005.11.02 15:19 B H:\school\courses\Figures&chart\Figure4(2)\figure41.jpg <-- Somastream /www/www/sushma/courses/Figures&chart/Figure4(2) figure41.jpg
2005.11.02 15:19 B H:\school\courses\Figures&chart\Figure4(2)\figure41.php <-- Somastream /www/www/sushma/courses/Figures&chart/Figure4(2) figure41.php
2005.11.02 15:19 B H:\school\courses\Figures&chart\Figure4(2)\figure42.gif <-- Somastream /www/www/sushma/courses/Figures&chart/Figure4(2) figure42.gif
2005.11.02 15:20 B H:\school\courses\Figures&chart\Figure4(2)\figure42.inc.php <-- Somastream /www/www/sushma/courses/Figures&chart/Figure4(2) figure42.inc.php
2005.11.02 15:20 B H:\school\courses\Figures&chart\Figure4(2)\figure42.php <-- Somastream /www/www/sushma/courses/Figures&chart/Figure4(2) figure42.php
2005.11.02 15:20 B H:\school\courses\Figures&chart\Figure4(2)\figure5.jpg <-- Somastream /www/www/sushma/courses/Figures&chart/Figure4(2) figure5.jpg
2005.11.02 15:20 B H:\school\courses\Figures&chart\Figure4(2)\figure6.jpg <-- Somastream /www/www/sushma/courses/Figures&chart/Figure4(2) figure6.jpg
2005.11.02 15:20 B H:\school\courses\Figures&chart\Figure4(2)\figure7.jpg <-- Somastream /www/www/sushma/courses/Figures&chart/Figure4(2) figure7.jpg
2005.11.02 15:20 B H:\school\courses\Figures&chart\Figure4(2)\figure8.jpg <-- Somastream /www/www/sushma/courses/Figures&chart/Figure4(2) figure8.jpg
2005.11.02 15:20 B H:\school\courses\Figures&chart\Figure4(2)\figure9.jpg <-- Somastream /www/www/sushma/courses/Figures&chart/Figure4(2) figure9.jpg
2005.11.02 15:21 B H:\school\courses\Figures&chart\Figure4(2)\Thumbs.db <-- Somastream /www/www/sushma/courses/Figures&chart/Figure4(2) Thumbs.db
2005.11.03 16:54 B h:\school\courses\Figures&chart\Figure4(2)\figure 4.2.htm --> apdriving.com /httpdocs/course/courses/Figures&chart/Figure4(2) figure 4.2.htm
2005.11.03 16:54 B h:\school\courses\Figures&chart\Figure4(2)\figure1.jpg --> apdriving.com /httpdocs/course/courses/Figures&chart/Figure4(2) figure1.jpg
2005.11.03 16:54 B h:\school\courses\Figures&chart\Figure4(2)\figure10.jpg --> apdriving.com /httpdocs/course/courses/Figures&chart/Figure4(2) figure10.jpg
2005.11.03 16:54 B h:\school\courses\Figures&chart\Figure4(2)\figure11.jpg --> apdriving.com /httpdocs/course/courses/Figures&chart/Figure4(2) figure11.jpg
2005.11.03 16:54 B h:\school\courses\Figures&chart\Figure4(2)\figure12.jpg --> apdriving.com /httpdocs/course/courses/Figures&chart/Figure4(2) figure12.jpg
2005.11.03 16:54 B h:\school\courses\Figures&chart\Figure4(2)\figure13.jpg --> apdriving.com /httpdocs/course/courses/Figures&chart/Figure4(2) figure13.jpg
2005.11.03 16:54 B h:\school\courses\Figures&chart\Figure4(2)\figure14.jpg --> apdriving.com /httpdocs/course/courses/Figures&chart/Figure4(2) figure14.jpg
2005.11.03 16:54 B h:\school\courses\Figures&chart\Figure4(2)\figure15.jpg --> apdriving.com /httpdocs/course/courses/Figures&chart/Figure4(2) figure15.jpg
2005.11.03 16:54 B h:\school\courses\Figures&chart\Figure4(2)\figure16.jpg --> apdriving.com /httpdocs/course/courses/Figures&chart/Figure4(2) figure16.jpg
2005.11.03 16:54 B h:\school\courses\Figures&chart\Figure4(2)\figure17.jpg --> apdriving.com /httpdocs/course/courses/Figures&chart/Figure4(2) figure17.jpg
2005.11.03 16:54 B h:\school\courses\Figures&chart\Figure4(2)\figure18.jpg --> apdriving.com /httpdocs/course/courses/Figures&chart/Figure4(2) figure18.jpg
2005.11.03 16:54 B h:\school\courses\Figures&chart\Figure4(2)\figure19.jpg --> apdriving.com /httpdocs/course/courses/Figures&chart/Figure4(2) figure19.jpg
2005.11.03 16:54 B h:\school\courses\Figures&chart\Figure4(2)\figure2.jpg --> apdriving.com /httpdocs/course/courses/Figures&chart/Figure4(2) figure2.jpg
2005.11.03 16:54 B h:\school\courses\Figures&chart\Figure4(2)\figure20.jpg --> apdriving.com /httpdocs/course/courses/Figures&chart/Figure4(2) figure20.jpg
2005.11.03 16:54 B h:\school\courses\Figures&chart\Figure4(2)\figure21.jpg --> apdriving.com /httpdocs/course/courses/Figures&chart/Figure4(2) figure21.jpg
2005.11.03 16:54 B h:\school\courses\Figures&chart\Figure4(2)\figure22.jpg --> apdriving.com /httpdocs/course/courses/Figures&chart/Figure4(2) figure22.jpg
2005.11.03 16:54 B h:\school\courses\Figures&chart\Figure4(2)\figure23.jpg --> apdriving.com /httpdocs/course/courses/Figures&chart/Figure4(2) figure23.jpg
2005.11.03 16:54 B h:\school\courses\Figures&chart\Figure4(2)\figure24.jpg --> apdriving.com /httpdocs/course/courses/Figures&chart/Figure4(2) figure24.jpg
2005.11.03 16:54 B h:\school\courses\Figures&chart\Figure4(2)\figure25.jpg --> apdriving.com /httpdocs/course/courses/Figures&chart/Figure4(2) figure25.jpg
2005.11.03 16:54 B h:\school\courses\Figures&chart\Figure4(2)\figure26.jpg --> apdriving.com /httpdocs/course/courses/Figures&chart/Figure4(2) figure26.jpg
2005.11.03 16:54 B h:\school\courses\Figures&chart\Figure4(2)\figure27.jpg --> apdriving.com /httpdocs/course/courses/Figures&chart/Figure4(2) figure27.jpg
2005.11.03 16:54 B h:\school\courses\Figures&chart\Figure4(2)\figure28.jpg --> apdriving.com /httpdocs/course/courses/Figures&chart/Figure4(2) figure28.jpg
2005.11.03 16:54 B h:\school\courses\Figures&chart\Figure4(2)\figure29.jpg --> apdriving.com /httpdocs/course/courses/Figures&chart/Figure4(2) figure29.jpg
2005.11.03 16:54 B h:\school\courses\Figures&chart\Figure4(2)\figure3.jpg --> apdriving.com /httpdocs/course/courses/Figures&chart/Figure4(2) figure3.jpg
2005.11.03 16:54 B h:\school\courses\Figures&chart\Figure4(2)\figure30.jpg --> apdriving.com /httpdocs/course/courses/Figures&chart/Figure4(2) figure30.jpg
2005.11.03 16:54 B h:\school\courses\Figures&chart\Figure4(2)\figure31.jpg --> apdriving.com /httpdocs/course/courses/Figures&chart/Figure4(2) figure31.jpg
2005.11.03 16:54 B h:\school\courses\Figures&chart\Figure4(2)\figure32.jpg --> apdriving.com /httpdocs/course/courses/Figures&chart/Figure4(2) figure32.jpg
2005.11.03 16:54 B h:\school\courses\Figures&chart\Figure4(2)\figure33.jpg --> apdriving.com /httpdocs/course/courses/Figures&chart/Figure4(2) figure33.jpg
2005.11.03 16:55 B h:\school\courses\Figures&chart\Figure4(2)\figure34.jpg --> apdriving.com /httpdocs/course/courses/Figures&chart/Figure4(2) figure34.jpg
2005.11.03 16:55 B h:\school\courses\Figures&chart\Figure4(2)\figure35.jpg --> apdriving.com /httpdocs/course/courses/Figures&chart/Figure4(2) figure35.jpg
2005.11.03 16:55 B h:\school\courses\Figures&chart\Figure4(2)\figure36.gif --> apdriving.com /httpdocs/course/courses/Figures&chart/Figure4(2) figure36.gif
2005.11.03 16:55 B h:\school\courses\Figures&chart\Figure4(2)\figure37.jpg --> apdriving.com /httpdocs/course/courses/Figures&chart/Figure4(2) figure37.jpg
2005.11.03 16:55 B h:\school\courses\Figures&chart\Figure4(2)\figure38.gif --> apdriving.com /httpdocs/course/courses/Figures&chart/Figure4(2) figure38.gif
2005.11.03 16:55 B h:\school\courses\Figures&chart\Figure4(2)\figure39.gif --> apdriving.com /httpdocs/course/courses/Figures&chart/Figure4(2) figure39.gif
2005.11.03 16:55 B h:\school\courses\Figures&chart\Figure4(2)\figure4.jpg --> apdriving.com /httpdocs/course/courses/Figures&chart/Figure4(2) figure4.jpg
2005.11.03 16:55 B h:\school\courses\Figures&chart\Figure4(2)\figure40.jpg --> apdriving.com /httpdocs/course/courses/Figures&chart/Figure4(2) figure40.jpg
2005.11.03 16:55 B h:\school\courses\Figures&chart\Figure4(2)\figure41.jpg --> apdriving.com /httpdocs/course/courses/Figures&chart/Figure4(2) figure41.jpg
2005.11.03 16:55 B h:\school\courses\Figures&chart\Figure4(2)\figure41.php --> apdriving.com /httpdocs/course/courses/Figures&chart/Figure4(2) figure41.php
2005.11.03 16:55 B h:\school\courses\Figures&chart\Figure4(2)\figure42.gif --> apdriving.com /httpdocs/course/courses/Figures&chart/Figure4(2) figure42.gif
2005.11.03 16:55 B h:\school\courses\Figures&chart\Figure4(2)\figure42.inc.php --> apdriving.com /httpdocs/course/courses/Figures&chart/Figure4(2) figure42.inc.php
2005.11.03 16:55 B h:\school\courses\Figures&chart\Figure4(2)\figure42.php --> apdriving.com /httpdocs/course/courses/Figures&chart/Figure4(2) figure42.php
2005.11.03 16:55 B h:\school\courses\Figures&chart\Figure4(2)\figure5.jpg --> apdriving.com /httpdocs/course/courses/Figures&chart/Figure4(2) figure5.jpg
2005.11.03 16:55 B h:\school\courses\Figures&chart\Figure4(2)\figure6.jpg --> apdriving.com /httpdocs/course/courses/Figures&chart/Figure4(2) figure6.jpg
2005.11.03 16:55 B h:\school\courses\Figures&chart\Figure4(2)\figure7.jpg --> apdriving.com /httpdocs/course/courses/Figures&chart/Figure4(2) figure7.jpg
2005.11.03 16:55 B h:\school\courses\Figures&chart\Figure4(2)\figure8.jpg --> apdriving.com /httpdocs/course/courses/Figures&chart/Figure4(2) figure8.jpg
2005.11.03 16:55 B h:\school\courses\Figures&chart\Figure4(2)\figure9.jpg --> apdriving.com /httpdocs/course/courses/Figures&chart/Figure4(2) figure9.jpg
2005.11.03 16:55 B h:\school\courses\Figures&chart\Figure4(2)\Thumbs.db --> apdriving.com /httpdocs/course/courses/Figures&chart/Figure4(2) Thumbs.db
2005.11.03 16:55 B h:\school\courses\Figures&chart\Figure4(2)\WS_FTP.LOG --> apdriving.com /httpdocs/course/courses/Figures&chart/Figure4(2) WS_FTP.LOG
2005.11.03 17:19 B h:\school\courses\Figures&chart\Figure4(2)\figure 4.2.htm --> apdriving.com /httpdocs/course/courses/Figures&chart/Figure4(2) figure 4.2.htm
2005.11.03 17:19 B h:\school\courses\Figures&chart\Figure4(2)\figure1.jpg --> apdriving.com /httpdocs/course/courses/Figures&chart/Figure4(2) figure1.jpg
2005.11.03 17:19 B h:\school\courses\Figures&chart\Figure4(2)\figure10.jpg --> apdriving.com /httpdocs/course/courses/Figures&chart/Figure4(2) figure10.jpg
2005.11.03 17:19 B h:\school\courses\Figures&chart\Figure4(2)\figure11.jpg --> apdriving.com /httpdocs/course/courses/Figures&chart/Figure4(2) figure11.jpg
2005.11.03 17:19 B h:\school\courses\Figures&chart\Figure4(2)\figure12.jpg --> apdriving.com /httpdocs/course/courses/Figures&chart/Figure4(2) figure12.jpg
2005.11.03 17:19 B h:\school\courses\Figures&chart\Figure4(2)\figure13.jpg --> apdriving.com /httpdocs/course/courses/Figures&chart/Figure4(2) figure13.jpg
2005.11.03 17:19 B h:\school\courses\Figures&chart\Figure4(2)\figure14.jpg --> apdriving.com /httpdocs/course/courses/Figures&chart/Figure4(2) figure14.jpg
2005.11.03 17:19 B h:\school\courses\Figures&chart\Figure4(2)\figure15.jpg --> apdriving.com /httpdocs/course/courses/Figures&chart/Figure4(2) figure15.jpg
2005.11.03 17:19 B h:\school\courses\Figures&chart\Figure4(2)\figure16.jpg --> apdriving.com /httpdocs/course/courses/Figures&chart/Figure4(2) figure16.jpg
2005.11.03 17:19 B h:\school\courses\Figures&chart\Figure4(2)\figure17.jpg --> apdriving.com /httpdocs/course/courses/Figures&chart/Figure4(2) figure17.jpg
2005.11.03 17:19 B h:\school\courses\Figures&chart\Figure4(2)\figure18.jpg --> apdriving.com /httpdocs/course/courses/Figures&chart/Figure4(2) figure18.jpg
2005.11.03 17:19 B h:\school\courses\Figures&chart\Figure4(2)\figure19.jpg --> apdriving.com /httpdocs/course/courses/Figures&chart/Figure4(2) figure19.jpg
2005.11.03 17:19 B h:\school\courses\Figures&chart\Figure4(2)\figure2.jpg --> apdriving.com /httpdocs/course/courses/Figures&chart/Figure4(2) figure2.jpg
2005.11.03 17:19 B h:\school\courses\Figures&chart\Figure4(2)\figure20.jpg --> apdriving.com /httpdocs/course/courses/Figures&chart/Figure4(2) figure20.jpg
2005.11.03 17:19 B h:\school\courses\Figures&chart\Figure4(2)\figure21.jpg --> apdriving.com /httpdocs/course/courses/Figures&chart/Figure4(2) figure21.jpg
2005.11.03 17:19 B h:\school\courses\Figures&chart\Figure4(2)\figure22.jpg --> apdriving.com /httpdocs/course/courses/Figures&chart/Figure4(2) figure22.jpg
2005.11.03 17:19 B h:\school\courses\Figures&chart\Figure4(2)\figure23.jpg --> apdriving.com /httpdocs/course/courses/Figures&chart/Figure4(2) figure23.jpg
2005.11.03 17:19 B h:\school\courses\Figures&chart\Figure4(2)\figure24.jpg --> apdriving.com /httpdocs/course/courses/Figures&chart/Figure4(2) figure24.jpg
2005.11.03 17:19 B h:\school\courses\Figures&chart\Figure4(2)\figure25.jpg --> apdriving.com /httpdocs/course/courses/Figures&chart/Figure4(2) figure25.jpg
2005.11.03 17:19 B h:\school\courses\Figures&chart\Figure4(2)\figure26.jpg --> apdriving.com /httpdocs/course/courses/Figures&chart/Figure4(2) figure26.jpg
2005.11.03 17:19 B h:\school\courses\Figures&chart\Figure4(2)\figure27.jpg --> apdriving.com /httpdocs/course/courses/Figures&chart/Figure4(2) figure27.jpg
2005.11.03 17:19 B h:\school\courses\Figures&chart\Figure4(2)\figure28.jpg --> apdriving.com /httpdocs/course/courses/Figures&chart/Figure4(2) figure28.jpg
2005.11.03 17:19 B h:\school\courses\Figures&chart\Figure4(2)\figure29.jpg --> apdriving.com /httpdocs/course/courses/Figures&chart/Figure4(2) figure29.jpg
2005.11.03 17:19 B h:\school\courses\Figures&chart\Figure4(2)\figure3.jpg --> apdriving.com /httpdocs/course/courses/Figures&chart/Figure4(2) figure3.jpg
2005.11.03 17:19 B h:\school\courses\Figures&chart\Figure4(2)\figure30.jpg --> apdriving.com /httpdocs/course/courses/Figures&chart/Figure4(2) figure30.jpg
2005.11.03 17:19 B h:\school\courses\Figures&chart\Figure4(2)\figure31.jpg --> apdriving.com /httpdocs/course/courses/Figures&chart/Figure4(2) figure31.jpg
2005.11.03 17:19 B h:\school\courses\Figures&chart\Figure4(2)\figure32.jpg --> apdriving.com /httpdocs/course/courses/Figures&chart/Figure4(2) figure32.jpg
2005.11.03 17:19 B h:\school\courses\Figures&chart\Figure4(2)\figure33.jpg --> apdriving.com /httpdocs/course/courses/Figures&chart/Figure4(2) figure33.jpg
2005.11.03 17:19 B h:\school\courses\Figures&chart\Figure4(2)\figure34.jpg --> apdriving.com /httpdocs/course/courses/Figures&chart/Figure4(2) figure34.jpg
2005.11.03 17:19 B h:\school\courses\Figures&chart\Figure4(2)\figure35.jpg --> apdriving.com /httpdocs/course/courses/Figures&chart/Figure4(2) figure35.jpg
2005.11.03 17:19 B h:\school\courses\Figures&chart\Figure4(2)\figure36.gif --> apdriving.com /httpdocs/course/courses/Figures&chart/Figure4(2) figure36.gif
2005.11.03 17:19 B h:\school\courses\Figures&chart\Figure4(2)\figure37.jpg --> apdriving.com /httpdocs/course/courses/Figures&chart/Figure4(2) figure37.jpg
2005.11.03 17:19 B h:\school\courses\Figures&chart\Figure4(2)\figure38.gif --> apdriving.com /httpdocs/course/courses/Figures&chart/Figure4(2) figure38.gif
2005.11.03 17:19 B h:\school\courses\Figures&chart\Figure4(2)\figure39.gif --> apdriving.com /httpdocs/course/courses/Figures&chart/Figure4(2) figure39.gif
2005.11.03 17:19 B h:\school\courses\Figures&chart\Figure4(2)\figure4.jpg --> apdriving.com /httpdocs/course/courses/Figures&chart/Figure4(2) figure4.jpg
2005.11.03 17:19 B h:\school\courses\Figures&chart\Figure4(2)\figure40.jpg --> apdriving.com /httpdocs/course/courses/Figures&chart/Figure4(2) figure40.jpg
2005.11.03 17:19 B h:\school\courses\Figures&chart\Figure4(2)\figure41.jpg --> apdriving.com /httpdocs/course/courses/Figures&chart/Figure4(2) figure41.jpg
2005.11.03 17:19 B h:\school\courses\Figures&chart\Figure4(2)\figure41.php --> apdriving.com /httpdocs/course/courses/Figures&chart/Figure4(2) figure41.php
2005.11.03 17:19 B h:\school\courses\Figures&chart\Figure4(2)\figure42.gif --> apdriving.com /httpdocs/course/courses/Figures&chart/Figure4(2) figure42.gif
2005.11.03 17:19 B h:\school\courses\Figures&chart\Figure4(2)\figure42.inc.php --> apdriving.com /httpdocs/course/courses/Figures&chart/Figure4(2) figure42.inc.php
2005.11.03 17:19 B h:\school\courses\Figures&chart\Figure4(2)\figure42.php --> apdriving.com /httpdocs/course/courses/Figures&chart/Figure4(2) figure42.php
2005.11.03 17:19 B h:\school\courses\Figures&chart\Figure4(2)\figure5.jpg --> apdriving.com /httpdocs/course/courses/Figures&chart/Figure4(2) figure5.jpg
2005.11.03 17:19 B h:\school\courses\Figures&chart\Figure4(2)\figure6.jpg --> apdriving.com /httpdocs/course/courses/Figures&chart/Figure4(2) figure6.jpg
2005.11.03 17:19 B h:\school\courses\Figures&chart\Figure4(2)\figure7.jpg --> apdriving.com /httpdocs/course/courses/Figures&chart/Figure4(2) figure7.jpg
2005.11.03 17:19 B h:\school\courses\Figures&chart\Figure4(2)\figure8.jpg --> apdriving.com /httpdocs/course/courses/Figures&chart/Figure4(2) figure8.jpg
2005.11.03 17:19 B h:\school\courses\Figures&chart\Figure4(2)\figure9.jpg --> apdriving.com /httpdocs/course/courses/Figures&chart/Figure4(2) figure9.jpg
2005.11.03 17:19 B h:\school\courses\Figures&chart\Figure4(2)\Thumbs.db --> apdriving.com /httpdocs/course/courses/Figures&chart/Figure4(2) Thumbs.db
2005.11.03 17:19 B h:\school\courses\Figures&chart\Figure4(2)\WS_FTP.LOG --> apdriving.com /httpdocs/course/courses/Figures&chart/Figure4(2) WS_FTP.LOG
