2005.11.02 15:28 B H:\school\courses\Figures&chart\Figure4(5)\figure17.jpg <-- Somastream /www/www/sushma/courses/Figures&chart/Figure4(5) figure17.jpg
2005.11.02 15:28 B H:\school\courses\Figures&chart\Figure4(5)\figure18.jpg <-- Somastream /www/www/sushma/courses/Figures&chart/Figure4(5) figure18.jpg
2005.11.02 15:28 B H:\school\courses\Figures&chart\Figure4(5)\figure19.jpg <-- Somastream /www/www/sushma/courses/Figures&chart/Figure4(5) figure19.jpg
2005.11.02 15:28 B H:\school\courses\Figures&chart\Figure4(5)\figure20.jpg <-- Somastream /www/www/sushma/courses/Figures&chart/Figure4(5) figure20.jpg
2005.11.02 15:28 B H:\school\courses\Figures&chart\Figure4(5)\figure21.jpg <-- Somastream /www/www/sushma/courses/Figures&chart/Figure4(5) figure21.jpg
2005.11.02 15:28 B H:\school\courses\Figures&chart\Figure4(5)\figure22.jpg <-- Somastream /www/www/sushma/courses/Figures&chart/Figure4(5) figure22.jpg
2005.11.02 15:28 B H:\school\courses\Figures&chart\Figure4(5)\figure23.jpg <-- Somastream /www/www/sushma/courses/Figures&chart/Figure4(5) figure23.jpg
2005.11.02 15:28 B H:\school\courses\Figures&chart\Figure4(5)\figure24.jpg <-- Somastream /www/www/sushma/courses/Figures&chart/Figure4(5) figure24.jpg
2005.11.02 15:28 B H:\school\courses\Figures&chart\Figure4(5)\figure25.jpg <-- Somastream /www/www/sushma/courses/Figures&chart/Figure4(5) figure25.jpg
2005.11.02 15:28 B H:\school\courses\Figures&chart\Figure4(5)\figure26.jpg <-- Somastream /www/www/sushma/courses/Figures&chart/Figure4(5) figure26.jpg
2005.11.02 15:28 B H:\school\courses\Figures&chart\Figure4(5)\figure27.jpg <-- Somastream /www/www/sushma/courses/Figures&chart/Figure4(5) figure27.jpg
2005.11.02 15:28 B H:\school\courses\Figures&chart\Figure4(5)\figure28.jpg <-- Somastream /www/www/sushma/courses/Figures&chart/Figure4(5) figure28.jpg
2005.11.02 15:28 B H:\school\courses\Figures&chart\Figure4(5)\figure29.jpg <-- Somastream /www/www/sushma/courses/Figures&chart/Figure4(5) figure29.jpg
2005.11.02 15:28 B H:\school\courses\Figures&chart\Figure4(5)\figure30.jpg <-- Somastream /www/www/sushma/courses/Figures&chart/Figure4(5) figure30.jpg
2005.11.02 15:28 B H:\school\courses\Figures&chart\Figure4(5)\figure31.jpg <-- Somastream /www/www/sushma/courses/Figures&chart/Figure4(5) figure31.jpg
2005.11.02 15:28 B H:\school\courses\Figures&chart\Figure4(5)\figure32.jpg <-- Somastream /www/www/sushma/courses/Figures&chart/Figure4(5) figure32.jpg
2005.11.02 15:28 B H:\school\courses\Figures&chart\Figure4(5)\figure33.jpg <-- Somastream /www/www/sushma/courses/Figures&chart/Figure4(5) figure33.jpg
2005.11.02 15:28 B H:\school\courses\Figures&chart\Figure4(5)\figure34.jpg <-- Somastream /www/www/sushma/courses/Figures&chart/Figure4(5) figure34.jpg
2005.11.02 15:28 B H:\school\courses\Figures&chart\Figure4(5)\figure35.jpg <-- Somastream /www/www/sushma/courses/Figures&chart/Figure4(5) figure35.jpg
2005.11.02 15:28 B H:\school\courses\Figures&chart\Figure4(5)\figure36.jpg <-- Somastream /www/www/sushma/courses/Figures&chart/Figure4(5) figure36.jpg
2005.11.02 15:28 B H:\school\courses\Figures&chart\Figure4(5)\figure37.jpg <-- Somastream /www/www/sushma/courses/Figures&chart/Figure4(5) figure37.jpg
2005.11.02 15:28 B H:\school\courses\Figures&chart\Figure4(5)\figure38.jpg <-- Somastream /www/www/sushma/courses/Figures&chart/Figure4(5) figure38.jpg
2005.11.02 15:28 B H:\school\courses\Figures&chart\Figure4(5)\figure39.jpg <-- Somastream /www/www/sushma/courses/Figures&chart/Figure4(5) figure39.jpg
2005.11.02 15:28 B H:\school\courses\Figures&chart\Figure4(5)\figure40.jpg <-- Somastream /www/www/sushma/courses/Figures&chart/Figure4(5) figure40.jpg
2005.11.02 15:28 B H:\school\courses\Figures&chart\Figure4(5)\figure41.jpg <-- Somastream /www/www/sushma/courses/Figures&chart/Figure4(5) figure41.jpg
2005.11.02 15:28 B H:\school\courses\Figures&chart\Figure4(5)\figure42.jpg <-- Somastream /www/www/sushma/courses/Figures&chart/Figure4(5) figure42.jpg
2005.11.02 15:28 B H:\school\courses\Figures&chart\Figure4(5)\figure43.jpg <-- Somastream /www/www/sushma/courses/Figures&chart/Figure4(5) figure43.jpg
2005.11.02 15:28 B H:\school\courses\Figures&chart\Figure4(5)\figure44.jpg <-- Somastream /www/www/sushma/courses/Figures&chart/Figure4(5) figure44.jpg
2005.11.02 15:29 B H:\school\courses\Figures&chart\Figure4(5)\figure45.inc.php <-- Somastream /www/www/sushma/courses/Figures&chart/Figure4(5) figure45.inc.php
2005.11.02 15:29 B H:\school\courses\Figures&chart\Figure4(5)\figure45.jpg <-- Somastream /www/www/sushma/courses/Figures&chart/Figure4(5) figure45.jpg
2005.11.02 15:29 B H:\school\courses\Figures&chart\Figure4(5)\figure45.php <-- Somastream /www/www/sushma/courses/Figures&chart/Figure4(5) figure45.php
2005.11.02 15:29 B H:\school\courses\Figures&chart\Figure4(5)\figure46.jpg <-- Somastream /www/www/sushma/courses/Figures&chart/Figure4(5) figure46.jpg
2005.11.02 15:29 B H:\school\courses\Figures&chart\Figure4(5)\figure47.jpg <-- Somastream /www/www/sushma/courses/Figures&chart/Figure4(5) figure47.jpg
2005.11.02 15:29 B H:\school\courses\Figures&chart\Figure4(5)\figure48.jpg <-- Somastream /www/www/sushma/courses/Figures&chart/Figure4(5) figure48.jpg
2005.11.02 15:29 B H:\school\courses\Figures&chart\Figure4(5)\figure49.jpg <-- Somastream /www/www/sushma/courses/Figures&chart/Figure4(5) figure49.jpg
2005.11.02 15:29 B H:\school\courses\Figures&chart\Figure4(5)\figure50.jpg <-- Somastream /www/www/sushma/courses/Figures&chart/Figure4(5) figure50.jpg
2005.11.02 15:29 B H:\school\courses\Figures&chart\Figure4(5)\figure51.jpg <-- Somastream /www/www/sushma/courses/Figures&chart/Figure4(5) figure51.jpg
2005.11.02 15:29 B H:\school\courses\Figures&chart\Figure4(5)\figure52.jpg <-- Somastream /www/www/sushma/courses/Figures&chart/Figure4(5) figure52.jpg
2005.11.02 15:29 B H:\school\courses\Figures&chart\Figure4(5)\figure53.jpg <-- Somastream /www/www/sushma/courses/Figures&chart/Figure4(5) figure53.jpg
2005.11.02 15:29 B H:\school\courses\Figures&chart\Figure4(5)\figure54.jpg <-- Somastream /www/www/sushma/courses/Figures&chart/Figure4(5) figure54.jpg
2005.11.02 15:29 B H:\school\courses\Figures&chart\Figure4(5)\figure55.jpg <-- Somastream /www/www/sushma/courses/Figures&chart/Figure4(5) figure55.jpg
2005.11.02 15:29 B H:\school\courses\Figures&chart\Figure4(5)\figure56.jpg <-- Somastream /www/www/sushma/courses/Figures&chart/Figure4(5) figure56.jpg
2005.11.02 15:29 B H:\school\courses\Figures&chart\Figure4(5)\figure57.jpg <-- Somastream /www/www/sushma/courses/Figures&chart/Figure4(5) figure57.jpg
2005.11.02 15:29 B H:\school\courses\Figures&chart\Figure4(5)\figure58.jpg <-- Somastream /www/www/sushma/courses/Figures&chart/Figure4(5) figure58.jpg
2005.11.02 15:29 B H:\school\courses\Figures&chart\Figure4(5)\figure59.jpg <-- Somastream /www/www/sushma/courses/Figures&chart/Figure4(5) figure59.jpg
2005.11.02 15:29 B H:\school\courses\Figures&chart\Figure4(5)\figure60.jpg <-- Somastream /www/www/sushma/courses/Figures&chart/Figure4(5) figure60.jpg
2005.11.02 15:29 B H:\school\courses\Figures&chart\Figure4(5)\figure61.jpg <-- Somastream /www/www/sushma/courses/Figures&chart/Figure4(5) figure61.jpg
2005.11.02 15:29 B H:\school\courses\Figures&chart\Figure4(5)\figure62.jpg <-- Somastream /www/www/sushma/courses/Figures&chart/Figure4(5) figure62.jpg
2005.11.02 15:29 B H:\school\courses\Figures&chart\Figure4(5)\figure63.jpg <-- Somastream /www/www/sushma/courses/Figures&chart/Figure4(5) figure63.jpg
2005.11.02 15:29 B H:\school\courses\Figures&chart\Figure4(5)\figure64.jpg <-- Somastream /www/www/sushma/courses/Figures&chart/Figure4(5) figure64.jpg
2005.11.02 15:29 B H:\school\courses\Figures&chart\Figure4(5)\figure65.jpg <-- Somastream /www/www/sushma/courses/Figures&chart/Figure4(5) figure65.jpg
2005.11.02 15:29 B H:\school\courses\Figures&chart\Figure4(5)\figure66.jpg <-- Somastream /www/www/sushma/courses/Figures&chart/Figure4(5) figure66.jpg
2005.11.02 15:29 B H:\school\courses\Figures&chart\Figure4(5)\figure67.jpg <-- Somastream /www/www/sushma/courses/Figures&chart/Figure4(5) figure67.jpg
2005.11.02 15:29 B H:\school\courses\Figures&chart\Figure4(5)\figure68.jpg <-- Somastream /www/www/sushma/courses/Figures&chart/Figure4(5) figure68.jpg
2005.11.02 15:29 B H:\school\courses\Figures&chart\Figure4(5)\figure69.jpg <-- Somastream /www/www/sushma/courses/Figures&chart/Figure4(5) figure69.jpg
2005.11.02 15:29 B H:\school\courses\Figures&chart\Figure4(5)\figure70.jpg <-- Somastream /www/www/sushma/courses/Figures&chart/Figure4(5) figure70.jpg
2005.11.02 15:29 B H:\school\courses\Figures&chart\Figure4(5)\figure71.jpg <-- Somastream /www/www/sushma/courses/Figures&chart/Figure4(5) figure71.jpg
2005.11.02 15:29 B H:\school\courses\Figures&chart\Figure4(5)\figure72.jpg <-- Somastream /www/www/sushma/courses/Figures&chart/Figure4(5) figure72.jpg
2005.11.02 15:30 B H:\school\courses\Figures&chart\Figure4(5)\figure73.jpg <-- Somastream /www/www/sushma/courses/Figures&chart/Figure4(5) figure73.jpg
2005.11.02 15:30 B H:\school\courses\Figures&chart\Figure4(5)\figure74.jpg <-- Somastream /www/www/sushma/courses/Figures&chart/Figure4(5) figure74.jpg
2005.11.02 15:30 B H:\school\courses\Figures&chart\Figure4(5)\figure75.jpg <-- Somastream /www/www/sushma/courses/Figures&chart/Figure4(5) figure75.jpg
2005.11.02 15:30 B H:\school\courses\Figures&chart\Figure4(5)\figure76.jpg <-- Somastream /www/www/sushma/courses/Figures&chart/Figure4(5) figure76.jpg
2005.11.02 15:30 B H:\school\courses\Figures&chart\Figure4(5)\figure77.jpg <-- Somastream /www/www/sushma/courses/Figures&chart/Figure4(5) figure77.jpg
2005.11.02 15:30 B H:\school\courses\Figures&chart\Figure4(5)\figure78.jpg <-- Somastream /www/www/sushma/courses/Figures&chart/Figure4(5) figure78.jpg
2005.11.02 15:30 B H:\school\courses\Figures&chart\Figure4(5)\figure79.gif <-- Somastream /www/www/sushma/courses/Figures&chart/Figure4(5) figure79.gif
2005.11.02 15:30 B H:\school\courses\Figures&chart\Figure4(5)\figure80.jpg <-- Somastream /www/www/sushma/courses/Figures&chart/Figure4(5) figure80.jpg
2005.11.02 15:30 B H:\school\courses\Figures&chart\Figure4(5)\figure81.jpg <-- Somastream /www/www/sushma/courses/Figures&chart/Figure4(5) figure81.jpg
2005.11.02 15:32 B H:\school\courses\Figures&chart\Figure4(5)\Thumbs.db <-- Somastream /www/www/sushma/courses/Figures&chart/Figure4(5) Thumbs.db
2005.11.03 16:56 B h:\school\courses\Figures&chart\Figure4(5)\figure17.jpg --> apdriving.com /httpdocs/course/courses/Figures&chart/Figure4(5) figure17.jpg
2005.11.03 16:56 B h:\school\courses\Figures&chart\Figure4(5)\figure18.jpg --> apdriving.com /httpdocs/course/courses/Figures&chart/Figure4(5) figure18.jpg
2005.11.03 16:56 B h:\school\courses\Figures&chart\Figure4(5)\figure19.jpg --> apdriving.com /httpdocs/course/courses/Figures&chart/Figure4(5) figure19.jpg
2005.11.03 16:56 B h:\school\courses\Figures&chart\Figure4(5)\figure20.jpg --> apdriving.com /httpdocs/course/courses/Figures&chart/Figure4(5) figure20.jpg
2005.11.03 16:56 B h:\school\courses\Figures&chart\Figure4(5)\figure21.jpg --> apdriving.com /httpdocs/course/courses/Figures&chart/Figure4(5) figure21.jpg
2005.11.03 16:56 B h:\school\courses\Figures&chart\Figure4(5)\figure22.jpg --> apdriving.com /httpdocs/course/courses/Figures&chart/Figure4(5) figure22.jpg
2005.11.03 16:56 B h:\school\courses\Figures&chart\Figure4(5)\figure23.jpg --> apdriving.com /httpdocs/course/courses/Figures&chart/Figure4(5) figure23.jpg
2005.11.03 16:56 B h:\school\courses\Figures&chart\Figure4(5)\figure24.jpg --> apdriving.com /httpdocs/course/courses/Figures&chart/Figure4(5) figure24.jpg
2005.11.03 16:56 B h:\school\courses\Figures&chart\Figure4(5)\figure25.jpg --> apdriving.com /httpdocs/course/courses/Figures&chart/Figure4(5) figure25.jpg
2005.11.03 16:56 B h:\school\courses\Figures&chart\Figure4(5)\figure26.jpg --> apdriving.com /httpdocs/course/courses/Figures&chart/Figure4(5) figure26.jpg
2005.11.03 16:56 B h:\school\courses\Figures&chart\Figure4(5)\figure27.jpg --> apdriving.com /httpdocs/course/courses/Figures&chart/Figure4(5) figure27.jpg
2005.11.03 16:56 B h:\school\courses\Figures&chart\Figure4(5)\figure28.jpg --> apdriving.com /httpdocs/course/courses/Figures&chart/Figure4(5) figure28.jpg
2005.11.03 16:56 B h:\school\courses\Figures&chart\Figure4(5)\figure29.jpg --> apdriving.com /httpdocs/course/courses/Figures&chart/Figure4(5) figure29.jpg
2005.11.03 16:56 B h:\school\courses\Figures&chart\Figure4(5)\figure30.jpg --> apdriving.com /httpdocs/course/courses/Figures&chart/Figure4(5) figure30.jpg
2005.11.03 16:56 B h:\school\courses\Figures&chart\Figure4(5)\figure31.jpg --> apdriving.com /httpdocs/course/courses/Figures&chart/Figure4(5) figure31.jpg
2005.11.03 16:56 B h:\school\courses\Figures&chart\Figure4(5)\figure32.jpg --> apdriving.com /httpdocs/course/courses/Figures&chart/Figure4(5) figure32.jpg
2005.11.03 16:56 B h:\school\courses\Figures&chart\Figure4(5)\figure33.jpg --> apdriving.com /httpdocs/course/courses/Figures&chart/Figure4(5) figure33.jpg
2005.11.03 16:56 B h:\school\courses\Figures&chart\Figure4(5)\figure34.jpg --> apdriving.com /httpdocs/course/courses/Figures&chart/Figure4(5) figure34.jpg
2005.11.03 16:56 B h:\school\courses\Figures&chart\Figure4(5)\figure35.jpg --> apdriving.com /httpdocs/course/courses/Figures&chart/Figure4(5) figure35.jpg
2005.11.03 16:56 B h:\school\courses\Figures&chart\Figure4(5)\figure36.jpg --> apdriving.com /httpdocs/course/courses/Figures&chart/Figure4(5) figure36.jpg
2005.11.03 16:56 B h:\school\courses\Figures&chart\Figure4(5)\figure37.jpg --> apdriving.com /httpdocs/course/courses/Figures&chart/Figure4(5) figure37.jpg
2005.11.03 16:56 B h:\school\courses\Figures&chart\Figure4(5)\figure38.jpg --> apdriving.com /httpdocs/course/courses/Figures&chart/Figure4(5) figure38.jpg
2005.11.03 16:56 B h:\school\courses\Figures&chart\Figure4(5)\figure39.jpg --> apdriving.com /httpdocs/course/courses/Figures&chart/Figure4(5) figure39.jpg
2005.11.03 16:56 B h:\school\courses\Figures&chart\Figure4(5)\figure40.jpg --> apdriving.com /httpdocs/course/courses/Figures&chart/Figure4(5) figure40.jpg
2005.11.03 16:56 B h:\school\courses\Figures&chart\Figure4(5)\figure41.jpg --> apdriving.com /httpdocs/course/courses/Figures&chart/Figure4(5) figure41.jpg
2005.11.03 16:56 B h:\school\courses\Figures&chart\Figure4(5)\figure42.jpg --> apdriving.com /httpdocs/course/courses/Figures&chart/Figure4(5) figure42.jpg
2005.11.03 16:56 B h:\school\courses\Figures&chart\Figure4(5)\figure43.jpg --> apdriving.com /httpdocs/course/courses/Figures&chart/Figure4(5) figure43.jpg
2005.11.03 16:56 B h:\school\courses\Figures&chart\Figure4(5)\figure44.jpg --> apdriving.com /httpdocs/course/courses/Figures&chart/Figure4(5) figure44.jpg
2005.11.03 16:56 B h:\school\courses\Figures&chart\Figure4(5)\figure45.inc.php --> apdriving.com /httpdocs/course/courses/Figures&chart/Figure4(5) figure45.inc.php
2005.11.03 16:56 B h:\school\courses\Figures&chart\Figure4(5)\figure45.jpg --> apdriving.com /httpdocs/course/courses/Figures&chart/Figure4(5) figure45.jpg
2005.11.03 16:56 B h:\school\courses\Figures&chart\Figure4(5)\figure45.php --> apdriving.com /httpdocs/course/courses/Figures&chart/Figure4(5) figure45.php
2005.11.03 16:56 B h:\school\courses\Figures&chart\Figure4(5)\figure46.jpg --> apdriving.com /httpdocs/course/courses/Figures&chart/Figure4(5) figure46.jpg
2005.11.03 16:56 B h:\school\courses\Figures&chart\Figure4(5)\figure47.jpg --> apdriving.com /httpdocs/course/courses/Figures&chart/Figure4(5) figure47.jpg
2005.11.03 16:56 B h:\school\courses\Figures&chart\Figure4(5)\figure48.jpg --> apdriving.com /httpdocs/course/courses/Figures&chart/Figure4(5) figure48.jpg
2005.11.03 16:56 B h:\school\courses\Figures&chart\Figure4(5)\figure49.jpg --> apdriving.com /httpdocs/course/courses/Figures&chart/Figure4(5) figure49.jpg
2005.11.03 16:56 B h:\school\courses\Figures&chart\Figure4(5)\figure50.jpg --> apdriving.com /httpdocs/course/courses/Figures&chart/Figure4(5) figure50.jpg
2005.11.03 16:56 B h:\school\courses\Figures&chart\Figure4(5)\figure51.jpg --> apdriving.com /httpdocs/course/courses/Figures&chart/Figure4(5) figure51.jpg
2005.11.03 16:56 B h:\school\courses\Figures&chart\Figure4(5)\figure52.jpg --> apdriving.com /httpdocs/course/courses/Figures&chart/Figure4(5) figure52.jpg
2005.11.03 16:56 B h:\school\courses\Figures&chart\Figure4(5)\figure53.jpg --> apdriving.com /httpdocs/course/courses/Figures&chart/Figure4(5) figure53.jpg
2005.11.03 16:56 B h:\school\courses\Figures&chart\Figure4(5)\figure54.jpg --> apdriving.com /httpdocs/course/courses/Figures&chart/Figure4(5) figure54.jpg
2005.11.03 16:56 B h:\school\courses\Figures&chart\Figure4(5)\figure55.jpg --> apdriving.com /httpdocs/course/courses/Figures&chart/Figure4(5) figure55.jpg
2005.11.03 16:56 B h:\school\courses\Figures&chart\Figure4(5)\figure56.jpg --> apdriving.com /httpdocs/course/courses/Figures&chart/Figure4(5) figure56.jpg
2005.11.03 16:56 B h:\school\courses\Figures&chart\Figure4(5)\figure57.jpg --> apdriving.com /httpdocs/course/courses/Figures&chart/Figure4(5) figure57.jpg
2005.11.03 16:56 B h:\school\courses\Figures&chart\Figure4(5)\figure58.jpg --> apdriving.com /httpdocs/course/courses/Figures&chart/Figure4(5) figure58.jpg
2005.11.03 16:56 B h:\school\courses\Figures&chart\Figure4(5)\figure59.jpg --> apdriving.com /httpdocs/course/courses/Figures&chart/Figure4(5) figure59.jpg
2005.11.03 16:56 B h:\school\courses\Figures&chart\Figure4(5)\figure60.jpg --> apdriving.com /httpdocs/course/courses/Figures&chart/Figure4(5) figure60.jpg
2005.11.03 16:56 B h:\school\courses\Figures&chart\Figure4(5)\figure61.jpg --> apdriving.com /httpdocs/course/courses/Figures&chart/Figure4(5) figure61.jpg
2005.11.03 16:56 B h:\school\courses\Figures&chart\Figure4(5)\figure62.jpg --> apdriving.com /httpdocs/course/courses/Figures&chart/Figure4(5) figure62.jpg
2005.11.03 16:56 B h:\school\courses\Figures&chart\Figure4(5)\figure63.jpg --> apdriving.com /httpdocs/course/courses/Figures&chart/Figure4(5) figure63.jpg
2005.11.03 16:56 B h:\school\courses\Figures&chart\Figure4(5)\figure64.jpg --> apdriving.com /httpdocs/course/courses/Figures&chart/Figure4(5) figure64.jpg
2005.11.03 16:56 B h:\school\courses\Figures&chart\Figure4(5)\figure65.jpg --> apdriving.com /httpdocs/course/courses/Figures&chart/Figure4(5) figure65.jpg
2005.11.03 16:56 B h:\school\courses\Figures&chart\Figure4(5)\figure66.jpg --> apdriving.com /httpdocs/course/courses/Figures&chart/Figure4(5) figure66.jpg
2005.11.03 16:56 B h:\school\courses\Figures&chart\Figure4(5)\figure67.jpg --> apdriving.com /httpdocs/course/courses/Figures&chart/Figure4(5) figure67.jpg
2005.11.03 16:56 B h:\school\courses\Figures&chart\Figure4(5)\figure68.jpg --> apdriving.com /httpdocs/course/courses/Figures&chart/Figure4(5) figure68.jpg
2005.11.03 16:56 B h:\school\courses\Figures&chart\Figure4(5)\figure69.jpg --> apdriving.com /httpdocs/course/courses/Figures&chart/Figure4(5) figure69.jpg
2005.11.03 16:56 B h:\school\courses\Figures&chart\Figure4(5)\figure70.jpg --> apdriving.com /httpdocs/course/courses/Figures&chart/Figure4(5) figure70.jpg
2005.11.03 16:56 B h:\school\courses\Figures&chart\Figure4(5)\figure71.jpg --> apdriving.com /httpdocs/course/courses/Figures&chart/Figure4(5) figure71.jpg
2005.11.03 16:56 B h:\school\courses\Figures&chart\Figure4(5)\figure72.jpg --> apdriving.com /httpdocs/course/courses/Figures&chart/Figure4(5) figure72.jpg
2005.11.03 16:56 B h:\school\courses\Figures&chart\Figure4(5)\figure73.jpg --> apdriving.com /httpdocs/course/courses/Figures&chart/Figure4(5) figure73.jpg
2005.11.03 16:56 B h:\school\courses\Figures&chart\Figure4(5)\figure74.jpg --> apdriving.com /httpdocs/course/courses/Figures&chart/Figure4(5) figure74.jpg
2005.11.03 16:56 B h:\school\courses\Figures&chart\Figure4(5)\figure75.jpg --> apdriving.com /httpdocs/course/courses/Figures&chart/Figure4(5) figure75.jpg
2005.11.03 16:56 B h:\school\courses\Figures&chart\Figure4(5)\figure76.jpg --> apdriving.com /httpdocs/course/courses/Figures&chart/Figure4(5) figure76.jpg
2005.11.03 16:56 B h:\school\courses\Figures&chart\Figure4(5)\figure77.jpg --> apdriving.com /httpdocs/course/courses/Figures&chart/Figure4(5) figure77.jpg
2005.11.03 16:56 B h:\school\courses\Figures&chart\Figure4(5)\figure78.jpg --> apdriving.com /httpdocs/course/courses/Figures&chart/Figure4(5) figure78.jpg
2005.11.03 16:56 B h:\school\courses\Figures&chart\Figure4(5)\figure79.gif --> apdriving.com /httpdocs/course/courses/Figures&chart/Figure4(5) figure79.gif
2005.11.03 16:56 B h:\school\courses\Figures&chart\Figure4(5)\figure80.jpg --> apdriving.com /httpdocs/course/courses/Figures&chart/Figure4(5) figure80.jpg
2005.11.03 16:56 B h:\school\courses\Figures&chart\Figure4(5)\figure81.jpg --> apdriving.com /httpdocs/course/courses/Figures&chart/Figure4(5) figure81.jpg
2005.11.03 16:56 B h:\school\courses\Figures&chart\Figure4(5)\Thumbs.db --> apdriving.com /httpdocs/course/courses/Figures&chart/Figure4(5) Thumbs.db
2005.11.03 16:56 B h:\school\courses\Figures&chart\Figure4(5)\WS_FTP.LOG --> apdriving.com /httpdocs/course/courses/Figures&chart/Figure4(5) WS_FTP.LOG
2005.11.03 17:20 B h:\school\courses\Figures&chart\Figure4(5)\figure17.jpg --> apdriving.com /httpdocs/course/courses/Figures&chart/Figure4(5) figure17.jpg
2005.11.03 17:20 B h:\school\courses\Figures&chart\Figure4(5)\figure18.jpg --> apdriving.com /httpdocs/course/courses/Figures&chart/Figure4(5) figure18.jpg
2005.11.03 17:20 B h:\school\courses\Figures&chart\Figure4(5)\figure19.jpg --> apdriving.com /httpdocs/course/courses/Figures&chart/Figure4(5) figure19.jpg
2005.11.03 17:20 B h:\school\courses\Figures&chart\Figure4(5)\figure20.jpg --> apdriving.com /httpdocs/course/courses/Figures&chart/Figure4(5) figure20.jpg
2005.11.03 17:20 B h:\school\courses\Figures&chart\Figure4(5)\figure21.jpg --> apdriving.com /httpdocs/course/courses/Figures&chart/Figure4(5) figure21.jpg
2005.11.03 17:20 B h:\school\courses\Figures&chart\Figure4(5)\figure22.jpg --> apdriving.com /httpdocs/course/courses/Figures&chart/Figure4(5) figure22.jpg
2005.11.03 17:20 B h:\school\courses\Figures&chart\Figure4(5)\figure23.jpg --> apdriving.com /httpdocs/course/courses/Figures&chart/Figure4(5) figure23.jpg
2005.11.03 17:20 B h:\school\courses\Figures&chart\Figure4(5)\figure24.jpg --> apdriving.com /httpdocs/course/courses/Figures&chart/Figure4(5) figure24.jpg
2005.11.03 17:20 B h:\school\courses\Figures&chart\Figure4(5)\figure25.jpg --> apdriving.com /httpdocs/course/courses/Figures&chart/Figure4(5) figure25.jpg
2005.11.03 17:20 B h:\school\courses\Figures&chart\Figure4(5)\figure26.jpg --> apdriving.com /httpdocs/course/courses/Figures&chart/Figure4(5) figure26.jpg
2005.11.03 17:20 B h:\school\courses\Figures&chart\Figure4(5)\figure27.jpg --> apdriving.com /httpdocs/course/courses/Figures&chart/Figure4(5) figure27.jpg
2005.11.03 17:20 B h:\school\courses\Figures&chart\Figure4(5)\figure28.jpg --> apdriving.com /httpdocs/course/courses/Figures&chart/Figure4(5) figure28.jpg
2005.11.03 17:20 B h:\school\courses\Figures&chart\Figure4(5)\figure29.jpg --> apdriving.com /httpdocs/course/courses/Figures&chart/Figure4(5) figure29.jpg
2005.11.03 17:20 B h:\school\courses\Figures&chart\Figure4(5)\figure30.jpg --> apdriving.com /httpdocs/course/courses/Figures&chart/Figure4(5) figure30.jpg
2005.11.03 17:20 B h:\school\courses\Figures&chart\Figure4(5)\figure31.jpg --> apdriving.com /httpdocs/course/courses/Figures&chart/Figure4(5) figure31.jpg
2005.11.03 17:20 B h:\school\courses\Figures&chart\Figure4(5)\figure32.jpg --> apdriving.com /httpdocs/course/courses/Figures&chart/Figure4(5) figure32.jpg
2005.11.03 17:20 B h:\school\courses\Figures&chart\Figure4(5)\figure33.jpg --> apdriving.com /httpdocs/course/courses/Figures&chart/Figure4(5) figure33.jpg
2005.11.03 17:20 B h:\school\courses\Figures&chart\Figure4(5)\figure34.jpg --> apdriving.com /httpdocs/course/courses/Figures&chart/Figure4(5) figure34.jpg
2005.11.03 17:20 B h:\school\courses\Figures&chart\Figure4(5)\figure35.jpg --> apdriving.com /httpdocs/course/courses/Figures&chart/Figure4(5) figure35.jpg
2005.11.03 17:20 B h:\school\courses\Figures&chart\Figure4(5)\figure36.jpg --> apdriving.com /httpdocs/course/courses/Figures&chart/Figure4(5) figure36.jpg
2005.11.03 17:20 B h:\school\courses\Figures&chart\Figure4(5)\figure37.jpg --> apdriving.com /httpdocs/course/courses/Figures&chart/Figure4(5) figure37.jpg
2005.11.03 17:20 B h:\school\courses\Figures&chart\Figure4(5)\figure38.jpg --> apdriving.com /httpdocs/course/courses/Figures&chart/Figure4(5) figure38.jpg
2005.11.03 17:20 B h:\school\courses\Figures&chart\Figure4(5)\figure39.jpg --> apdriving.com /httpdocs/course/courses/Figures&chart/Figure4(5) figure39.jpg
2005.11.03 17:20 B h:\school\courses\Figures&chart\Figure4(5)\figure40.jpg --> apdriving.com /httpdocs/course/courses/Figures&chart/Figure4(5) figure40.jpg
2005.11.03 17:20 B h:\school\courses\Figures&chart\Figure4(5)\figure41.jpg --> apdriving.com /httpdocs/course/courses/Figures&chart/Figure4(5) figure41.jpg
2005.11.03 17:20 B h:\school\courses\Figures&chart\Figure4(5)\figure42.jpg --> apdriving.com /httpdocs/course/courses/Figures&chart/Figure4(5) figure42.jpg
2005.11.03 17:20 B h:\school\courses\Figures&chart\Figure4(5)\figure43.jpg --> apdriving.com /httpdocs/course/courses/Figures&chart/Figure4(5) figure43.jpg
2005.11.03 17:20 B h:\school\courses\Figures&chart\Figure4(5)\figure44.jpg --> apdriving.com /httpdocs/course/courses/Figures&chart/Figure4(5) figure44.jpg
2005.11.03 17:20 B h:\school\courses\Figures&chart\Figure4(5)\figure45.inc.php --> apdriving.com /httpdocs/course/courses/Figures&chart/Figure4(5) figure45.inc.php
2005.11.03 17:20 B h:\school\courses\Figures&chart\Figure4(5)\figure45.jpg --> apdriving.com /httpdocs/course/courses/Figures&chart/Figure4(5) figure45.jpg
2005.11.03 17:20 B h:\school\courses\Figures&chart\Figure4(5)\figure45.php --> apdriving.com /httpdocs/course/courses/Figures&chart/Figure4(5) figure45.php
2005.11.03 17:20 B h:\school\courses\Figures&chart\Figure4(5)\figure46.jpg --> apdriving.com /httpdocs/course/courses/Figures&chart/Figure4(5) figure46.jpg
2005.11.03 17:20 B h:\school\courses\Figures&chart\Figure4(5)\figure47.jpg --> apdriving.com /httpdocs/course/courses/Figures&chart/Figure4(5) figure47.jpg
2005.11.03 17:20 B h:\school\courses\Figures&chart\Figure4(5)\figure48.jpg --> apdriving.com /httpdocs/course/courses/Figures&chart/Figure4(5) figure48.jpg
2005.11.03 17:20 B h:\school\courses\Figures&chart\Figure4(5)\figure49.jpg --> apdriving.com /httpdocs/course/courses/Figures&chart/Figure4(5) figure49.jpg
2005.11.03 17:20 B h:\school\courses\Figures&chart\Figure4(5)\figure50.jpg --> apdriving.com /httpdocs/course/courses/Figures&chart/Figure4(5) figure50.jpg
2005.11.03 17:20 B h:\school\courses\Figures&chart\Figure4(5)\figure51.jpg --> apdriving.com /httpdocs/course/courses/Figures&chart/Figure4(5) figure51.jpg
2005.11.03 17:20 B h:\school\courses\Figures&chart\Figure4(5)\figure52.jpg --> apdriving.com /httpdocs/course/courses/Figures&chart/Figure4(5) figure52.jpg
2005.11.03 17:20 B h:\school\courses\Figures&chart\Figure4(5)\figure53.jpg --> apdriving.com /httpdocs/course/courses/Figures&chart/Figure4(5) figure53.jpg
2005.11.03 17:20 B h:\school\courses\Figures&chart\Figure4(5)\figure54.jpg --> apdriving.com /httpdocs/course/courses/Figures&chart/Figure4(5) figure54.jpg
2005.11.03 17:20 B h:\school\courses\Figures&chart\Figure4(5)\figure55.jpg --> apdriving.com /httpdocs/course/courses/Figures&chart/Figure4(5) figure55.jpg
2005.11.03 17:20 B h:\school\courses\Figures&chart\Figure4(5)\figure56.jpg --> apdriving.com /httpdocs/course/courses/Figures&chart/Figure4(5) figure56.jpg
2005.11.03 17:20 B h:\school\courses\Figures&chart\Figure4(5)\figure57.jpg --> apdriving.com /httpdocs/course/courses/Figures&chart/Figure4(5) figure57.jpg
2005.11.03 17:20 B h:\school\courses\Figures&chart\Figure4(5)\figure58.jpg --> apdriving.com /httpdocs/course/courses/Figures&chart/Figure4(5) figure58.jpg
2005.11.03 17:20 B h:\school\courses\Figures&chart\Figure4(5)\figure59.jpg --> apdriving.com /httpdocs/course/courses/Figures&chart/Figure4(5) figure59.jpg
2005.11.03 17:20 B h:\school\courses\Figures&chart\Figure4(5)\figure60.jpg --> apdriving.com /httpdocs/course/courses/Figures&chart/Figure4(5) figure60.jpg
2005.11.03 17:20 B h:\school\courses\Figures&chart\Figure4(5)\figure61.jpg --> apdriving.com /httpdocs/course/courses/Figures&chart/Figure4(5) figure61.jpg
2005.11.03 17:20 B h:\school\courses\Figures&chart\Figure4(5)\figure62.jpg --> apdriving.com /httpdocs/course/courses/Figures&chart/Figure4(5) figure62.jpg
2005.11.03 17:20 B h:\school\courses\Figures&chart\Figure4(5)\figure63.jpg --> apdriving.com /httpdocs/course/courses/Figures&chart/Figure4(5) figure63.jpg
2005.11.03 17:20 B h:\school\courses\Figures&chart\Figure4(5)\figure64.jpg --> apdriving.com /httpdocs/course/courses/Figures&chart/Figure4(5) figure64.jpg
2005.11.03 17:20 B h:\school\courses\Figures&chart\Figure4(5)\figure65.jpg --> apdriving.com /httpdocs/course/courses/Figures&chart/Figure4(5) figure65.jpg
2005.11.03 17:20 B h:\school\courses\Figures&chart\Figure4(5)\figure66.jpg --> apdriving.com /httpdocs/course/courses/Figures&chart/Figure4(5) figure66.jpg
2005.11.03 17:20 B h:\school\courses\Figures&chart\Figure4(5)\figure67.jpg --> apdriving.com /httpdocs/course/courses/Figures&chart/Figure4(5) figure67.jpg
2005.11.03 17:20 B h:\school\courses\Figures&chart\Figure4(5)\figure68.jpg --> apdriving.com /httpdocs/course/courses/Figures&chart/Figure4(5) figure68.jpg
2005.11.03 17:20 B h:\school\courses\Figures&chart\Figure4(5)\figure69.jpg --> apdriving.com /httpdocs/course/courses/Figures&chart/Figure4(5) figure69.jpg
2005.11.03 17:20 B h:\school\courses\Figures&chart\Figure4(5)\figure70.jpg --> apdriving.com /httpdocs/course/courses/Figures&chart/Figure4(5) figure70.jpg
2005.11.03 17:20 B h:\school\courses\Figures&chart\Figure4(5)\figure71.jpg --> apdriving.com /httpdocs/course/courses/Figures&chart/Figure4(5) figure71.jpg
2005.11.03 17:20 B h:\school\courses\Figures&chart\Figure4(5)\figure72.jpg --> apdriving.com /httpdocs/course/courses/Figures&chart/Figure4(5) figure72.jpg
2005.11.03 17:20 B h:\school\courses\Figures&chart\Figure4(5)\figure73.jpg --> apdriving.com /httpdocs/course/courses/Figures&chart/Figure4(5) figure73.jpg
2005.11.03 17:20 B h:\school\courses\Figures&chart\Figure4(5)\figure74.jpg --> apdriving.com /httpdocs/course/courses/Figures&chart/Figure4(5) figure74.jpg
2005.11.03 17:20 B h:\school\courses\Figures&chart\Figure4(5)\figure75.jpg --> apdriving.com /httpdocs/course/courses/Figures&chart/Figure4(5) figure75.jpg
2005.11.03 17:20 B h:\school\courses\Figures&chart\Figure4(5)\figure76.jpg --> apdriving.com /httpdocs/course/courses/Figures&chart/Figure4(5) figure76.jpg
2005.11.03 17:20 B h:\school\courses\Figures&chart\Figure4(5)\figure77.jpg --> apdriving.com /httpdocs/course/courses/Figures&chart/Figure4(5) figure77.jpg
2005.11.03 17:20 B h:\school\courses\Figures&chart\Figure4(5)\figure78.jpg --> apdriving.com /httpdocs/course/courses/Figures&chart/Figure4(5) figure78.jpg
2005.11.03 17:20 B h:\school\courses\Figures&chart\Figure4(5)\figure79.gif --> apdriving.com /httpdocs/course/courses/Figures&chart/Figure4(5) figure79.gif
2005.11.03 17:20 B h:\school\courses\Figures&chart\Figure4(5)\figure80.jpg --> apdriving.com /httpdocs/course/courses/Figures&chart/Figure4(5) figure80.jpg
2005.11.03 17:20 B h:\school\courses\Figures&chart\Figure4(5)\figure81.jpg --> apdriving.com /httpdocs/course/courses/Figures&chart/Figure4(5) figure81.jpg
2005.11.03 17:21 B h:\school\courses\Figures&chart\Figure4(5)\Thumbs.db --> apdriving.com /httpdocs/course/courses/Figures&chart/Figure4(5) Thumbs.db
2005.11.03 17:21 B h:\school\courses\Figures&chart\Figure4(5)\WS_FTP.LOG --> apdriving.com /httpdocs/course/courses/Figures&chart/Figure4(5) WS_FTP.LOG
