2005.11.02 15:32 B H:\school\courses\Figures&chart\Figure4(6)\figure10.gif <-- Somastream /www/www/sushma/courses/Figures&chart/Figure4(6) figure10.gif
2005.11.02 15:32 B H:\school\courses\Figures&chart\Figure4(6)\figure11.jpg <-- Somastream /www/www/sushma/courses/Figures&chart/Figure4(6) figure11.jpg
2005.11.02 15:32 B H:\school\courses\Figures&chart\Figure4(6)\figure12.jpg <-- Somastream /www/www/sushma/courses/Figures&chart/Figure4(6) figure12.jpg
2005.11.02 15:32 B H:\school\courses\Figures&chart\Figure4(6)\figure13.jpg <-- Somastream /www/www/sushma/courses/Figures&chart/Figure4(6) figure13.jpg
2005.11.02 15:32 B H:\school\courses\Figures&chart\Figure4(6)\figure14.jpg <-- Somastream /www/www/sushma/courses/Figures&chart/Figure4(6) figure14.jpg
2005.11.02 15:32 B H:\school\courses\Figures&chart\Figure4(6)\figure15.jpg <-- Somastream /www/www/sushma/courses/Figures&chart/Figure4(6) figure15.jpg
2005.11.02 15:32 B H:\school\courses\Figures&chart\Figure4(6)\figure16.jpg <-- Somastream /www/www/sushma/courses/Figures&chart/Figure4(6) figure16.jpg
2005.11.02 15:32 B H:\school\courses\Figures&chart\Figure4(6)\figure17.jpg <-- Somastream /www/www/sushma/courses/Figures&chart/Figure4(6) figure17.jpg
2005.11.02 15:32 B H:\school\courses\Figures&chart\Figure4(6)\figure18.jpg <-- Somastream /www/www/sushma/courses/Figures&chart/Figure4(6) figure18.jpg
2005.11.02 15:32 B H:\school\courses\Figures&chart\Figure4(6)\figure19.jpg <-- Somastream /www/www/sushma/courses/Figures&chart/Figure4(6) figure19.jpg
2005.11.02 15:32 B H:\school\courses\Figures&chart\Figure4(6)\figure20.jpg <-- Somastream /www/www/sushma/courses/Figures&chart/Figure4(6) figure20.jpg
2005.11.02 15:33 B H:\school\courses\Figures&chart\Figure4(6)\figure21.jpg <-- Somastream /www/www/sushma/courses/Figures&chart/Figure4(6) figure21.jpg
2005.11.02 15:33 B H:\school\courses\Figures&chart\Figure4(6)\figure22.gif <-- Somastream /www/www/sushma/courses/Figures&chart/Figure4(6) figure22.gif
2005.11.02 15:33 B H:\school\courses\Figures&chart\Figure4(6)\figure23.jpg <-- Somastream /www/www/sushma/courses/Figures&chart/Figure4(6) figure23.jpg
2005.11.02 15:33 B H:\school\courses\Figures&chart\Figure4(6)\figure24.jpg <-- Somastream /www/www/sushma/courses/Figures&chart/Figure4(6) figure24.jpg
2005.11.02 15:33 B H:\school\courses\Figures&chart\Figure4(6)\figure25.jpg <-- Somastream /www/www/sushma/courses/Figures&chart/Figure4(6) figure25.jpg
2005.11.02 15:33 B H:\school\courses\Figures&chart\Figure4(6)\figure26.jpg <-- Somastream /www/www/sushma/courses/Figures&chart/Figure4(6) figure26.jpg
2005.11.02 15:33 B H:\school\courses\Figures&chart\Figure4(6)\figure27.jpg <-- Somastream /www/www/sushma/courses/Figures&chart/Figure4(6) figure27.jpg
2005.11.02 15:33 B H:\school\courses\Figures&chart\Figure4(6)\figure28.jpg <-- Somastream /www/www/sushma/courses/Figures&chart/Figure4(6) figure28.jpg
2005.11.02 15:33 B H:\school\courses\Figures&chart\Figure4(6)\figure29.jpg <-- Somastream /www/www/sushma/courses/Figures&chart/Figure4(6) figure29.jpg
2005.11.02 15:33 B H:\school\courses\Figures&chart\Figure4(6)\figure30.jpg <-- Somastream /www/www/sushma/courses/Figures&chart/Figure4(6) figure30.jpg
2005.11.02 15:33 B H:\school\courses\Figures&chart\Figure4(6)\figure31.jpg <-- Somastream /www/www/sushma/courses/Figures&chart/Figure4(6) figure31.jpg
2005.11.02 15:33 B H:\school\courses\Figures&chart\Figure4(6)\figure32.jpg <-- Somastream /www/www/sushma/courses/Figures&chart/Figure4(6) figure32.jpg
2005.11.02 15:33 B H:\school\courses\Figures&chart\Figure4(6)\figure33.jpg <-- Somastream /www/www/sushma/courses/Figures&chart/Figure4(6) figure33.jpg
2005.11.02 15:33 B H:\school\courses\Figures&chart\Figure4(6)\figure34.jpg <-- Somastream /www/www/sushma/courses/Figures&chart/Figure4(6) figure34.jpg
2005.11.02 15:33 B H:\school\courses\Figures&chart\Figure4(6)\figure35.jpg <-- Somastream /www/www/sushma/courses/Figures&chart/Figure4(6) figure35.jpg
2005.11.02 15:33 B H:\school\courses\Figures&chart\Figure4(6)\figure36.jpg <-- Somastream /www/www/sushma/courses/Figures&chart/Figure4(6) figure36.jpg
2005.11.02 15:33 B H:\school\courses\Figures&chart\Figure4(6)\figure37.jpg <-- Somastream /www/www/sushma/courses/Figures&chart/Figure4(6) figure37.jpg
2005.11.02 15:33 B H:\school\courses\Figures&chart\Figure4(6)\figure38.jpg <-- Somastream /www/www/sushma/courses/Figures&chart/Figure4(6) figure38.jpg
2005.11.02 15:33 B H:\school\courses\Figures&chart\Figure4(6)\figure39.jpg <-- Somastream /www/www/sushma/courses/Figures&chart/Figure4(6) figure39.jpg
2005.11.02 15:33 B H:\school\courses\Figures&chart\Figure4(6)\figure4.jpg <-- Somastream /www/www/sushma/courses/Figures&chart/Figure4(6) figure4.jpg
2005.11.02 15:33 B H:\school\courses\Figures&chart\Figure4(6)\figure40.jpg <-- Somastream /www/www/sushma/courses/Figures&chart/Figure4(6) figure40.jpg
2005.11.02 15:33 B H:\school\courses\Figures&chart\Figure4(6)\figure41.jpg <-- Somastream /www/www/sushma/courses/Figures&chart/Figure4(6) figure41.jpg
2005.11.02 15:33 B H:\school\courses\Figures&chart\Figure4(6)\figure42.jpg <-- Somastream /www/www/sushma/courses/Figures&chart/Figure4(6) figure42.jpg
2005.11.02 15:33 B H:\school\courses\Figures&chart\Figure4(6)\figure43.jpg <-- Somastream /www/www/sushma/courses/Figures&chart/Figure4(6) figure43.jpg
2005.11.02 15:33 B H:\school\courses\Figures&chart\Figure4(6)\figure44.jpg <-- Somastream /www/www/sushma/courses/Figures&chart/Figure4(6) figure44.jpg
2005.11.02 15:33 B H:\school\courses\Figures&chart\Figure4(6)\figure45.jpg <-- Somastream /www/www/sushma/courses/Figures&chart/Figure4(6) figure45.jpg
2005.11.02 15:33 B H:\school\courses\Figures&chart\Figure4(6)\figure46.gif <-- Somastream /www/www/sushma/courses/Figures&chart/Figure4(6) figure46.gif
2005.11.02 15:33 B H:\school\courses\Figures&chart\Figure4(6)\figure46.inc.php <-- Somastream /www/www/sushma/courses/Figures&chart/Figure4(6) figure46.inc.php
2005.11.02 15:33 B H:\school\courses\Figures&chart\Figure4(6)\figure46.php <-- Somastream /www/www/sushma/courses/Figures&chart/Figure4(6) figure46.php
2005.11.02 15:33 B H:\school\courses\Figures&chart\Figure4(6)\figure47.jpg <-- Somastream /www/www/sushma/courses/Figures&chart/Figure4(6) figure47.jpg
2005.11.02 15:33 B H:\school\courses\Figures&chart\Figure4(6)\figure48.jpg <-- Somastream /www/www/sushma/courses/Figures&chart/Figure4(6) figure48.jpg
2005.11.02 15:33 B H:\school\courses\Figures&chart\Figure4(6)\figure49.jpg <-- Somastream /www/www/sushma/courses/Figures&chart/Figure4(6) figure49.jpg
2005.11.02 15:33 B H:\school\courses\Figures&chart\Figure4(6)\figure5.jpg <-- Somastream /www/www/sushma/courses/Figures&chart/Figure4(6) figure5.jpg
2005.11.02 15:33 B H:\school\courses\Figures&chart\Figure4(6)\figure50.jpg <-- Somastream /www/www/sushma/courses/Figures&chart/Figure4(6) figure50.jpg
2005.11.02 15:33 B H:\school\courses\Figures&chart\Figure4(6)\figure51.jpg <-- Somastream /www/www/sushma/courses/Figures&chart/Figure4(6) figure51.jpg
2005.11.02 15:33 B H:\school\courses\Figures&chart\Figure4(6)\figure52.jpg <-- Somastream /www/www/sushma/courses/Figures&chart/Figure4(6) figure52.jpg
2005.11.02 15:33 B H:\school\courses\Figures&chart\Figure4(6)\figure53.jpg <-- Somastream /www/www/sushma/courses/Figures&chart/Figure4(6) figure53.jpg
2005.11.02 15:34 B H:\school\courses\Figures&chart\Figure4(6)\figure54.jpg <-- Somastream /www/www/sushma/courses/Figures&chart/Figure4(6) figure54.jpg
2005.11.02 15:34 B H:\school\courses\Figures&chart\Figure4(6)\figure55.jpg <-- Somastream /www/www/sushma/courses/Figures&chart/Figure4(6) figure55.jpg
2005.11.02 15:34 B H:\school\courses\Figures&chart\Figure4(6)\figure56.jpg <-- Somastream /www/www/sushma/courses/Figures&chart/Figure4(6) figure56.jpg
2005.11.02 15:34 B H:\school\courses\Figures&chart\Figure4(6)\figure57.gif <-- Somastream /www/www/sushma/courses/Figures&chart/Figure4(6) figure57.gif
2005.11.02 15:34 B H:\school\courses\Figures&chart\Figure4(6)\figure58.jpg <-- Somastream /www/www/sushma/courses/Figures&chart/Figure4(6) figure58.jpg
2005.11.02 15:34 B H:\school\courses\Figures&chart\Figure4(6)\figure59.jpg <-- Somastream /www/www/sushma/courses/Figures&chart/Figure4(6) figure59.jpg
2005.11.02 15:34 B H:\school\courses\Figures&chart\Figure4(6)\figure6.jpg <-- Somastream /www/www/sushma/courses/Figures&chart/Figure4(6) figure6.jpg
2005.11.02 15:34 B H:\school\courses\Figures&chart\Figure4(6)\figure60.jpg <-- Somastream /www/www/sushma/courses/Figures&chart/Figure4(6) figure60.jpg
2005.11.02 15:34 B H:\school\courses\Figures&chart\Figure4(6)\figure61.gif <-- Somastream /www/www/sushma/courses/Figures&chart/Figure4(6) figure61.gif
2005.11.02 15:34 B H:\school\courses\Figures&chart\Figure4(6)\figure62.gif <-- Somastream /www/www/sushma/courses/Figures&chart/Figure4(6) figure62.gif
2005.11.02 15:34 B H:\school\courses\Figures&chart\Figure4(6)\figure63.jpg <-- Somastream /www/www/sushma/courses/Figures&chart/Figure4(6) figure63.jpg
2005.11.02 15:34 B H:\school\courses\Figures&chart\Figure4(6)\figure64.jpg <-- Somastream /www/www/sushma/courses/Figures&chart/Figure4(6) figure64.jpg
2005.11.02 15:34 B H:\school\courses\Figures&chart\Figure4(6)\figure65.jpg <-- Somastream /www/www/sushma/courses/Figures&chart/Figure4(6) figure65.jpg
2005.11.02 15:34 B H:\school\courses\Figures&chart\Figure4(6)\figure66.jpg <-- Somastream /www/www/sushma/courses/Figures&chart/Figure4(6) figure66.jpg
2005.11.02 15:34 B H:\school\courses\Figures&chart\Figure4(6)\figure67.jpg <-- Somastream /www/www/sushma/courses/Figures&chart/Figure4(6) figure67.jpg
2005.11.02 15:34 B H:\school\courses\Figures&chart\Figure4(6)\figure68.jpg <-- Somastream /www/www/sushma/courses/Figures&chart/Figure4(6) figure68.jpg
2005.11.02 15:34 B H:\school\courses\Figures&chart\Figure4(6)\figure69.jpg <-- Somastream /www/www/sushma/courses/Figures&chart/Figure4(6) figure69.jpg
2005.11.02 15:34 B H:\school\courses\Figures&chart\Figure4(6)\figure7.jpg <-- Somastream /www/www/sushma/courses/Figures&chart/Figure4(6) figure7.jpg
2005.11.02 15:34 B H:\school\courses\Figures&chart\Figure4(6)\figure70.gif <-- Somastream /www/www/sushma/courses/Figures&chart/Figure4(6) figure70.gif
2005.11.02 15:34 B H:\school\courses\Figures&chart\Figure4(6)\figure71.jpg <-- Somastream /www/www/sushma/courses/Figures&chart/Figure4(6) figure71.jpg
2005.11.02 15:34 B H:\school\courses\Figures&chart\Figure4(6)\figure72.jpg <-- Somastream /www/www/sushma/courses/Figures&chart/Figure4(6) figure72.jpg
2005.11.02 15:34 B H:\school\courses\Figures&chart\Figure4(6)\figure73.jpg <-- Somastream /www/www/sushma/courses/Figures&chart/Figure4(6) figure73.jpg
2005.11.02 15:34 B H:\school\courses\Figures&chart\Figure4(6)\figure74.jpg <-- Somastream /www/www/sushma/courses/Figures&chart/Figure4(6) figure74.jpg
2005.11.02 15:34 B H:\school\courses\Figures&chart\Figure4(6)\figure75.jpg <-- Somastream /www/www/sushma/courses/Figures&chart/Figure4(6) figure75.jpg
2005.11.02 15:34 B H:\school\courses\Figures&chart\Figure4(6)\figure76.jpg <-- Somastream /www/www/sushma/courses/Figures&chart/Figure4(6) figure76.jpg
2005.11.02 15:34 B H:\school\courses\Figures&chart\Figure4(6)\figure77.jpg <-- Somastream /www/www/sushma/courses/Figures&chart/Figure4(6) figure77.jpg
2005.11.02 15:34 B H:\school\courses\Figures&chart\Figure4(6)\figure78.jpg <-- Somastream /www/www/sushma/courses/Figures&chart/Figure4(6) figure78.jpg
2005.11.02 15:34 B H:\school\courses\Figures&chart\Figure4(6)\figure79.jpg <-- Somastream /www/www/sushma/courses/Figures&chart/Figure4(6) figure79.jpg
2005.11.02 15:34 B H:\school\courses\Figures&chart\Figure4(6)\figure8.jpg <-- Somastream /www/www/sushma/courses/Figures&chart/Figure4(6) figure8.jpg
2005.11.02 15:34 B H:\school\courses\Figures&chart\Figure4(6)\figure80.jpg <-- Somastream /www/www/sushma/courses/Figures&chart/Figure4(6) figure80.jpg
2005.11.02 15:34 B H:\school\courses\Figures&chart\Figure4(6)\figure81.jpg <-- Somastream /www/www/sushma/courses/Figures&chart/Figure4(6) figure81.jpg
2005.11.02 15:35 B H:\school\courses\Figures&chart\Figure4(6)\figure82.jpg <-- Somastream /www/www/sushma/courses/Figures&chart/Figure4(6) figure82.jpg
2005.11.02 15:35 B H:\school\courses\Figures&chart\Figure4(6)\figure83.jpg <-- Somastream /www/www/sushma/courses/Figures&chart/Figure4(6) figure83.jpg
2005.11.02 15:35 B H:\school\courses\Figures&chart\Figure4(6)\figure84.gif <-- Somastream /www/www/sushma/courses/Figures&chart/Figure4(6) figure84.gif
2005.11.02 15:35 B H:\school\courses\Figures&chart\Figure4(6)\figure85.jpg <-- Somastream /www/www/sushma/courses/Figures&chart/Figure4(6) figure85.jpg
2005.11.02 15:35 B H:\school\courses\Figures&chart\Figure4(6)\figure86.jpg <-- Somastream /www/www/sushma/courses/Figures&chart/Figure4(6) figure86.jpg
2005.11.02 15:35 B H:\school\courses\Figures&chart\Figure4(6)\figure87.jpg <-- Somastream /www/www/sushma/courses/Figures&chart/Figure4(6) figure87.jpg
2005.11.02 15:35 B H:\school\courses\Figures&chart\Figure4(6)\figure88.jpg <-- Somastream /www/www/sushma/courses/Figures&chart/Figure4(6) figure88.jpg
2005.11.02 15:35 B H:\school\courses\Figures&chart\Figure4(6)\figure89.jpg <-- Somastream /www/www/sushma/courses/Figures&chart/Figure4(6) figure89.jpg
2005.11.02 15:35 B H:\school\courses\Figures&chart\Figure4(6)\figure9.jpg <-- Somastream /www/www/sushma/courses/Figures&chart/Figure4(6) figure9.jpg
2005.11.02 15:35 B H:\school\courses\Figures&chart\Figure4(6)\figure90.jpg <-- Somastream /www/www/sushma/courses/Figures&chart/Figure4(6) figure90.jpg
2005.11.02 15:35 B H:\school\courses\Figures&chart\Figure4(6)\figure91.jpg <-- Somastream /www/www/sushma/courses/Figures&chart/Figure4(6) figure91.jpg
2005.11.02 15:35 B H:\school\courses\Figures&chart\Figure4(6)\figure92.jpg <-- Somastream /www/www/sushma/courses/Figures&chart/Figure4(6) figure92.jpg
2005.11.02 15:35 B H:\school\courses\Figures&chart\Figure4(6)\figure93.jpg <-- Somastream /www/www/sushma/courses/Figures&chart/Figure4(6) figure93.jpg
2005.11.02 15:35 B H:\school\courses\Figures&chart\Figure4(6)\Thumbs.db <-- Somastream /www/www/sushma/courses/Figures&chart/Figure4(6) Thumbs.db
2005.11.03 16:56 B h:\school\courses\Figures&chart\Figure4(6)\figure10.gif --> apdriving.com /httpdocs/course/courses/Figures&chart/Figure4(6) figure10.gif
2005.11.03 16:56 B h:\school\courses\Figures&chart\Figure4(6)\figure11.jpg --> apdriving.com /httpdocs/course/courses/Figures&chart/Figure4(6) figure11.jpg
2005.11.03 16:56 B h:\school\courses\Figures&chart\Figure4(6)\figure12.jpg --> apdriving.com /httpdocs/course/courses/Figures&chart/Figure4(6) figure12.jpg
2005.11.03 16:56 B h:\school\courses\Figures&chart\Figure4(6)\figure13.jpg --> apdriving.com /httpdocs/course/courses/Figures&chart/Figure4(6) figure13.jpg
2005.11.03 16:56 B h:\school\courses\Figures&chart\Figure4(6)\figure14.jpg --> apdriving.com /httpdocs/course/courses/Figures&chart/Figure4(6) figure14.jpg
2005.11.03 16:56 B h:\school\courses\Figures&chart\Figure4(6)\figure15.jpg --> apdriving.com /httpdocs/course/courses/Figures&chart/Figure4(6) figure15.jpg
2005.11.03 16:56 B h:\school\courses\Figures&chart\Figure4(6)\figure16.jpg --> apdriving.com /httpdocs/course/courses/Figures&chart/Figure4(6) figure16.jpg
2005.11.03 16:56 B h:\school\courses\Figures&chart\Figure4(6)\figure17.jpg --> apdriving.com /httpdocs/course/courses/Figures&chart/Figure4(6) figure17.jpg
2005.11.03 16:56 B h:\school\courses\Figures&chart\Figure4(6)\figure18.jpg --> apdriving.com /httpdocs/course/courses/Figures&chart/Figure4(6) figure18.jpg
2005.11.03 16:56 B h:\school\courses\Figures&chart\Figure4(6)\figure19.jpg --> apdriving.com /httpdocs/course/courses/Figures&chart/Figure4(6) figure19.jpg
2005.11.03 16:56 B h:\school\courses\Figures&chart\Figure4(6)\figure20.jpg --> apdriving.com /httpdocs/course/courses/Figures&chart/Figure4(6) figure20.jpg
2005.11.03 16:56 B h:\school\courses\Figures&chart\Figure4(6)\figure21.jpg --> apdriving.com /httpdocs/course/courses/Figures&chart/Figure4(6) figure21.jpg
2005.11.03 16:56 B h:\school\courses\Figures&chart\Figure4(6)\figure22.gif --> apdriving.com /httpdocs/course/courses/Figures&chart/Figure4(6) figure22.gif
2005.11.03 16:56 B h:\school\courses\Figures&chart\Figure4(6)\figure23.jpg --> apdriving.com /httpdocs/course/courses/Figures&chart/Figure4(6) figure23.jpg
2005.11.03 16:56 B h:\school\courses\Figures&chart\Figure4(6)\figure24.jpg --> apdriving.com /httpdocs/course/courses/Figures&chart/Figure4(6) figure24.jpg
2005.11.03 16:56 B h:\school\courses\Figures&chart\Figure4(6)\figure25.jpg --> apdriving.com /httpdocs/course/courses/Figures&chart/Figure4(6) figure25.jpg
2005.11.03 16:56 B h:\school\courses\Figures&chart\Figure4(6)\figure26.jpg --> apdriving.com /httpdocs/course/courses/Figures&chart/Figure4(6) figure26.jpg
2005.11.03 16:56 B h:\school\courses\Figures&chart\Figure4(6)\figure27.jpg --> apdriving.com /httpdocs/course/courses/Figures&chart/Figure4(6) figure27.jpg
2005.11.03 16:56 B h:\school\courses\Figures&chart\Figure4(6)\figure28.jpg --> apdriving.com /httpdocs/course/courses/Figures&chart/Figure4(6) figure28.jpg
2005.11.03 16:56 B h:\school\courses\Figures&chart\Figure4(6)\figure29.jpg --> apdriving.com /httpdocs/course/courses/Figures&chart/Figure4(6) figure29.jpg
2005.11.03 16:56 B h:\school\courses\Figures&chart\Figure4(6)\figure30.jpg --> apdriving.com /httpdocs/course/courses/Figures&chart/Figure4(6) figure30.jpg
2005.11.03 16:56 B h:\school\courses\Figures&chart\Figure4(6)\figure31.jpg --> apdriving.com /httpdocs/course/courses/Figures&chart/Figure4(6) figure31.jpg
2005.11.03 16:56 B h:\school\courses\Figures&chart\Figure4(6)\figure32.jpg --> apdriving.com /httpdocs/course/courses/Figures&chart/Figure4(6) figure32.jpg
2005.11.03 16:56 B h:\school\courses\Figures&chart\Figure4(6)\figure33.jpg --> apdriving.com /httpdocs/course/courses/Figures&chart/Figure4(6) figure33.jpg
2005.11.03 16:56 B h:\school\courses\Figures&chart\Figure4(6)\figure34.jpg --> apdriving.com /httpdocs/course/courses/Figures&chart/Figure4(6) figure34.jpg
2005.11.03 16:56 B h:\school\courses\Figures&chart\Figure4(6)\figure35.jpg --> apdriving.com /httpdocs/course/courses/Figures&chart/Figure4(6) figure35.jpg
2005.11.03 16:56 B h:\school\courses\Figures&chart\Figure4(6)\figure36.jpg --> apdriving.com /httpdocs/course/courses/Figures&chart/Figure4(6) figure36.jpg
2005.11.03 16:56 B h:\school\courses\Figures&chart\Figure4(6)\figure37.jpg --> apdriving.com /httpdocs/course/courses/Figures&chart/Figure4(6) figure37.jpg
2005.11.03 16:56 B h:\school\courses\Figures&chart\Figure4(6)\figure38.jpg --> apdriving.com /httpdocs/course/courses/Figures&chart/Figure4(6) figure38.jpg
2005.11.03 16:56 B h:\school\courses\Figures&chart\Figure4(6)\figure39.jpg --> apdriving.com /httpdocs/course/courses/Figures&chart/Figure4(6) figure39.jpg
2005.11.03 16:56 B h:\school\courses\Figures&chart\Figure4(6)\figure4.jpg --> apdriving.com /httpdocs/course/courses/Figures&chart/Figure4(6) figure4.jpg
2005.11.03 16:56 B h:\school\courses\Figures&chart\Figure4(6)\figure40.jpg --> apdriving.com /httpdocs/course/courses/Figures&chart/Figure4(6) figure40.jpg
2005.11.03 16:56 B h:\school\courses\Figures&chart\Figure4(6)\figure41.jpg --> apdriving.com /httpdocs/course/courses/Figures&chart/Figure4(6) figure41.jpg
2005.11.03 16:56 B h:\school\courses\Figures&chart\Figure4(6)\figure42.jpg --> apdriving.com /httpdocs/course/courses/Figures&chart/Figure4(6) figure42.jpg
2005.11.03 16:56 B h:\school\courses\Figures&chart\Figure4(6)\figure43.jpg --> apdriving.com /httpdocs/course/courses/Figures&chart/Figure4(6) figure43.jpg
2005.11.03 16:56 B h:\school\courses\Figures&chart\Figure4(6)\figure44.jpg --> apdriving.com /httpdocs/course/courses/Figures&chart/Figure4(6) figure44.jpg
2005.11.03 16:56 B h:\school\courses\Figures&chart\Figure4(6)\figure45.jpg --> apdriving.com /httpdocs/course/courses/Figures&chart/Figure4(6) figure45.jpg
2005.11.03 16:56 B h:\school\courses\Figures&chart\Figure4(6)\figure46.gif --> apdriving.com /httpdocs/course/courses/Figures&chart/Figure4(6) figure46.gif
2005.11.03 16:56 B h:\school\courses\Figures&chart\Figure4(6)\figure46.inc.php --> apdriving.com /httpdocs/course/courses/Figures&chart/Figure4(6) figure46.inc.php
2005.11.03 16:56 B h:\school\courses\Figures&chart\Figure4(6)\figure46.php --> apdriving.com /httpdocs/course/courses/Figures&chart/Figure4(6) figure46.php
2005.11.03 16:56 B h:\school\courses\Figures&chart\Figure4(6)\figure47.jpg --> apdriving.com /httpdocs/course/courses/Figures&chart/Figure4(6) figure47.jpg
2005.11.03 16:56 B h:\school\courses\Figures&chart\Figure4(6)\figure48.jpg --> apdriving.com /httpdocs/course/courses/Figures&chart/Figure4(6) figure48.jpg
2005.11.03 16:56 B h:\school\courses\Figures&chart\Figure4(6)\figure49.jpg --> apdriving.com /httpdocs/course/courses/Figures&chart/Figure4(6) figure49.jpg
2005.11.03 16:56 B h:\school\courses\Figures&chart\Figure4(6)\figure5.jpg --> apdriving.com /httpdocs/course/courses/Figures&chart/Figure4(6) figure5.jpg
2005.11.03 16:56 B h:\school\courses\Figures&chart\Figure4(6)\figure50.jpg --> apdriving.com /httpdocs/course/courses/Figures&chart/Figure4(6) figure50.jpg
2005.11.03 16:56 B h:\school\courses\Figures&chart\Figure4(6)\figure51.jpg --> apdriving.com /httpdocs/course/courses/Figures&chart/Figure4(6) figure51.jpg
2005.11.03 16:56 B h:\school\courses\Figures&chart\Figure4(6)\figure52.jpg --> apdriving.com /httpdocs/course/courses/Figures&chart/Figure4(6) figure52.jpg
2005.11.03 16:56 B h:\school\courses\Figures&chart\Figure4(6)\figure53.jpg --> apdriving.com /httpdocs/course/courses/Figures&chart/Figure4(6) figure53.jpg
2005.11.03 16:56 B h:\school\courses\Figures&chart\Figure4(6)\figure54.jpg --> apdriving.com /httpdocs/course/courses/Figures&chart/Figure4(6) figure54.jpg
2005.11.03 16:56 B h:\school\courses\Figures&chart\Figure4(6)\figure55.jpg --> apdriving.com /httpdocs/course/courses/Figures&chart/Figure4(6) figure55.jpg
2005.11.03 16:56 B h:\school\courses\Figures&chart\Figure4(6)\figure56.jpg --> apdriving.com /httpdocs/course/courses/Figures&chart/Figure4(6) figure56.jpg
2005.11.03 16:56 B h:\school\courses\Figures&chart\Figure4(6)\figure57.gif --> apdriving.com /httpdocs/course/courses/Figures&chart/Figure4(6) figure57.gif
2005.11.03 16:56 B h:\school\courses\Figures&chart\Figure4(6)\figure58.jpg --> apdriving.com /httpdocs/course/courses/Figures&chart/Figure4(6) figure58.jpg
2005.11.03 16:56 B h:\school\courses\Figures&chart\Figure4(6)\figure59.jpg --> apdriving.com /httpdocs/course/courses/Figures&chart/Figure4(6) figure59.jpg
2005.11.03 16:56 B h:\school\courses\Figures&chart\Figure4(6)\figure6.jpg --> apdriving.com /httpdocs/course/courses/Figures&chart/Figure4(6) figure6.jpg
2005.11.03 16:56 B h:\school\courses\Figures&chart\Figure4(6)\figure60.jpg --> apdriving.com /httpdocs/course/courses/Figures&chart/Figure4(6) figure60.jpg
2005.11.03 16:56 B h:\school\courses\Figures&chart\Figure4(6)\figure61.gif --> apdriving.com /httpdocs/course/courses/Figures&chart/Figure4(6) figure61.gif
2005.11.03 16:56 B h:\school\courses\Figures&chart\Figure4(6)\figure62.gif --> apdriving.com /httpdocs/course/courses/Figures&chart/Figure4(6) figure62.gif
2005.11.03 16:56 B h:\school\courses\Figures&chart\Figure4(6)\figure63.jpg --> apdriving.com /httpdocs/course/courses/Figures&chart/Figure4(6) figure63.jpg
2005.11.03 16:56 B h:\school\courses\Figures&chart\Figure4(6)\figure64.jpg --> apdriving.com /httpdocs/course/courses/Figures&chart/Figure4(6) figure64.jpg
2005.11.03 16:56 B h:\school\courses\Figures&chart\Figure4(6)\figure65.jpg --> apdriving.com /httpdocs/course/courses/Figures&chart/Figure4(6) figure65.jpg
2005.11.03 16:56 B h:\school\courses\Figures&chart\Figure4(6)\figure66.jpg --> apdriving.com /httpdocs/course/courses/Figures&chart/Figure4(6) figure66.jpg
2005.11.03 16:56 B h:\school\courses\Figures&chart\Figure4(6)\figure67.jpg --> apdriving.com /httpdocs/course/courses/Figures&chart/Figure4(6) figure67.jpg
2005.11.03 16:56 B h:\school\courses\Figures&chart\Figure4(6)\figure68.jpg --> apdriving.com /httpdocs/course/courses/Figures&chart/Figure4(6) figure68.jpg
2005.11.03 16:56 B h:\school\courses\Figures&chart\Figure4(6)\figure69.jpg --> apdriving.com /httpdocs/course/courses/Figures&chart/Figure4(6) figure69.jpg
2005.11.03 16:56 B h:\school\courses\Figures&chart\Figure4(6)\figure7.jpg --> apdriving.com /httpdocs/course/courses/Figures&chart/Figure4(6) figure7.jpg
2005.11.03 16:56 B h:\school\courses\Figures&chart\Figure4(6)\figure70.gif --> apdriving.com /httpdocs/course/courses/Figures&chart/Figure4(6) figure70.gif
2005.11.03 16:56 B h:\school\courses\Figures&chart\Figure4(6)\figure71.jpg --> apdriving.com /httpdocs/course/courses/Figures&chart/Figure4(6) figure71.jpg
2005.11.03 16:56 B h:\school\courses\Figures&chart\Figure4(6)\figure72.jpg --> apdriving.com /httpdocs/course/courses/Figures&chart/Figure4(6) figure72.jpg
2005.11.03 16:56 B h:\school\courses\Figures&chart\Figure4(6)\figure73.jpg --> apdriving.com /httpdocs/course/courses/Figures&chart/Figure4(6) figure73.jpg
2005.11.03 16:56 B h:\school\courses\Figures&chart\Figure4(6)\figure74.jpg --> apdriving.com /httpdocs/course/courses/Figures&chart/Figure4(6) figure74.jpg
2005.11.03 16:56 B h:\school\courses\Figures&chart\Figure4(6)\figure75.jpg --> apdriving.com /httpdocs/course/courses/Figures&chart/Figure4(6) figure75.jpg
2005.11.03 16:56 B h:\school\courses\Figures&chart\Figure4(6)\figure76.jpg --> apdriving.com /httpdocs/course/courses/Figures&chart/Figure4(6) figure76.jpg
2005.11.03 16:56 B h:\school\courses\Figures&chart\Figure4(6)\figure77.jpg --> apdriving.com /httpdocs/course/courses/Figures&chart/Figure4(6) figure77.jpg
2005.11.03 16:56 B h:\school\courses\Figures&chart\Figure4(6)\figure78.jpg --> apdriving.com /httpdocs/course/courses/Figures&chart/Figure4(6) figure78.jpg
2005.11.03 16:56 B h:\school\courses\Figures&chart\Figure4(6)\figure79.jpg --> apdriving.com /httpdocs/course/courses/Figures&chart/Figure4(6) figure79.jpg
2005.11.03 16:56 B h:\school\courses\Figures&chart\Figure4(6)\figure8.jpg --> apdriving.com /httpdocs/course/courses/Figures&chart/Figure4(6) figure8.jpg
2005.11.03 16:56 B h:\school\courses\Figures&chart\Figure4(6)\figure80.jpg --> apdriving.com /httpdocs/course/courses/Figures&chart/Figure4(6) figure80.jpg
2005.11.03 16:56 B h:\school\courses\Figures&chart\Figure4(6)\figure81.jpg --> apdriving.com /httpdocs/course/courses/Figures&chart/Figure4(6) figure81.jpg
2005.11.03 16:56 B h:\school\courses\Figures&chart\Figure4(6)\figure82.jpg --> apdriving.com /httpdocs/course/courses/Figures&chart/Figure4(6) figure82.jpg
2005.11.03 16:56 B h:\school\courses\Figures&chart\Figure4(6)\figure83.jpg --> apdriving.com /httpdocs/course/courses/Figures&chart/Figure4(6) figure83.jpg
2005.11.03 16:56 B h:\school\courses\Figures&chart\Figure4(6)\figure84.gif --> apdriving.com /httpdocs/course/courses/Figures&chart/Figure4(6) figure84.gif
2005.11.03 16:56 B h:\school\courses\Figures&chart\Figure4(6)\figure85.jpg --> apdriving.com /httpdocs/course/courses/Figures&chart/Figure4(6) figure85.jpg
2005.11.03 16:56 B h:\school\courses\Figures&chart\Figure4(6)\figure86.jpg --> apdriving.com /httpdocs/course/courses/Figures&chart/Figure4(6) figure86.jpg
2005.11.03 16:56 B h:\school\courses\Figures&chart\Figure4(6)\figure87.jpg --> apdriving.com /httpdocs/course/courses/Figures&chart/Figure4(6) figure87.jpg
2005.11.03 16:56 B h:\school\courses\Figures&chart\Figure4(6)\figure88.jpg --> apdriving.com /httpdocs/course/courses/Figures&chart/Figure4(6) figure88.jpg
2005.11.03 16:56 B h:\school\courses\Figures&chart\Figure4(6)\figure89.jpg --> apdriving.com /httpdocs/course/courses/Figures&chart/Figure4(6) figure89.jpg
2005.11.03 16:56 B h:\school\courses\Figures&chart\Figure4(6)\figure9.jpg --> apdriving.com /httpdocs/course/courses/Figures&chart/Figure4(6) figure9.jpg
2005.11.03 16:56 B h:\school\courses\Figures&chart\Figure4(6)\figure90.jpg --> apdriving.com /httpdocs/course/courses/Figures&chart/Figure4(6) figure90.jpg
2005.11.03 16:56 B h:\school\courses\Figures&chart\Figure4(6)\figure91.jpg --> apdriving.com /httpdocs/course/courses/Figures&chart/Figure4(6) figure91.jpg
2005.11.03 16:56 B h:\school\courses\Figures&chart\Figure4(6)\figure92.jpg --> apdriving.com /httpdocs/course/courses/Figures&chart/Figure4(6) figure92.jpg
2005.11.03 16:56 B h:\school\courses\Figures&chart\Figure4(6)\figure93.jpg --> apdriving.com /httpdocs/course/courses/Figures&chart/Figure4(6) figure93.jpg
2005.11.03 16:56 B h:\school\courses\Figures&chart\Figure4(6)\Thumbs.db --> apdriving.com /httpdocs/course/courses/Figures&chart/Figure4(6) Thumbs.db
2005.11.03 16:56 B h:\school\courses\Figures&chart\Figure4(6)\WS_FTP.LOG --> apdriving.com /httpdocs/course/courses/Figures&chart/Figure4(6) WS_FTP.LOG
2005.11.03 17:21 B h:\school\courses\Figures&chart\Figure4(6)\figure10.gif --> apdriving.com /httpdocs/course/courses/Figures&chart/Figure4(6) figure10.gif
2005.11.03 17:21 B h:\school\courses\Figures&chart\Figure4(6)\figure11.jpg --> apdriving.com /httpdocs/course/courses/Figures&chart/Figure4(6) figure11.jpg
2005.11.03 17:21 B h:\school\courses\Figures&chart\Figure4(6)\figure12.jpg --> apdriving.com /httpdocs/course/courses/Figures&chart/Figure4(6) figure12.jpg
2005.11.03 17:21 B h:\school\courses\Figures&chart\Figure4(6)\figure13.jpg --> apdriving.com /httpdocs/course/courses/Figures&chart/Figure4(6) figure13.jpg
2005.11.03 17:21 B h:\school\courses\Figures&chart\Figure4(6)\figure14.jpg --> apdriving.com /httpdocs/course/courses/Figures&chart/Figure4(6) figure14.jpg
2005.11.03 17:21 B h:\school\courses\Figures&chart\Figure4(6)\figure15.jpg --> apdriving.com /httpdocs/course/courses/Figures&chart/Figure4(6) figure15.jpg
2005.11.03 17:21 B h:\school\courses\Figures&chart\Figure4(6)\figure16.jpg --> apdriving.com /httpdocs/course/courses/Figures&chart/Figure4(6) figure16.jpg
2005.11.03 17:21 B h:\school\courses\Figures&chart\Figure4(6)\figure17.jpg --> apdriving.com /httpdocs/course/courses/Figures&chart/Figure4(6) figure17.jpg
2005.11.03 17:21 B h:\school\courses\Figures&chart\Figure4(6)\figure18.jpg --> apdriving.com /httpdocs/course/courses/Figures&chart/Figure4(6) figure18.jpg
2005.11.03 17:21 B h:\school\courses\Figures&chart\Figure4(6)\figure19.jpg --> apdriving.com /httpdocs/course/courses/Figures&chart/Figure4(6) figure19.jpg
2005.11.03 17:21 B h:\school\courses\Figures&chart\Figure4(6)\figure20.jpg --> apdriving.com /httpdocs/course/courses/Figures&chart/Figure4(6) figure20.jpg
2005.11.03 17:21 B h:\school\courses\Figures&chart\Figure4(6)\figure21.jpg --> apdriving.com /httpdocs/course/courses/Figures&chart/Figure4(6) figure21.jpg
2005.11.03 17:21 B h:\school\courses\Figures&chart\Figure4(6)\figure22.gif --> apdriving.com /httpdocs/course/courses/Figures&chart/Figure4(6) figure22.gif
2005.11.03 17:21 B h:\school\courses\Figures&chart\Figure4(6)\figure23.jpg --> apdriving.com /httpdocs/course/courses/Figures&chart/Figure4(6) figure23.jpg
2005.11.03 17:21 B h:\school\courses\Figures&chart\Figure4(6)\figure24.jpg --> apdriving.com /httpdocs/course/courses/Figures&chart/Figure4(6) figure24.jpg
2005.11.03 17:21 B h:\school\courses\Figures&chart\Figure4(6)\figure25.jpg --> apdriving.com /httpdocs/course/courses/Figures&chart/Figure4(6) figure25.jpg
2005.11.03 17:21 B h:\school\courses\Figures&chart\Figure4(6)\figure26.jpg --> apdriving.com /httpdocs/course/courses/Figures&chart/Figure4(6) figure26.jpg
2005.11.03 17:21 B h:\school\courses\Figures&chart\Figure4(6)\figure27.jpg --> apdriving.com /httpdocs/course/courses/Figures&chart/Figure4(6) figure27.jpg
2005.11.03 17:21 B h:\school\courses\Figures&chart\Figure4(6)\figure28.jpg --> apdriving.com /httpdocs/course/courses/Figures&chart/Figure4(6) figure28.jpg
2005.11.03 17:21 B h:\school\courses\Figures&chart\Figure4(6)\figure29.jpg --> apdriving.com /httpdocs/course/courses/Figures&chart/Figure4(6) figure29.jpg
2005.11.03 17:21 B h:\school\courses\Figures&chart\Figure4(6)\figure30.jpg --> apdriving.com /httpdocs/course/courses/Figures&chart/Figure4(6) figure30.jpg
2005.11.03 17:21 B h:\school\courses\Figures&chart\Figure4(6)\figure31.jpg --> apdriving.com /httpdocs/course/courses/Figures&chart/Figure4(6) figure31.jpg
2005.11.03 17:21 B h:\school\courses\Figures&chart\Figure4(6)\figure32.jpg --> apdriving.com /httpdocs/course/courses/Figures&chart/Figure4(6) figure32.jpg
2005.11.03 17:21 B h:\school\courses\Figures&chart\Figure4(6)\figure33.jpg --> apdriving.com /httpdocs/course/courses/Figures&chart/Figure4(6) figure33.jpg
2005.11.03 17:21 B h:\school\courses\Figures&chart\Figure4(6)\figure34.jpg --> apdriving.com /httpdocs/course/courses/Figures&chart/Figure4(6) figure34.jpg
2005.11.03 17:21 B h:\school\courses\Figures&chart\Figure4(6)\figure35.jpg --> apdriving.com /httpdocs/course/courses/Figures&chart/Figure4(6) figure35.jpg
2005.11.03 17:21 B h:\school\courses\Figures&chart\Figure4(6)\figure36.jpg --> apdriving.com /httpdocs/course/courses/Figures&chart/Figure4(6) figure36.jpg
2005.11.03 17:21 B h:\school\courses\Figures&chart\Figure4(6)\figure37.jpg --> apdriving.com /httpdocs/course/courses/Figures&chart/Figure4(6) figure37.jpg
2005.11.03 17:21 B h:\school\courses\Figures&chart\Figure4(6)\figure38.jpg --> apdriving.com /httpdocs/course/courses/Figures&chart/Figure4(6) figure38.jpg
2005.11.03 17:21 B h:\school\courses\Figures&chart\Figure4(6)\figure39.jpg --> apdriving.com /httpdocs/course/courses/Figures&chart/Figure4(6) figure39.jpg
2005.11.03 17:21 B h:\school\courses\Figures&chart\Figure4(6)\figure4.jpg --> apdriving.com /httpdocs/course/courses/Figures&chart/Figure4(6) figure4.jpg
2005.11.03 17:21 B h:\school\courses\Figures&chart\Figure4(6)\figure40.jpg --> apdriving.com /httpdocs/course/courses/Figures&chart/Figure4(6) figure40.jpg
2005.11.03 17:21 B h:\school\courses\Figures&chart\Figure4(6)\figure41.jpg --> apdriving.com /httpdocs/course/courses/Figures&chart/Figure4(6) figure41.jpg
2005.11.03 17:21 B h:\school\courses\Figures&chart\Figure4(6)\figure42.jpg --> apdriving.com /httpdocs/course/courses/Figures&chart/Figure4(6) figure42.jpg
2005.11.03 17:21 B h:\school\courses\Figures&chart\Figure4(6)\figure43.jpg --> apdriving.com /httpdocs/course/courses/Figures&chart/Figure4(6) figure43.jpg
2005.11.03 17:21 B h:\school\courses\Figures&chart\Figure4(6)\figure44.jpg --> apdriving.com /httpdocs/course/courses/Figures&chart/Figure4(6) figure44.jpg
2005.11.03 17:21 B h:\school\courses\Figures&chart\Figure4(6)\figure45.jpg --> apdriving.com /httpdocs/course/courses/Figures&chart/Figure4(6) figure45.jpg
2005.11.03 17:21 B h:\school\courses\Figures&chart\Figure4(6)\figure46.gif --> apdriving.com /httpdocs/course/courses/Figures&chart/Figure4(6) figure46.gif
2005.11.03 17:21 B h:\school\courses\Figures&chart\Figure4(6)\figure46.inc.php --> apdriving.com /httpdocs/course/courses/Figures&chart/Figure4(6) figure46.inc.php
2005.11.03 17:21 B h:\school\courses\Figures&chart\Figure4(6)\figure46.php --> apdriving.com /httpdocs/course/courses/Figures&chart/Figure4(6) figure46.php
2005.11.03 17:21 B h:\school\courses\Figures&chart\Figure4(6)\figure47.jpg --> apdriving.com /httpdocs/course/courses/Figures&chart/Figure4(6) figure47.jpg
2005.11.03 17:21 B h:\school\courses\Figures&chart\Figure4(6)\figure48.jpg --> apdriving.com /httpdocs/course/courses/Figures&chart/Figure4(6) figure48.jpg
2005.11.03 17:21 B h:\school\courses\Figures&chart\Figure4(6)\figure49.jpg --> apdriving.com /httpdocs/course/courses/Figures&chart/Figure4(6) figure49.jpg
2005.11.03 17:21 B h:\school\courses\Figures&chart\Figure4(6)\figure5.jpg --> apdriving.com /httpdocs/course/courses/Figures&chart/Figure4(6) figure5.jpg
2005.11.03 17:21 B h:\school\courses\Figures&chart\Figure4(6)\figure50.jpg --> apdriving.com /httpdocs/course/courses/Figures&chart/Figure4(6) figure50.jpg
2005.11.03 17:21 B h:\school\courses\Figures&chart\Figure4(6)\figure51.jpg --> apdriving.com /httpdocs/course/courses/Figures&chart/Figure4(6) figure51.jpg
2005.11.03 17:21 B h:\school\courses\Figures&chart\Figure4(6)\figure52.jpg --> apdriving.com /httpdocs/course/courses/Figures&chart/Figure4(6) figure52.jpg
2005.11.03 17:21 B h:\school\courses\Figures&chart\Figure4(6)\figure53.jpg --> apdriving.com /httpdocs/course/courses/Figures&chart/Figure4(6) figure53.jpg
2005.11.03 17:21 B h:\school\courses\Figures&chart\Figure4(6)\figure54.jpg --> apdriving.com /httpdocs/course/courses/Figures&chart/Figure4(6) figure54.jpg
2005.11.03 17:21 B h:\school\courses\Figures&chart\Figure4(6)\figure55.jpg --> apdriving.com /httpdocs/course/courses/Figures&chart/Figure4(6) figure55.jpg
2005.11.03 17:21 B h:\school\courses\Figures&chart\Figure4(6)\figure56.jpg --> apdriving.com /httpdocs/course/courses/Figures&chart/Figure4(6) figure56.jpg
2005.11.03 17:21 B h:\school\courses\Figures&chart\Figure4(6)\figure57.gif --> apdriving.com /httpdocs/course/courses/Figures&chart/Figure4(6) figure57.gif
2005.11.03 17:21 B h:\school\courses\Figures&chart\Figure4(6)\figure58.jpg --> apdriving.com /httpdocs/course/courses/Figures&chart/Figure4(6) figure58.jpg
2005.11.03 17:21 B h:\school\courses\Figures&chart\Figure4(6)\figure59.jpg --> apdriving.com /httpdocs/course/courses/Figures&chart/Figure4(6) figure59.jpg
2005.11.03 17:21 B h:\school\courses\Figures&chart\Figure4(6)\figure6.jpg --> apdriving.com /httpdocs/course/courses/Figures&chart/Figure4(6) figure6.jpg
2005.11.03 17:21 B h:\school\courses\Figures&chart\Figure4(6)\figure60.jpg --> apdriving.com /httpdocs/course/courses/Figures&chart/Figure4(6) figure60.jpg
2005.11.03 17:21 B h:\school\courses\Figures&chart\Figure4(6)\figure61.gif --> apdriving.com /httpdocs/course/courses/Figures&chart/Figure4(6) figure61.gif
2005.11.03 17:21 B h:\school\courses\Figures&chart\Figure4(6)\figure62.gif --> apdriving.com /httpdocs/course/courses/Figures&chart/Figure4(6) figure62.gif
2005.11.03 17:21 B h:\school\courses\Figures&chart\Figure4(6)\figure63.jpg --> apdriving.com /httpdocs/course/courses/Figures&chart/Figure4(6) figure63.jpg
2005.11.03 17:21 B h:\school\courses\Figures&chart\Figure4(6)\figure64.jpg --> apdriving.com /httpdocs/course/courses/Figures&chart/Figure4(6) figure64.jpg
2005.11.03 17:21 B h:\school\courses\Figures&chart\Figure4(6)\figure65.jpg --> apdriving.com /httpdocs/course/courses/Figures&chart/Figure4(6) figure65.jpg
2005.11.03 17:21 B h:\school\courses\Figures&chart\Figure4(6)\figure66.jpg --> apdriving.com /httpdocs/course/courses/Figures&chart/Figure4(6) figure66.jpg
2005.11.03 17:21 B h:\school\courses\Figures&chart\Figure4(6)\figure67.jpg --> apdriving.com /httpdocs/course/courses/Figures&chart/Figure4(6) figure67.jpg
2005.11.03 17:21 B h:\school\courses\Figures&chart\Figure4(6)\figure68.jpg --> apdriving.com /httpdocs/course/courses/Figures&chart/Figure4(6) figure68.jpg
2005.11.03 17:21 B h:\school\courses\Figures&chart\Figure4(6)\figure69.jpg --> apdriving.com /httpdocs/course/courses/Figures&chart/Figure4(6) figure69.jpg
2005.11.03 17:21 B h:\school\courses\Figures&chart\Figure4(6)\figure7.jpg --> apdriving.com /httpdocs/course/courses/Figures&chart/Figure4(6) figure7.jpg
2005.11.03 17:21 B h:\school\courses\Figures&chart\Figure4(6)\figure70.gif --> apdriving.com /httpdocs/course/courses/Figures&chart/Figure4(6) figure70.gif
2005.11.03 17:21 B h:\school\courses\Figures&chart\Figure4(6)\figure71.jpg --> apdriving.com /httpdocs/course/courses/Figures&chart/Figure4(6) figure71.jpg
2005.11.03 17:21 B h:\school\courses\Figures&chart\Figure4(6)\figure72.jpg --> apdriving.com /httpdocs/course/courses/Figures&chart/Figure4(6) figure72.jpg
2005.11.03 17:21 B h:\school\courses\Figures&chart\Figure4(6)\figure73.jpg --> apdriving.com /httpdocs/course/courses/Figures&chart/Figure4(6) figure73.jpg
2005.11.03 17:21 B h:\school\courses\Figures&chart\Figure4(6)\figure74.jpg --> apdriving.com /httpdocs/course/courses/Figures&chart/Figure4(6) figure74.jpg
2005.11.03 17:21 B h:\school\courses\Figures&chart\Figure4(6)\figure75.jpg --> apdriving.com /httpdocs/course/courses/Figures&chart/Figure4(6) figure75.jpg
2005.11.03 17:21 B h:\school\courses\Figures&chart\Figure4(6)\figure76.jpg --> apdriving.com /httpdocs/course/courses/Figures&chart/Figure4(6) figure76.jpg
2005.11.03 17:21 B h:\school\courses\Figures&chart\Figure4(6)\figure77.jpg --> apdriving.com /httpdocs/course/courses/Figures&chart/Figure4(6) figure77.jpg
2005.11.03 17:21 B h:\school\courses\Figures&chart\Figure4(6)\figure78.jpg --> apdriving.com /httpdocs/course/courses/Figures&chart/Figure4(6) figure78.jpg
2005.11.03 17:21 B h:\school\courses\Figures&chart\Figure4(6)\figure79.jpg --> apdriving.com /httpdocs/course/courses/Figures&chart/Figure4(6) figure79.jpg
2005.11.03 17:21 B h:\school\courses\Figures&chart\Figure4(6)\figure8.jpg --> apdriving.com /httpdocs/course/courses/Figures&chart/Figure4(6) figure8.jpg
2005.11.03 17:21 B h:\school\courses\Figures&chart\Figure4(6)\figure80.jpg --> apdriving.com /httpdocs/course/courses/Figures&chart/Figure4(6) figure80.jpg
2005.11.03 17:21 B h:\school\courses\Figures&chart\Figure4(6)\figure81.jpg --> apdriving.com /httpdocs/course/courses/Figures&chart/Figure4(6) figure81.jpg
2005.11.03 17:21 B h:\school\courses\Figures&chart\Figure4(6)\figure82.jpg --> apdriving.com /httpdocs/course/courses/Figures&chart/Figure4(6) figure82.jpg
2005.11.03 17:21 B h:\school\courses\Figures&chart\Figure4(6)\figure83.jpg --> apdriving.com /httpdocs/course/courses/Figures&chart/Figure4(6) figure83.jpg
2005.11.03 17:21 B h:\school\courses\Figures&chart\Figure4(6)\figure84.gif --> apdriving.com /httpdocs/course/courses/Figures&chart/Figure4(6) figure84.gif
2005.11.03 17:21 B h:\school\courses\Figures&chart\Figure4(6)\figure85.jpg --> apdriving.com /httpdocs/course/courses/Figures&chart/Figure4(6) figure85.jpg
2005.11.03 17:21 B h:\school\courses\Figures&chart\Figure4(6)\figure86.jpg --> apdriving.com /httpdocs/course/courses/Figures&chart/Figure4(6) figure86.jpg
2005.11.03 17:21 B h:\school\courses\Figures&chart\Figure4(6)\figure87.jpg --> apdriving.com /httpdocs/course/courses/Figures&chart/Figure4(6) figure87.jpg
2005.11.03 17:21 B h:\school\courses\Figures&chart\Figure4(6)\figure88.jpg --> apdriving.com /httpdocs/course/courses/Figures&chart/Figure4(6) figure88.jpg
2005.11.03 17:21 B h:\school\courses\Figures&chart\Figure4(6)\figure89.jpg --> apdriving.com /httpdocs/course/courses/Figures&chart/Figure4(6) figure89.jpg
2005.11.03 17:21 B h:\school\courses\Figures&chart\Figure4(6)\figure9.jpg --> apdriving.com /httpdocs/course/courses/Figures&chart/Figure4(6) figure9.jpg
2005.11.03 17:21 B h:\school\courses\Figures&chart\Figure4(6)\figure90.jpg --> apdriving.com /httpdocs/course/courses/Figures&chart/Figure4(6) figure90.jpg
2005.11.03 17:21 B h:\school\courses\Figures&chart\Figure4(6)\figure91.jpg --> apdriving.com /httpdocs/course/courses/Figures&chart/Figure4(6) figure91.jpg
2005.11.03 17:21 B h:\school\courses\Figures&chart\Figure4(6)\figure92.jpg --> apdriving.com /httpdocs/course/courses/Figures&chart/Figure4(6) figure92.jpg
2005.11.03 17:21 B h:\school\courses\Figures&chart\Figure4(6)\figure93.jpg --> apdriving.com /httpdocs/course/courses/Figures&chart/Figure4(6) figure93.jpg
2005.11.03 17:21 B h:\school\courses\Figures&chart\Figure4(6)\Thumbs.db --> apdriving.com /httpdocs/course/courses/Figures&chart/Figure4(6) Thumbs.db
2005.11.03 17:21 B h:\school\courses\Figures&chart\Figure4(6)\WS_FTP.LOG --> apdriving.com /httpdocs/course/courses/Figures&chart/Figure4(6) WS_FTP.LOG
