2005.11.02 15:38 B H:\school\courses\Figures&chart\Figure9(1)\figure 9.1.htm <-- Somastream /www/www/sushma/courses/Figures&chart/Figure9(1) figure 9.1.htm
2005.11.02 15:38 B H:\school\courses\Figures&chart\Figure9(1)\figure10.jpg <-- Somastream /www/www/sushma/courses/Figures&chart/Figure9(1) figure10.jpg
2005.11.02 15:38 B H:\school\courses\Figures&chart\Figure9(1)\figure11.jpg <-- Somastream /www/www/sushma/courses/Figures&chart/Figure9(1) figure11.jpg
2005.11.02 15:38 B H:\school\courses\Figures&chart\Figure9(1)\figure12.jpg <-- Somastream /www/www/sushma/courses/Figures&chart/Figure9(1) figure12.jpg
2005.11.02 15:38 B H:\school\courses\Figures&chart\Figure9(1)\figure13.jpg <-- Somastream /www/www/sushma/courses/Figures&chart/Figure9(1) figure13.jpg
2005.11.02 15:38 B H:\school\courses\Figures&chart\Figure9(1)\figure14.jpg <-- Somastream /www/www/sushma/courses/Figures&chart/Figure9(1) figure14.jpg
2005.11.02 15:38 B H:\school\courses\Figures&chart\Figure9(1)\figure15.jpg <-- Somastream /www/www/sushma/courses/Figures&chart/Figure9(1) figure15.jpg
2005.11.02 15:38 B H:\school\courses\Figures&chart\Figure9(1)\figure16.jpg <-- Somastream /www/www/sushma/courses/Figures&chart/Figure9(1) figure16.jpg
2005.11.02 15:38 B H:\school\courses\Figures&chart\Figure9(1)\figure17.jpg <-- Somastream /www/www/sushma/courses/Figures&chart/Figure9(1) figure17.jpg
2005.11.02 15:38 B H:\school\courses\Figures&chart\Figure9(1)\figure18.jpg <-- Somastream /www/www/sushma/courses/Figures&chart/Figure9(1) figure18.jpg
2005.11.02 15:38 B H:\school\courses\Figures&chart\Figure9(1)\figure19.gif <-- Somastream /www/www/sushma/courses/Figures&chart/Figure9(1) figure19.gif
2005.11.02 15:38 B H:\school\courses\Figures&chart\Figure9(1)\figure20.gif <-- Somastream /www/www/sushma/courses/Figures&chart/Figure9(1) figure20.gif
2005.11.02 15:39 B H:\school\courses\Figures&chart\Figure9(1)\figure21.gif <-- Somastream /www/www/sushma/courses/Figures&chart/Figure9(1) figure21.gif
2005.11.02 15:39 B H:\school\courses\Figures&chart\Figure9(1)\figure22.gif <-- Somastream /www/www/sushma/courses/Figures&chart/Figure9(1) figure22.gif
2005.11.02 15:39 B H:\school\courses\Figures&chart\Figure9(1)\figure23.gif <-- Somastream /www/www/sushma/courses/Figures&chart/Figure9(1) figure23.gif
2005.11.02 15:39 B H:\school\courses\Figures&chart\Figure9(1)\figure24.gif <-- Somastream /www/www/sushma/courses/Figures&chart/Figure9(1) figure24.gif
2005.11.02 15:39 B H:\school\courses\Figures&chart\Figure9(1)\figure25.jpg <-- Somastream /www/www/sushma/courses/Figures&chart/Figure9(1) figure25.jpg
2005.11.02 15:39 B H:\school\courses\Figures&chart\Figure9(1)\figure26.jpg <-- Somastream /www/www/sushma/courses/Figures&chart/Figure9(1) figure26.jpg
2005.11.02 15:39 B H:\school\courses\Figures&chart\Figure9(1)\figure27.jpg <-- Somastream /www/www/sushma/courses/Figures&chart/Figure9(1) figure27.jpg
2005.11.02 15:39 B H:\school\courses\Figures&chart\Figure9(1)\figure28.jpg <-- Somastream /www/www/sushma/courses/Figures&chart/Figure9(1) figure28.jpg
2005.11.02 15:39 B H:\school\courses\Figures&chart\Figure9(1)\figure29.jpg <-- Somastream /www/www/sushma/courses/Figures&chart/Figure9(1) figure29.jpg
2005.11.02 15:39 B H:\school\courses\Figures&chart\Figure9(1)\figure3.jpg <-- Somastream /www/www/sushma/courses/Figures&chart/Figure9(1) figure3.jpg
2005.11.02 15:39 B H:\school\courses\Figures&chart\Figure9(1)\figure30.gif <-- Somastream /www/www/sushma/courses/Figures&chart/Figure9(1) figure30.gif
2005.11.02 15:39 B H:\school\courses\Figures&chart\Figure9(1)\figure31.gif <-- Somastream /www/www/sushma/courses/Figures&chart/Figure9(1) figure31.gif
2005.11.02 15:39 B H:\school\courses\Figures&chart\Figure9(1)\figure32.gif <-- Somastream /www/www/sushma/courses/Figures&chart/Figure9(1) figure32.gif
2005.11.02 15:39 B H:\school\courses\Figures&chart\Figure9(1)\figure33.gif <-- Somastream /www/www/sushma/courses/Figures&chart/Figure9(1) figure33.gif
2005.11.02 15:39 B H:\school\courses\Figures&chart\Figure9(1)\figure34.gif <-- Somastream /www/www/sushma/courses/Figures&chart/Figure9(1) figure34.gif
2005.11.02 15:39 B H:\school\courses\Figures&chart\Figure9(1)\figure35.gif <-- Somastream /www/www/sushma/courses/Figures&chart/Figure9(1) figure35.gif
2005.11.02 15:39 B H:\school\courses\Figures&chart\Figure9(1)\figure36.gif <-- Somastream /www/www/sushma/courses/Figures&chart/Figure9(1) figure36.gif
2005.11.02 15:39 B H:\school\courses\Figures&chart\Figure9(1)\figure37.jpg <-- Somastream /www/www/sushma/courses/Figures&chart/Figure9(1) figure37.jpg
2005.11.02 15:39 B H:\school\courses\Figures&chart\Figure9(1)\figure4.jpg <-- Somastream /www/www/sushma/courses/Figures&chart/Figure9(1) figure4.jpg
2005.11.02 15:40 B H:\school\courses\Figures&chart\Figure9(1)\figure5.jpg <-- Somastream /www/www/sushma/courses/Figures&chart/Figure9(1) figure5.jpg
2005.11.02 15:40 B H:\school\courses\Figures&chart\Figure9(1)\figure6.gif <-- Somastream /www/www/sushma/courses/Figures&chart/Figure9(1) figure6.gif
2005.11.02 15:40 B H:\school\courses\Figures&chart\Figure9(1)\figure7.gif <-- Somastream /www/www/sushma/courses/Figures&chart/Figure9(1) figure7.gif
2005.11.02 15:40 B H:\school\courses\Figures&chart\Figure9(1)\figure8.gif <-- Somastream /www/www/sushma/courses/Figures&chart/Figure9(1) figure8.gif
2005.11.02 15:40 B H:\school\courses\Figures&chart\Figure9(1)\figure9.jpg <-- Somastream /www/www/sushma/courses/Figures&chart/Figure9(1) figure9.jpg
2005.11.02 15:40 B H:\school\courses\Figures&chart\Figure9(1)\figure91.inc.php <-- Somastream /www/www/sushma/courses/Figures&chart/Figure9(1) figure91.inc.php
2005.11.02 15:40 B H:\school\courses\Figures&chart\Figure9(1)\figure91.php <-- Somastream /www/www/sushma/courses/Figures&chart/Figure9(1) figure91.php
2005.11.03 16:57 B h:\school\courses\Figures&chart\Figure9(1)\figure 9.1.htm --> apdriving.com /httpdocs/course/courses/Figures&chart/Figure9(1) figure 9.1.htm
2005.11.03 16:57 B h:\school\courses\Figures&chart\Figure9(1)\figure10.jpg --> apdriving.com /httpdocs/course/courses/Figures&chart/Figure9(1) figure10.jpg
2005.11.03 16:57 B h:\school\courses\Figures&chart\Figure9(1)\figure11.jpg --> apdriving.com /httpdocs/course/courses/Figures&chart/Figure9(1) figure11.jpg
2005.11.03 16:57 B h:\school\courses\Figures&chart\Figure9(1)\figure12.jpg --> apdriving.com /httpdocs/course/courses/Figures&chart/Figure9(1) figure12.jpg
2005.11.03 16:57 B h:\school\courses\Figures&chart\Figure9(1)\figure13.jpg --> apdriving.com /httpdocs/course/courses/Figures&chart/Figure9(1) figure13.jpg
2005.11.03 16:57 B h:\school\courses\Figures&chart\Figure9(1)\figure14.jpg --> apdriving.com /httpdocs/course/courses/Figures&chart/Figure9(1) figure14.jpg
2005.11.03 16:57 B h:\school\courses\Figures&chart\Figure9(1)\figure15.jpg --> apdriving.com /httpdocs/course/courses/Figures&chart/Figure9(1) figure15.jpg
2005.11.03 16:57 B h:\school\courses\Figures&chart\Figure9(1)\figure16.jpg --> apdriving.com /httpdocs/course/courses/Figures&chart/Figure9(1) figure16.jpg
2005.11.03 16:57 B h:\school\courses\Figures&chart\Figure9(1)\figure17.jpg --> apdriving.com /httpdocs/course/courses/Figures&chart/Figure9(1) figure17.jpg
2005.11.03 16:57 B h:\school\courses\Figures&chart\Figure9(1)\figure18.jpg --> apdriving.com /httpdocs/course/courses/Figures&chart/Figure9(1) figure18.jpg
2005.11.03 16:57 B h:\school\courses\Figures&chart\Figure9(1)\figure19.gif --> apdriving.com /httpdocs/course/courses/Figures&chart/Figure9(1) figure19.gif
2005.11.03 16:57 B h:\school\courses\Figures&chart\Figure9(1)\figure20.gif --> apdriving.com /httpdocs/course/courses/Figures&chart/Figure9(1) figure20.gif
2005.11.03 16:57 B h:\school\courses\Figures&chart\Figure9(1)\figure21.gif --> apdriving.com /httpdocs/course/courses/Figures&chart/Figure9(1) figure21.gif
2005.11.03 16:57 B h:\school\courses\Figures&chart\Figure9(1)\figure22.gif --> apdriving.com /httpdocs/course/courses/Figures&chart/Figure9(1) figure22.gif
2005.11.03 16:57 B h:\school\courses\Figures&chart\Figure9(1)\figure23.gif --> apdriving.com /httpdocs/course/courses/Figures&chart/Figure9(1) figure23.gif
2005.11.03 16:57 B h:\school\courses\Figures&chart\Figure9(1)\figure24.gif --> apdriving.com /httpdocs/course/courses/Figures&chart/Figure9(1) figure24.gif
2005.11.03 16:57 B h:\school\courses\Figures&chart\Figure9(1)\figure25.jpg --> apdriving.com /httpdocs/course/courses/Figures&chart/Figure9(1) figure25.jpg
2005.11.03 16:57 B h:\school\courses\Figures&chart\Figure9(1)\figure26.jpg --> apdriving.com /httpdocs/course/courses/Figures&chart/Figure9(1) figure26.jpg
2005.11.03 16:57 B h:\school\courses\Figures&chart\Figure9(1)\figure27.jpg --> apdriving.com /httpdocs/course/courses/Figures&chart/Figure9(1) figure27.jpg
2005.11.03 16:57 B h:\school\courses\Figures&chart\Figure9(1)\figure28.jpg --> apdriving.com /httpdocs/course/courses/Figures&chart/Figure9(1) figure28.jpg
2005.11.03 16:57 B h:\school\courses\Figures&chart\Figure9(1)\figure29.jpg --> apdriving.com /httpdocs/course/courses/Figures&chart/Figure9(1) figure29.jpg
2005.11.03 16:57 B h:\school\courses\Figures&chart\Figure9(1)\figure3.jpg --> apdriving.com /httpdocs/course/courses/Figures&chart/Figure9(1) figure3.jpg
2005.11.03 16:57 B h:\school\courses\Figures&chart\Figure9(1)\figure30.gif --> apdriving.com /httpdocs/course/courses/Figures&chart/Figure9(1) figure30.gif
2005.11.03 16:57 B h:\school\courses\Figures&chart\Figure9(1)\figure31.gif --> apdriving.com /httpdocs/course/courses/Figures&chart/Figure9(1) figure31.gif
2005.11.03 16:57 B h:\school\courses\Figures&chart\Figure9(1)\figure32.gif --> apdriving.com /httpdocs/course/courses/Figures&chart/Figure9(1) figure32.gif
2005.11.03 16:57 B h:\school\courses\Figures&chart\Figure9(1)\figure33.gif --> apdriving.com /httpdocs/course/courses/Figures&chart/Figure9(1) figure33.gif
2005.11.03 16:57 B h:\school\courses\Figures&chart\Figure9(1)\figure34.gif --> apdriving.com /httpdocs/course/courses/Figures&chart/Figure9(1) figure34.gif
2005.11.03 16:57 B h:\school\courses\Figures&chart\Figure9(1)\figure35.gif --> apdriving.com /httpdocs/course/courses/Figures&chart/Figure9(1) figure35.gif
2005.11.03 16:57 B h:\school\courses\Figures&chart\Figure9(1)\figure36.gif --> apdriving.com /httpdocs/course/courses/Figures&chart/Figure9(1) figure36.gif
2005.11.03 16:57 B h:\school\courses\Figures&chart\Figure9(1)\figure37.jpg --> apdriving.com /httpdocs/course/courses/Figures&chart/Figure9(1) figure37.jpg
2005.11.03 16:57 B h:\school\courses\Figures&chart\Figure9(1)\figure4.jpg --> apdriving.com /httpdocs/course/courses/Figures&chart/Figure9(1) figure4.jpg
2005.11.03 16:57 B h:\school\courses\Figures&chart\Figure9(1)\figure5.jpg --> apdriving.com /httpdocs/course/courses/Figures&chart/Figure9(1) figure5.jpg
2005.11.03 16:57 B h:\school\courses\Figures&chart\Figure9(1)\figure6.gif --> apdriving.com /httpdocs/course/courses/Figures&chart/Figure9(1) figure6.gif
2005.11.03 16:57 B h:\school\courses\Figures&chart\Figure9(1)\figure7.gif --> apdriving.com /httpdocs/course/courses/Figures&chart/Figure9(1) figure7.gif
2005.11.03 16:57 B h:\school\courses\Figures&chart\Figure9(1)\figure8.gif --> apdriving.com /httpdocs/course/courses/Figures&chart/Figure9(1) figure8.gif
2005.11.03 16:57 B h:\school\courses\Figures&chart\Figure9(1)\figure9.jpg --> apdriving.com /httpdocs/course/courses/Figures&chart/Figure9(1) figure9.jpg
2005.11.03 16:57 B h:\school\courses\Figures&chart\Figure9(1)\figure91.inc.php --> apdriving.com /httpdocs/course/courses/Figures&chart/Figure9(1) figure91.inc.php
2005.11.03 16:57 B h:\school\courses\Figures&chart\Figure9(1)\figure91.php --> apdriving.com /httpdocs/course/courses/Figures&chart/Figure9(1) figure91.php
2005.11.03 16:57 B h:\school\courses\Figures&chart\Figure9(1)\WS_FTP.LOG --> apdriving.com /httpdocs/course/courses/Figures&chart/Figure9(1) WS_FTP.LOG
2005.11.03 17:21 B h:\school\courses\Figures&chart\Figure9(1)\figure 9.1.htm --> apdriving.com /httpdocs/course/courses/Figures&chart/Figure9(1) figure 9.1.htm
2005.11.03 17:21 B h:\school\courses\Figures&chart\Figure9(1)\figure10.jpg --> apdriving.com /httpdocs/course/courses/Figures&chart/Figure9(1) figure10.jpg
2005.11.03 17:21 B h:\school\courses\Figures&chart\Figure9(1)\figure11.jpg --> apdriving.com /httpdocs/course/courses/Figures&chart/Figure9(1) figure11.jpg
2005.11.03 17:22 B h:\school\courses\Figures&chart\Figure9(1)\figure12.jpg --> apdriving.com /httpdocs/course/courses/Figures&chart/Figure9(1) figure12.jpg
2005.11.03 17:22 B h:\school\courses\Figures&chart\Figure9(1)\figure13.jpg --> apdriving.com /httpdocs/course/courses/Figures&chart/Figure9(1) figure13.jpg
2005.11.03 17:22 B h:\school\courses\Figures&chart\Figure9(1)\figure14.jpg --> apdriving.com /httpdocs/course/courses/Figures&chart/Figure9(1) figure14.jpg
2005.11.03 17:22 B h:\school\courses\Figures&chart\Figure9(1)\figure15.jpg --> apdriving.com /httpdocs/course/courses/Figures&chart/Figure9(1) figure15.jpg
2005.11.03 17:22 B h:\school\courses\Figures&chart\Figure9(1)\figure16.jpg --> apdriving.com /httpdocs/course/courses/Figures&chart/Figure9(1) figure16.jpg
2005.11.03 17:22 B h:\school\courses\Figures&chart\Figure9(1)\figure17.jpg --> apdriving.com /httpdocs/course/courses/Figures&chart/Figure9(1) figure17.jpg
2005.11.03 17:22 B h:\school\courses\Figures&chart\Figure9(1)\figure18.jpg --> apdriving.com /httpdocs/course/courses/Figures&chart/Figure9(1) figure18.jpg
2005.11.03 17:22 B h:\school\courses\Figures&chart\Figure9(1)\figure19.gif --> apdriving.com /httpdocs/course/courses/Figures&chart/Figure9(1) figure19.gif
2005.11.03 17:22 B h:\school\courses\Figures&chart\Figure9(1)\figure20.gif --> apdriving.com /httpdocs/course/courses/Figures&chart/Figure9(1) figure20.gif
2005.11.03 17:22 B h:\school\courses\Figures&chart\Figure9(1)\figure21.gif --> apdriving.com /httpdocs/course/courses/Figures&chart/Figure9(1) figure21.gif
2005.11.03 17:22 B h:\school\courses\Figures&chart\Figure9(1)\figure22.gif --> apdriving.com /httpdocs/course/courses/Figures&chart/Figure9(1) figure22.gif
2005.11.03 17:22 B h:\school\courses\Figures&chart\Figure9(1)\figure23.gif --> apdriving.com /httpdocs/course/courses/Figures&chart/Figure9(1) figure23.gif
2005.11.03 17:22 B h:\school\courses\Figures&chart\Figure9(1)\figure24.gif --> apdriving.com /httpdocs/course/courses/Figures&chart/Figure9(1) figure24.gif
2005.11.03 17:22 B h:\school\courses\Figures&chart\Figure9(1)\figure25.jpg --> apdriving.com /httpdocs/course/courses/Figures&chart/Figure9(1) figure25.jpg
2005.11.03 17:22 B h:\school\courses\Figures&chart\Figure9(1)\figure26.jpg --> apdriving.com /httpdocs/course/courses/Figures&chart/Figure9(1) figure26.jpg
2005.11.03 17:22 B h:\school\courses\Figures&chart\Figure9(1)\figure27.jpg --> apdriving.com /httpdocs/course/courses/Figures&chart/Figure9(1) figure27.jpg
2005.11.03 17:22 B h:\school\courses\Figures&chart\Figure9(1)\figure28.jpg --> apdriving.com /httpdocs/course/courses/Figures&chart/Figure9(1) figure28.jpg
2005.11.03 17:22 B h:\school\courses\Figures&chart\Figure9(1)\figure29.jpg --> apdriving.com /httpdocs/course/courses/Figures&chart/Figure9(1) figure29.jpg
2005.11.03 17:22 B h:\school\courses\Figures&chart\Figure9(1)\figure3.jpg --> apdriving.com /httpdocs/course/courses/Figures&chart/Figure9(1) figure3.jpg
2005.11.03 17:22 B h:\school\courses\Figures&chart\Figure9(1)\figure30.gif --> apdriving.com /httpdocs/course/courses/Figures&chart/Figure9(1) figure30.gif
2005.11.03 17:22 B h:\school\courses\Figures&chart\Figure9(1)\figure31.gif --> apdriving.com /httpdocs/course/courses/Figures&chart/Figure9(1) figure31.gif
2005.11.03 17:22 B h:\school\courses\Figures&chart\Figure9(1)\figure32.gif --> apdriving.com /httpdocs/course/courses/Figures&chart/Figure9(1) figure32.gif
2005.11.03 17:22 B h:\school\courses\Figures&chart\Figure9(1)\figure33.gif --> apdriving.com /httpdocs/course/courses/Figures&chart/Figure9(1) figure33.gif
2005.11.03 17:22 B h:\school\courses\Figures&chart\Figure9(1)\figure34.gif --> apdriving.com /httpdocs/course/courses/Figures&chart/Figure9(1) figure34.gif
2005.11.03 17:22 B h:\school\courses\Figures&chart\Figure9(1)\figure35.gif --> apdriving.com /httpdocs/course/courses/Figures&chart/Figure9(1) figure35.gif
2005.11.03 17:22 B h:\school\courses\Figures&chart\Figure9(1)\figure36.gif --> apdriving.com /httpdocs/course/courses/Figures&chart/Figure9(1) figure36.gif
2005.11.03 17:22 B h:\school\courses\Figures&chart\Figure9(1)\figure37.jpg --> apdriving.com /httpdocs/course/courses/Figures&chart/Figure9(1) figure37.jpg
2005.11.03 17:22 B h:\school\courses\Figures&chart\Figure9(1)\figure4.jpg --> apdriving.com /httpdocs/course/courses/Figures&chart/Figure9(1) figure4.jpg
2005.11.03 17:22 B h:\school\courses\Figures&chart\Figure9(1)\figure5.jpg --> apdriving.com /httpdocs/course/courses/Figures&chart/Figure9(1) figure5.jpg
2005.11.03 17:22 B h:\school\courses\Figures&chart\Figure9(1)\figure6.gif --> apdriving.com /httpdocs/course/courses/Figures&chart/Figure9(1) figure6.gif
2005.11.03 17:22 B h:\school\courses\Figures&chart\Figure9(1)\figure7.gif --> apdriving.com /httpdocs/course/courses/Figures&chart/Figure9(1) figure7.gif
2005.11.03 17:22 B h:\school\courses\Figures&chart\Figure9(1)\figure8.gif --> apdriving.com /httpdocs/course/courses/Figures&chart/Figure9(1) figure8.gif
2005.11.03 17:22 B h:\school\courses\Figures&chart\Figure9(1)\figure9.jpg --> apdriving.com /httpdocs/course/courses/Figures&chart/Figure9(1) figure9.jpg
2005.11.03 17:22 B h:\school\courses\Figures&chart\Figure9(1)\figure91.inc.php --> apdriving.com /httpdocs/course/courses/Figures&chart/Figure9(1) figure91.inc.php
2005.11.03 17:22 B h:\school\courses\Figures&chart\Figure9(1)\figure91.php --> apdriving.com /httpdocs/course/courses/Figures&chart/Figure9(1) figure91.php
2005.11.03 17:22 B h:\school\courses\Figures&chart\Figure9(1)\WS_FTP.LOG --> apdriving.com /httpdocs/course/courses/Figures&chart/Figure9(1) WS_FTP.LOG
