2005.11.02 15:36 B H:\school\courses\Figures&chart\figure4(8)\figure24.gif <-- Somastream /www/www/sushma/courses/Figures&chart/figure4(8) figure24.gif
2005.11.02 15:37 B H:\school\courses\Figures&chart\figure4(8)\figure25.gif <-- Somastream /www/www/sushma/courses/Figures&chart/figure4(8) figure25.gif
2005.11.02 15:37 B H:\school\courses\Figures&chart\figure4(8)\figure26.gif <-- Somastream /www/www/sushma/courses/Figures&chart/figure4(8) figure26.gif
2005.11.02 15:37 B H:\school\courses\Figures&chart\figure4(8)\figure27.gif <-- Somastream /www/www/sushma/courses/Figures&chart/figure4(8) figure27.gif
2005.11.02 15:37 B H:\school\courses\Figures&chart\figure4(8)\figure28.gif <-- Somastream /www/www/sushma/courses/Figures&chart/figure4(8) figure28.gif
2005.11.02 15:37 B H:\school\courses\Figures&chart\figure4(8)\figure29.gif <-- Somastream /www/www/sushma/courses/Figures&chart/figure4(8) figure29.gif
2005.11.02 15:37 B H:\school\courses\Figures&chart\figure4(8)\figure48.inc.php <-- Somastream /www/www/sushma/courses/Figures&chart/figure4(8) figure48.inc.php
2005.11.02 15:37 B H:\school\courses\Figures&chart\figure4(8)\figure48.php <-- Somastream /www/www/sushma/courses/Figures&chart/figure4(8) figure48.php
2005.11.02 15:37 B H:\school\courses\Figures&chart\figure4(8)\Thumbs.db <-- Somastream /www/www/sushma/courses/Figures&chart/figure4(8) Thumbs.db
2005.11.03 16:57 B h:\school\courses\Figures&chart\figure4(8)\figure24.gif --> apdriving.com /httpdocs/course/courses/Figures&chart/figure4(8) figure24.gif
2005.11.03 16:57 B h:\school\courses\Figures&chart\figure4(8)\figure25.gif --> apdriving.com /httpdocs/course/courses/Figures&chart/figure4(8) figure25.gif
2005.11.03 16:57 B h:\school\courses\Figures&chart\figure4(8)\figure26.gif --> apdriving.com /httpdocs/course/courses/Figures&chart/figure4(8) figure26.gif
2005.11.03 16:57 B h:\school\courses\Figures&chart\figure4(8)\figure27.gif --> apdriving.com /httpdocs/course/courses/Figures&chart/figure4(8) figure27.gif
2005.11.03 16:57 B h:\school\courses\Figures&chart\figure4(8)\figure28.gif --> apdriving.com /httpdocs/course/courses/Figures&chart/figure4(8) figure28.gif
2005.11.03 16:57 B h:\school\courses\Figures&chart\figure4(8)\figure29.gif --> apdriving.com /httpdocs/course/courses/Figures&chart/figure4(8) figure29.gif
2005.11.03 16:57 B h:\school\courses\Figures&chart\figure4(8)\figure48.inc.php --> apdriving.com /httpdocs/course/courses/Figures&chart/figure4(8) figure48.inc.php
2005.11.03 16:57 B h:\school\courses\Figures&chart\figure4(8)\figure48.php --> apdriving.com /httpdocs/course/courses/Figures&chart/figure4(8) figure48.php
2005.11.03 16:57 B h:\school\courses\Figures&chart\figure4(8)\Thumbs.db --> apdriving.com /httpdocs/course/courses/Figures&chart/figure4(8) Thumbs.db
2005.11.03 16:57 B h:\school\courses\Figures&chart\figure4(8)\WS_FTP.LOG --> apdriving.com /httpdocs/course/courses/Figures&chart/figure4(8) WS_FTP.LOG
2005.11.03 17:21 B h:\school\courses\Figures&chart\figure4(8)\figure24.gif --> apdriving.com /httpdocs/course/courses/Figures&chart/figure4(8) figure24.gif
2005.11.03 17:21 B h:\school\courses\Figures&chart\figure4(8)\figure25.gif --> apdriving.com /httpdocs/course/courses/Figures&chart/figure4(8) figure25.gif
2005.11.03 17:21 B h:\school\courses\Figures&chart\figure4(8)\figure26.gif --> apdriving.com /httpdocs/course/courses/Figures&chart/figure4(8) figure26.gif
2005.11.03 17:21 B h:\school\courses\Figures&chart\figure4(8)\figure27.gif --> apdriving.com /httpdocs/course/courses/Figures&chart/figure4(8) figure27.gif
2005.11.03 17:21 B h:\school\courses\Figures&chart\figure4(8)\figure28.gif --> apdriving.com /httpdocs/course/courses/Figures&chart/figure4(8) figure28.gif
2005.11.03 17:21 B h:\school\courses\Figures&chart\figure4(8)\figure29.gif --> apdriving.com /httpdocs/course/courses/Figures&chart/figure4(8) figure29.gif
2005.11.03 17:21 B h:\school\courses\Figures&chart\figure4(8)\figure48.inc.php --> apdriving.com /httpdocs/course/courses/Figures&chart/figure4(8) figure48.inc.php
2005.11.03 17:21 B h:\school\courses\Figures&chart\figure4(8)\figure48.php --> apdriving.com /httpdocs/course/courses/Figures&chart/figure4(8) figure48.php
2005.11.03 17:21 B h:\school\courses\Figures&chart\figure4(8)\Thumbs.db --> apdriving.com /httpdocs/course/courses/Figures&chart/figure4(8) Thumbs.db
2005.11.03 17:21 B h:\school\courses\Figures&chart\figure4(8)\WS_FTP.LOG --> apdriving.com /httpdocs/course/courses/Figures&chart/figure4(8) WS_FTP.LOG
