2005.10.31 20:36 B H:\school\courses\Figures&chart\Figure4(1)\figure 4.1.htm <-- Somastream /www/www/sushma/courses/Figures&chart/Figure4(1) figure 4.1.htm
2005.10.31 20:36 B H:\school\courses\Figures&chart\Figure4(1)\figure1.jpg <-- Somastream /www/www/sushma/courses/Figures&chart/Figure4(1) figure1.jpg
2005.10.31 20:36 B H:\school\courses\Figures&chart\Figure4(1)\figure10.gif <-- Somastream /www/www/sushma/courses/Figures&chart/Figure4(1) figure10.gif
2005.10.31 20:36 B H:\school\courses\Figures&chart\Figure4(1)\figure11.gif <-- Somastream /www/www/sushma/courses/Figures&chart/Figure4(1) figure11.gif
2005.10.31 20:36 B H:\school\courses\Figures&chart\Figure4(1)\figure12.jpg <-- Somastream /www/www/sushma/courses/Figures&chart/Figure4(1) figure12.jpg
2005.10.31 20:36 B H:\school\courses\Figures&chart\Figure4(1)\figure13.jpg <-- Somastream /www/www/sushma/courses/Figures&chart/Figure4(1) figure13.jpg
2005.10.31 20:36 B H:\school\courses\Figures&chart\Figure4(1)\figure14.jpg <-- Somastream /www/www/sushma/courses/Figures&chart/Figure4(1) figure14.jpg
2005.10.31 20:36 B H:\school\courses\Figures&chart\Figure4(1)\figure15.jpg <-- Somastream /www/www/sushma/courses/Figures&chart/Figure4(1) figure15.jpg
2005.10.31 20:36 B H:\school\courses\Figures&chart\Figure4(1)\figure16.jpg <-- Somastream /www/www/sushma/courses/Figures&chart/Figure4(1) figure16.jpg
2005.10.31 20:36 B H:\school\courses\Figures&chart\Figure4(1)\figure17.gif <-- Somastream /www/www/sushma/courses/Figures&chart/Figure4(1) figure17.gif
2005.10.31 20:36 B H:\school\courses\Figures&chart\Figure4(1)\figure18.gif <-- Somastream /www/www/sushma/courses/Figures&chart/Figure4(1) figure18.gif
2005.10.31 20:36 B H:\school\courses\Figures&chart\Figure4(1)\figure19.jpg <-- Somastream /www/www/sushma/courses/Figures&chart/Figure4(1) figure19.jpg
2005.10.31 20:36 B H:\school\courses\Figures&chart\Figure4(1)\figure2.jpg <-- Somastream /www/www/sushma/courses/Figures&chart/Figure4(1) figure2.jpg
2005.10.31 20:36 B H:\school\courses\Figures&chart\Figure4(1)\figure20.jpg <-- Somastream /www/www/sushma/courses/Figures&chart/Figure4(1) figure20.jpg
2005.10.31 20:36 B H:\school\courses\Figures&chart\Figure4(1)\figure21.gif <-- Somastream /www/www/sushma/courses/Figures&chart/Figure4(1) figure21.gif
2005.10.31 20:36 B H:\school\courses\Figures&chart\Figure4(1)\figure22.gif <-- Somastream /www/www/sushma/courses/Figures&chart/Figure4(1) figure22.gif
2005.10.31 20:36 B H:\school\courses\Figures&chart\Figure4(1)\figure23.jpg <-- Somastream /www/www/sushma/courses/Figures&chart/Figure4(1) figure23.jpg
2005.10.31 20:36 B H:\school\courses\Figures&chart\Figure4(1)\figure24.jpg <-- Somastream /www/www/sushma/courses/Figures&chart/Figure4(1) figure24.jpg
2005.10.31 20:36 B H:\school\courses\Figures&chart\Figure4(1)\figure25.jpg <-- Somastream /www/www/sushma/courses/Figures&chart/Figure4(1) figure25.jpg
2005.10.31 20:36 B H:\school\courses\Figures&chart\Figure4(1)\figure26.jpg <-- Somastream /www/www/sushma/courses/Figures&chart/Figure4(1) figure26.jpg
2005.10.31 20:36 B H:\school\courses\Figures&chart\Figure4(1)\figure27.gif <-- Somastream /www/www/sushma/courses/Figures&chart/Figure4(1) figure27.gif
2005.10.31 20:36 B H:\school\courses\Figures&chart\Figure4(1)\figure28.jpg <-- Somastream /www/www/sushma/courses/Figures&chart/Figure4(1) figure28.jpg
2005.10.31 20:36 B H:\school\courses\Figures&chart\Figure4(1)\figure29.jpg <-- Somastream /www/www/sushma/courses/Figures&chart/Figure4(1) figure29.jpg
2005.10.31 20:36 B H:\school\courses\Figures&chart\Figure4(1)\figure3.jpg <-- Somastream /www/www/sushma/courses/Figures&chart/Figure4(1) figure3.jpg
2005.10.31 20:37 B H:\school\courses\Figures&chart\Figure4(1)\figure30.gif <-- Somastream /www/www/sushma/courses/Figures&chart/Figure4(1) figure30.gif
2005.10.31 20:37 B H:\school\courses\Figures&chart\Figure4(1)\figure31.gif <-- Somastream /www/www/sushma/courses/Figures&chart/Figure4(1) figure31.gif
2005.10.31 20:37 B H:\school\courses\Figures&chart\Figure4(1)\figure32.gif <-- Somastream /www/www/sushma/courses/Figures&chart/Figure4(1) figure32.gif
2005.10.31 20:37 B H:\school\courses\Figures&chart\Figure4(1)\figure33.gif <-- Somastream /www/www/sushma/courses/Figures&chart/Figure4(1) figure33.gif
2005.10.31 20:37 B H:\school\courses\Figures&chart\Figure4(1)\figure34.jpg <-- Somastream /www/www/sushma/courses/Figures&chart/Figure4(1) figure34.jpg
2005.10.31 20:37 B H:\school\courses\Figures&chart\Figure4(1)\figure35.jpg <-- Somastream /www/www/sushma/courses/Figures&chart/Figure4(1) figure35.jpg
2005.10.31 20:37 B H:\school\courses\Figures&chart\Figure4(1)\figure36.jpg <-- Somastream /www/www/sushma/courses/Figures&chart/Figure4(1) figure36.jpg
2005.10.31 20:37 B H:\school\courses\Figures&chart\Figure4(1)\figure37.gif <-- Somastream /www/www/sushma/courses/Figures&chart/Figure4(1) figure37.gif
2005.10.31 20:37 B H:\school\courses\Figures&chart\Figure4(1)\figure38.gif <-- Somastream /www/www/sushma/courses/Figures&chart/Figure4(1) figure38.gif
2005.10.31 20:37 B H:\school\courses\Figures&chart\Figure4(1)\figure39.jpg <-- Somastream /www/www/sushma/courses/Figures&chart/Figure4(1) figure39.jpg
2005.10.31 20:38 B H:\school\courses\Figures&chart\Figure4(1)\figure4.jpg <-- Somastream /www/www/sushma/courses/Figures&chart/Figure4(1) figure4.jpg
2005.10.31 20:38 B H:\school\courses\Figures&chart\Figure4(1)\figure40.gif <-- Somastream /www/www/sushma/courses/Figures&chart/Figure4(1) figure40.gif
2005.10.31 20:38 B H:\school\courses\Figures&chart\Figure4(1)\figure41.inc.php <-- Somastream /www/www/sushma/courses/Figures&chart/Figure4(1) figure41.inc.php
2005.10.31 20:38 B H:\school\courses\Figures&chart\Figure4(1)\figure41.jpg <-- Somastream /www/www/sushma/courses/Figures&chart/Figure4(1) figure41.jpg
2005.10.31 20:38 B H:\school\courses\Figures&chart\Figure4(1)\figure41.php <-- Somastream /www/www/sushma/courses/Figures&chart/Figure4(1) figure41.php
2005.10.31 20:38 B H:\school\courses\Figures&chart\Figure4(1)\figure42.jpg <-- Somastream /www/www/sushma/courses/Figures&chart/Figure4(1) figure42.jpg
2005.10.31 20:38 B H:\school\courses\Figures&chart\Figure4(1)\figure43.gif <-- Somastream /www/www/sushma/courses/Figures&chart/Figure4(1) figure43.gif
2005.10.31 20:38 B H:\school\courses\Figures&chart\Figure4(1)\figure44.gif <-- Somastream /www/www/sushma/courses/Figures&chart/Figure4(1) figure44.gif
2005.10.31 20:38 B H:\school\courses\Figures&chart\Figure4(1)\figure45.gif <-- Somastream /www/www/sushma/courses/Figures&chart/Figure4(1) figure45.gif
2005.10.31 20:38 B H:\school\courses\Figures&chart\Figure4(1)\figure46.jpg <-- Somastream /www/www/sushma/courses/Figures&chart/Figure4(1) figure46.jpg
2005.10.31 20:38 B H:\school\courses\Figures&chart\Figure4(1)\figure47.gif <-- Somastream /www/www/sushma/courses/Figures&chart/Figure4(1) figure47.gif
2005.10.31 20:38 B H:\school\courses\Figures&chart\Figure4(1)\figure48.jpg <-- Somastream /www/www/sushma/courses/Figures&chart/Figure4(1) figure48.jpg
2005.10.31 20:38 B H:\school\courses\Figures&chart\Figure4(1)\figure49.gif <-- Somastream /www/www/sushma/courses/Figures&chart/Figure4(1) figure49.gif
2005.10.31 20:38 B H:\school\courses\Figures&chart\Figure4(1)\figure5.jpg <-- Somastream /www/www/sushma/courses/Figures&chart/Figure4(1) figure5.jpg
2005.10.31 20:38 B H:\school\courses\Figures&chart\Figure4(1)\figure50.gif <-- Somastream /www/www/sushma/courses/Figures&chart/Figure4(1) figure50.gif
2005.10.31 20:38 B H:\school\courses\Figures&chart\Figure4(1)\figure51.gif <-- Somastream /www/www/sushma/courses/Figures&chart/Figure4(1) figure51.gif
2005.10.31 20:38 B H:\school\courses\Figures&chart\Figure4(1)\figure52.gif <-- Somastream /www/www/sushma/courses/Figures&chart/Figure4(1) figure52.gif
2005.10.31 20:38 B H:\school\courses\Figures&chart\Figure4(1)\figure53.gif <-- Somastream /www/www/sushma/courses/Figures&chart/Figure4(1) figure53.gif
2005.10.31 20:38 B H:\school\courses\Figures&chart\Figure4(1)\figure54.gif <-- Somastream /www/www/sushma/courses/Figures&chart/Figure4(1) figure54.gif
2005.10.31 20:38 B H:\school\courses\Figures&chart\Figure4(1)\figure55.gif <-- Somastream /www/www/sushma/courses/Figures&chart/Figure4(1) figure55.gif
2005.10.31 20:38 B H:\school\courses\Figures&chart\Figure4(1)\figure56.gif <-- Somastream /www/www/sushma/courses/Figures&chart/Figure4(1) figure56.gif
2005.10.31 20:38 B H:\school\courses\Figures&chart\Figure4(1)\figure57.jpg <-- Somastream /www/www/sushma/courses/Figures&chart/Figure4(1) figure57.jpg
2005.10.31 20:38 B H:\school\courses\Figures&chart\Figure4(1)\figure58.gif <-- Somastream /www/www/sushma/courses/Figures&chart/Figure4(1) figure58.gif
2005.10.31 20:38 B H:\school\courses\Figures&chart\Figure4(1)\figure59.gif <-- Somastream /www/www/sushma/courses/Figures&chart/Figure4(1) figure59.gif
2005.10.31 20:38 B H:\school\courses\Figures&chart\Figure4(1)\figure6.jpg <-- Somastream /www/www/sushma/courses/Figures&chart/Figure4(1) figure6.jpg
2005.10.31 20:38 B H:\school\courses\Figures&chart\Figure4(1)\figure60.gif <-- Somastream /www/www/sushma/courses/Figures&chart/Figure4(1) figure60.gif
2005.10.31 20:38 B H:\school\courses\Figures&chart\Figure4(1)\figure61.gif <-- Somastream /www/www/sushma/courses/Figures&chart/Figure4(1) figure61.gif
2005.10.31 20:38 B H:\school\courses\Figures&chart\Figure4(1)\figure62.jpg <-- Somastream /www/www/sushma/courses/Figures&chart/Figure4(1) figure62.jpg
2005.10.31 20:38 B H:\school\courses\Figures&chart\Figure4(1)\figure63.jpg <-- Somastream /www/www/sushma/courses/Figures&chart/Figure4(1) figure63.jpg
2005.10.31 20:38 B H:\school\courses\Figures&chart\Figure4(1)\figure64.jpg <-- Somastream /www/www/sushma/courses/Figures&chart/Figure4(1) figure64.jpg
2005.10.31 20:38 B H:\school\courses\Figures&chart\Figure4(1)\figure65.jpg <-- Somastream /www/www/sushma/courses/Figures&chart/Figure4(1) figure65.jpg
2005.10.31 20:38 B H:\school\courses\Figures&chart\Figure4(1)\figure66.jpg <-- Somastream /www/www/sushma/courses/Figures&chart/Figure4(1) figure66.jpg
2005.10.31 20:38 B H:\school\courses\Figures&chart\Figure4(1)\figure67.gif <-- Somastream /www/www/sushma/courses/Figures&chart/Figure4(1) figure67.gif
2005.10.31 20:38 B H:\school\courses\Figures&chart\Figure4(1)\figure68.gif <-- Somastream /www/www/sushma/courses/Figures&chart/Figure4(1) figure68.gif
2005.10.31 20:38 B H:\school\courses\Figures&chart\Figure4(1)\figure69.gif <-- Somastream /www/www/sushma/courses/Figures&chart/Figure4(1) figure69.gif
2005.10.31 20:39 B H:\school\courses\Figures&chart\Figure4(1)\figure7.gif <-- Somastream /www/www/sushma/courses/Figures&chart/Figure4(1) figure7.gif
2005.10.31 20:39 B H:\school\courses\Figures&chart\Figure4(1)\figure70.gif <-- Somastream /www/www/sushma/courses/Figures&chart/Figure4(1) figure70.gif
2005.10.31 20:39 B H:\school\courses\Figures&chart\Figure4(1)\figure71.gif <-- Somastream /www/www/sushma/courses/Figures&chart/Figure4(1) figure71.gif
2005.10.31 20:39 B H:\school\courses\Figures&chart\Figure4(1)\figure72.gif <-- Somastream /www/www/sushma/courses/Figures&chart/Figure4(1) figure72.gif
2005.10.31 20:39 B H:\school\courses\Figures&chart\Figure4(1)\figure73.gif <-- Somastream /www/www/sushma/courses/Figures&chart/Figure4(1) figure73.gif
2005.10.31 20:39 B H:\school\courses\Figures&chart\Figure4(1)\figure74.jpg <-- Somastream /www/www/sushma/courses/Figures&chart/Figure4(1) figure74.jpg
2005.10.31 20:39 B H:\school\courses\Figures&chart\Figure4(1)\figure75.jpg <-- Somastream /www/www/sushma/courses/Figures&chart/Figure4(1) figure75.jpg
2005.10.31 20:39 B H:\school\courses\Figures&chart\Figure4(1)\figure8.jpg <-- Somastream /www/www/sushma/courses/Figures&chart/Figure4(1) figure8.jpg
2005.10.31 20:39 B H:\school\courses\Figures&chart\Figure4(1)\figure9.jpg <-- Somastream /www/www/sushma/courses/Figures&chart/Figure4(1) figure9.jpg
2005.10.31 20:40 B H:\school\courses\Figures&chart\Figure4(1)\Thumbs.db <-- Somastream /www/www/sushma/courses/Figures&chart/Figure4(1) Thumbs.db
2005.11.03 16:54 B h:\school\courses\Figures&chart\Figure4(1)\figure 4.1.htm --> apdriving.com /httpdocs/course/courses/Figures&chart/Figure4(1) figure 4.1.htm
2005.11.03 16:54 B h:\school\courses\Figures&chart\Figure4(1)\figure1.jpg --> apdriving.com /httpdocs/course/courses/Figures&chart/Figure4(1) figure1.jpg
2005.11.03 16:54 B h:\school\courses\Figures&chart\Figure4(1)\figure10.gif --> apdriving.com /httpdocs/course/courses/Figures&chart/Figure4(1) figure10.gif
2005.11.03 16:54 B h:\school\courses\Figures&chart\Figure4(1)\figure11.gif --> apdriving.com /httpdocs/course/courses/Figures&chart/Figure4(1) figure11.gif
2005.11.03 16:54 B h:\school\courses\Figures&chart\Figure4(1)\figure12.jpg --> apdriving.com /httpdocs/course/courses/Figures&chart/Figure4(1) figure12.jpg
2005.11.03 16:54 B h:\school\courses\Figures&chart\Figure4(1)\figure13.jpg --> apdriving.com /httpdocs/course/courses/Figures&chart/Figure4(1) figure13.jpg
2005.11.03 16:54 B h:\school\courses\Figures&chart\Figure4(1)\figure14.jpg --> apdriving.com /httpdocs/course/courses/Figures&chart/Figure4(1) figure14.jpg
2005.11.03 16:54 B h:\school\courses\Figures&chart\Figure4(1)\figure15.jpg --> apdriving.com /httpdocs/course/courses/Figures&chart/Figure4(1) figure15.jpg
2005.11.03 16:54 B h:\school\courses\Figures&chart\Figure4(1)\figure16.jpg --> apdriving.com /httpdocs/course/courses/Figures&chart/Figure4(1) figure16.jpg
2005.11.03 16:54 B h:\school\courses\Figures&chart\Figure4(1)\figure17.gif --> apdriving.com /httpdocs/course/courses/Figures&chart/Figure4(1) figure17.gif
2005.11.03 16:54 B h:\school\courses\Figures&chart\Figure4(1)\figure18.gif --> apdriving.com /httpdocs/course/courses/Figures&chart/Figure4(1) figure18.gif
2005.11.03 16:54 B h:\school\courses\Figures&chart\Figure4(1)\figure19.jpg --> apdriving.com /httpdocs/course/courses/Figures&chart/Figure4(1) figure19.jpg
2005.11.03 16:54 B h:\school\courses\Figures&chart\Figure4(1)\figure2.jpg --> apdriving.com /httpdocs/course/courses/Figures&chart/Figure4(1) figure2.jpg
2005.11.03 16:54 B h:\school\courses\Figures&chart\Figure4(1)\figure20.jpg --> apdriving.com /httpdocs/course/courses/Figures&chart/Figure4(1) figure20.jpg
2005.11.03 16:54 B h:\school\courses\Figures&chart\Figure4(1)\figure21.gif --> apdriving.com /httpdocs/course/courses/Figures&chart/Figure4(1) figure21.gif
2005.11.03 16:54 B h:\school\courses\Figures&chart\Figure4(1)\figure22.gif --> apdriving.com /httpdocs/course/courses/Figures&chart/Figure4(1) figure22.gif
2005.11.03 16:54 B h:\school\courses\Figures&chart\Figure4(1)\figure23.jpg --> apdriving.com /httpdocs/course/courses/Figures&chart/Figure4(1) figure23.jpg
2005.11.03 16:54 B h:\school\courses\Figures&chart\Figure4(1)\figure24.jpg --> apdriving.com /httpdocs/course/courses/Figures&chart/Figure4(1) figure24.jpg
2005.11.03 16:54 B h:\school\courses\Figures&chart\Figure4(1)\figure25.jpg --> apdriving.com /httpdocs/course/courses/Figures&chart/Figure4(1) figure25.jpg
2005.11.03 16:54 B h:\school\courses\Figures&chart\Figure4(1)\figure26.jpg --> apdriving.com /httpdocs/course/courses/Figures&chart/Figure4(1) figure26.jpg
2005.11.03 16:54 B h:\school\courses\Figures&chart\Figure4(1)\figure27.gif --> apdriving.com /httpdocs/course/courses/Figures&chart/Figure4(1) figure27.gif
2005.11.03 16:54 B h:\school\courses\Figures&chart\Figure4(1)\figure28.jpg --> apdriving.com /httpdocs/course/courses/Figures&chart/Figure4(1) figure28.jpg
2005.11.03 16:54 B h:\school\courses\Figures&chart\Figure4(1)\figure29.jpg --> apdriving.com /httpdocs/course/courses/Figures&chart/Figure4(1) figure29.jpg
2005.11.03 16:54 B h:\school\courses\Figures&chart\Figure4(1)\figure3.jpg --> apdriving.com /httpdocs/course/courses/Figures&chart/Figure4(1) figure3.jpg
2005.11.03 16:54 B h:\school\courses\Figures&chart\Figure4(1)\figure30.gif --> apdriving.com /httpdocs/course/courses/Figures&chart/Figure4(1) figure30.gif
2005.11.03 16:54 B h:\school\courses\Figures&chart\Figure4(1)\figure31.gif --> apdriving.com /httpdocs/course/courses/Figures&chart/Figure4(1) figure31.gif
2005.11.03 16:54 B h:\school\courses\Figures&chart\Figure4(1)\figure32.gif --> apdriving.com /httpdocs/course/courses/Figures&chart/Figure4(1) figure32.gif
2005.11.03 16:54 B h:\school\courses\Figures&chart\Figure4(1)\figure33.gif --> apdriving.com /httpdocs/course/courses/Figures&chart/Figure4(1) figure33.gif
2005.11.03 16:54 B h:\school\courses\Figures&chart\Figure4(1)\figure34.jpg --> apdriving.com /httpdocs/course/courses/Figures&chart/Figure4(1) figure34.jpg
2005.11.03 16:54 B h:\school\courses\Figures&chart\Figure4(1)\figure35.jpg --> apdriving.com /httpdocs/course/courses/Figures&chart/Figure4(1) figure35.jpg
2005.11.03 16:54 B h:\school\courses\Figures&chart\Figure4(1)\figure36.jpg --> apdriving.com /httpdocs/course/courses/Figures&chart/Figure4(1) figure36.jpg
2005.11.03 16:54 B h:\school\courses\Figures&chart\Figure4(1)\figure37.gif --> apdriving.com /httpdocs/course/courses/Figures&chart/Figure4(1) figure37.gif
2005.11.03 16:54 B h:\school\courses\Figures&chart\Figure4(1)\figure38.gif --> apdriving.com /httpdocs/course/courses/Figures&chart/Figure4(1) figure38.gif
2005.11.03 16:54 B h:\school\courses\Figures&chart\Figure4(1)\figure39.jpg --> apdriving.com /httpdocs/course/courses/Figures&chart/Figure4(1) figure39.jpg
2005.11.03 16:54 B h:\school\courses\Figures&chart\Figure4(1)\figure4.jpg --> apdriving.com /httpdocs/course/courses/Figures&chart/Figure4(1) figure4.jpg
2005.11.03 16:54 B h:\school\courses\Figures&chart\Figure4(1)\figure40.gif --> apdriving.com /httpdocs/course/courses/Figures&chart/Figure4(1) figure40.gif
2005.11.03 16:54 B h:\school\courses\Figures&chart\Figure4(1)\figure41.inc.php --> apdriving.com /httpdocs/course/courses/Figures&chart/Figure4(1) figure41.inc.php
2005.11.03 16:54 B h:\school\courses\Figures&chart\Figure4(1)\figure41.jpg --> apdriving.com /httpdocs/course/courses/Figures&chart/Figure4(1) figure41.jpg
2005.11.03 16:54 B h:\school\courses\Figures&chart\Figure4(1)\figure41.php --> apdriving.com /httpdocs/course/courses/Figures&chart/Figure4(1) figure41.php
2005.11.03 16:54 B h:\school\courses\Figures&chart\Figure4(1)\figure42.jpg --> apdriving.com /httpdocs/course/courses/Figures&chart/Figure4(1) figure42.jpg
2005.11.03 16:54 B h:\school\courses\Figures&chart\Figure4(1)\figure43.gif --> apdriving.com /httpdocs/course/courses/Figures&chart/Figure4(1) figure43.gif
2005.11.03 16:54 B h:\school\courses\Figures&chart\Figure4(1)\figure44.gif --> apdriving.com /httpdocs/course/courses/Figures&chart/Figure4(1) figure44.gif
2005.11.03 16:54 B h:\school\courses\Figures&chart\Figure4(1)\figure45.gif --> apdriving.com /httpdocs/course/courses/Figures&chart/Figure4(1) figure45.gif
2005.11.03 16:54 B h:\school\courses\Figures&chart\Figure4(1)\figure46.jpg --> apdriving.com /httpdocs/course/courses/Figures&chart/Figure4(1) figure46.jpg
2005.11.03 16:54 B h:\school\courses\Figures&chart\Figure4(1)\figure47.gif --> apdriving.com /httpdocs/course/courses/Figures&chart/Figure4(1) figure47.gif
2005.11.03 16:54 B h:\school\courses\Figures&chart\Figure4(1)\figure48.jpg --> apdriving.com /httpdocs/course/courses/Figures&chart/Figure4(1) figure48.jpg
2005.11.03 16:54 B h:\school\courses\Figures&chart\Figure4(1)\figure49.gif --> apdriving.com /httpdocs/course/courses/Figures&chart/Figure4(1) figure49.gif
2005.11.03 16:54 B h:\school\courses\Figures&chart\Figure4(1)\figure5.jpg --> apdriving.com /httpdocs/course/courses/Figures&chart/Figure4(1) figure5.jpg
2005.11.03 16:54 B h:\school\courses\Figures&chart\Figure4(1)\figure50.gif --> apdriving.com /httpdocs/course/courses/Figures&chart/Figure4(1) figure50.gif
2005.11.03 16:54 B h:\school\courses\Figures&chart\Figure4(1)\figure51.gif --> apdriving.com /httpdocs/course/courses/Figures&chart/Figure4(1) figure51.gif
2005.11.03 16:54 B h:\school\courses\Figures&chart\Figure4(1)\figure52.gif --> apdriving.com /httpdocs/course/courses/Figures&chart/Figure4(1) figure52.gif
2005.11.03 16:54 B h:\school\courses\Figures&chart\Figure4(1)\figure53.gif --> apdriving.com /httpdocs/course/courses/Figures&chart/Figure4(1) figure53.gif
2005.11.03 16:54 B h:\school\courses\Figures&chart\Figure4(1)\figure54.gif --> apdriving.com /httpdocs/course/courses/Figures&chart/Figure4(1) figure54.gif
2005.11.03 16:54 B h:\school\courses\Figures&chart\Figure4(1)\figure55.gif --> apdriving.com /httpdocs/course/courses/Figures&chart/Figure4(1) figure55.gif
2005.11.03 16:54 B h:\school\courses\Figures&chart\Figure4(1)\figure56.gif --> apdriving.com /httpdocs/course/courses/Figures&chart/Figure4(1) figure56.gif
2005.11.03 16:54 B h:\school\courses\Figures&chart\Figure4(1)\figure57.jpg --> apdriving.com /httpdocs/course/courses/Figures&chart/Figure4(1) figure57.jpg
2005.11.03 16:54 B h:\school\courses\Figures&chart\Figure4(1)\figure58.gif --> apdriving.com /httpdocs/course/courses/Figures&chart/Figure4(1) figure58.gif
2005.11.03 16:54 B h:\school\courses\Figures&chart\Figure4(1)\figure59.gif --> apdriving.com /httpdocs/course/courses/Figures&chart/Figure4(1) figure59.gif
2005.11.03 16:54 B h:\school\courses\Figures&chart\Figure4(1)\figure6.jpg --> apdriving.com /httpdocs/course/courses/Figures&chart/Figure4(1) figure6.jpg
2005.11.03 16:54 B h:\school\courses\Figures&chart\Figure4(1)\figure60.gif --> apdriving.com /httpdocs/course/courses/Figures&chart/Figure4(1) figure60.gif
2005.11.03 16:54 B h:\school\courses\Figures&chart\Figure4(1)\figure61.gif --> apdriving.com /httpdocs/course/courses/Figures&chart/Figure4(1) figure61.gif
2005.11.03 16:54 B h:\school\courses\Figures&chart\Figure4(1)\figure62.jpg --> apdriving.com /httpdocs/course/courses/Figures&chart/Figure4(1) figure62.jpg
2005.11.03 16:54 B h:\school\courses\Figures&chart\Figure4(1)\figure63.jpg --> apdriving.com /httpdocs/course/courses/Figures&chart/Figure4(1) figure63.jpg
2005.11.03 16:54 B h:\school\courses\Figures&chart\Figure4(1)\figure64.jpg --> apdriving.com /httpdocs/course/courses/Figures&chart/Figure4(1) figure64.jpg
2005.11.03 16:54 B h:\school\courses\Figures&chart\Figure4(1)\figure65.jpg --> apdriving.com /httpdocs/course/courses/Figures&chart/Figure4(1) figure65.jpg
2005.11.03 16:54 B h:\school\courses\Figures&chart\Figure4(1)\figure66.jpg --> apdriving.com /httpdocs/course/courses/Figures&chart/Figure4(1) figure66.jpg
2005.11.03 16:54 B h:\school\courses\Figures&chart\Figure4(1)\figure67.gif --> apdriving.com /httpdocs/course/courses/Figures&chart/Figure4(1) figure67.gif
2005.11.03 16:54 B h:\school\courses\Figures&chart\Figure4(1)\figure68.gif --> apdriving.com /httpdocs/course/courses/Figures&chart/Figure4(1) figure68.gif
2005.11.03 16:54 B h:\school\courses\Figures&chart\Figure4(1)\figure69.gif --> apdriving.com /httpdocs/course/courses/Figures&chart/Figure4(1) figure69.gif
2005.11.03 16:54 B h:\school\courses\Figures&chart\Figure4(1)\figure7.gif --> apdriving.com /httpdocs/course/courses/Figures&chart/Figure4(1) figure7.gif
2005.11.03 16:54 B h:\school\courses\Figures&chart\Figure4(1)\figure70.gif --> apdriving.com /httpdocs/course/courses/Figures&chart/Figure4(1) figure70.gif
2005.11.03 16:54 B h:\school\courses\Figures&chart\Figure4(1)\figure71.gif --> apdriving.com /httpdocs/course/courses/Figures&chart/Figure4(1) figure71.gif
2005.11.03 16:54 B h:\school\courses\Figures&chart\Figure4(1)\figure72.gif --> apdriving.com /httpdocs/course/courses/Figures&chart/Figure4(1) figure72.gif
2005.11.03 16:54 B h:\school\courses\Figures&chart\Figure4(1)\figure73.gif --> apdriving.com /httpdocs/course/courses/Figures&chart/Figure4(1) figure73.gif
2005.11.03 16:54 B h:\school\courses\Figures&chart\Figure4(1)\figure74.jpg --> apdriving.com /httpdocs/course/courses/Figures&chart/Figure4(1) figure74.jpg
2005.11.03 16:54 B h:\school\courses\Figures&chart\Figure4(1)\figure75.jpg --> apdriving.com /httpdocs/course/courses/Figures&chart/Figure4(1) figure75.jpg
2005.11.03 16:54 B h:\school\courses\Figures&chart\Figure4(1)\figure8.jpg --> apdriving.com /httpdocs/course/courses/Figures&chart/Figure4(1) figure8.jpg
2005.11.03 16:54 B h:\school\courses\Figures&chart\Figure4(1)\figure9.jpg --> apdriving.com /httpdocs/course/courses/Figures&chart/Figure4(1) figure9.jpg
2005.11.03 16:54 B h:\school\courses\Figures&chart\Figure4(1)\Thumbs.db --> apdriving.com /httpdocs/course/courses/Figures&chart/Figure4(1) Thumbs.db
2005.11.03 16:54 B h:\school\courses\Figures&chart\Figure4(1)\WS_FTP.LOG --> apdriving.com /httpdocs/course/courses/Figures&chart/Figure4(1) WS_FTP.LOG
2005.11.03 17:18 B h:\school\courses\Figures&chart\Figure4(1)\figure 4.1.htm --> apdriving.com /httpdocs/course/courses/Figures&chart/Figure4(1) figure 4.1.htm
2005.11.03 17:18 B h:\school\courses\Figures&chart\Figure4(1)\figure1.jpg --> apdriving.com /httpdocs/course/courses/Figures&chart/Figure4(1) figure1.jpg
2005.11.03 17:18 B h:\school\courses\Figures&chart\Figure4(1)\figure10.gif --> apdriving.com /httpdocs/course/courses/Figures&chart/Figure4(1) figure10.gif
2005.11.03 17:18 B h:\school\courses\Figures&chart\Figure4(1)\figure11.gif --> apdriving.com /httpdocs/course/courses/Figures&chart/Figure4(1) figure11.gif
2005.11.03 17:18 B h:\school\courses\Figures&chart\Figure4(1)\figure12.jpg --> apdriving.com /httpdocs/course/courses/Figures&chart/Figure4(1) figure12.jpg
2005.11.03 17:18 B h:\school\courses\Figures&chart\Figure4(1)\figure13.jpg --> apdriving.com /httpdocs/course/courses/Figures&chart/Figure4(1) figure13.jpg
2005.11.03 17:18 B h:\school\courses\Figures&chart\Figure4(1)\figure14.jpg --> apdriving.com /httpdocs/course/courses/Figures&chart/Figure4(1) figure14.jpg
2005.11.03 17:19 B h:\school\courses\Figures&chart\Figure4(1)\figure15.jpg --> apdriving.com /httpdocs/course/courses/Figures&chart/Figure4(1) figure15.jpg
2005.11.03 17:19 B h:\school\courses\Figures&chart\Figure4(1)\figure16.jpg --> apdriving.com /httpdocs/course/courses/Figures&chart/Figure4(1) figure16.jpg
2005.11.03 17:19 B h:\school\courses\Figures&chart\Figure4(1)\figure17.gif --> apdriving.com /httpdocs/course/courses/Figures&chart/Figure4(1) figure17.gif
2005.11.03 17:19 B h:\school\courses\Figures&chart\Figure4(1)\figure18.gif --> apdriving.com /httpdocs/course/courses/Figures&chart/Figure4(1) figure18.gif
2005.11.03 17:19 B h:\school\courses\Figures&chart\Figure4(1)\figure19.jpg --> apdriving.com /httpdocs/course/courses/Figures&chart/Figure4(1) figure19.jpg
2005.11.03 17:19 B h:\school\courses\Figures&chart\Figure4(1)\figure2.jpg --> apdriving.com /httpdocs/course/courses/Figures&chart/Figure4(1) figure2.jpg
2005.11.03 17:19 B h:\school\courses\Figures&chart\Figure4(1)\figure20.jpg --> apdriving.com /httpdocs/course/courses/Figures&chart/Figure4(1) figure20.jpg
2005.11.03 17:19 B h:\school\courses\Figures&chart\Figure4(1)\figure21.gif --> apdriving.com /httpdocs/course/courses/Figures&chart/Figure4(1) figure21.gif
2005.11.03 17:19 B h:\school\courses\Figures&chart\Figure4(1)\figure22.gif --> apdriving.com /httpdocs/course/courses/Figures&chart/Figure4(1) figure22.gif
2005.11.03 17:19 B h:\school\courses\Figures&chart\Figure4(1)\figure23.jpg --> apdriving.com /httpdocs/course/courses/Figures&chart/Figure4(1) figure23.jpg
2005.11.03 17:19 B h:\school\courses\Figures&chart\Figure4(1)\figure24.jpg --> apdriving.com /httpdocs/course/courses/Figures&chart/Figure4(1) figure24.jpg
2005.11.03 17:19 B h:\school\courses\Figures&chart\Figure4(1)\figure25.jpg --> apdriving.com /httpdocs/course/courses/Figures&chart/Figure4(1) figure25.jpg
2005.11.03 17:19 B h:\school\courses\Figures&chart\Figure4(1)\figure26.jpg --> apdriving.com /httpdocs/course/courses/Figures&chart/Figure4(1) figure26.jpg
2005.11.03 17:19 B h:\school\courses\Figures&chart\Figure4(1)\figure27.gif --> apdriving.com /httpdocs/course/courses/Figures&chart/Figure4(1) figure27.gif
2005.11.03 17:19 B h:\school\courses\Figures&chart\Figure4(1)\figure28.jpg --> apdriving.com /httpdocs/course/courses/Figures&chart/Figure4(1) figure28.jpg
2005.11.03 17:19 B h:\school\courses\Figures&chart\Figure4(1)\figure29.jpg --> apdriving.com /httpdocs/course/courses/Figures&chart/Figure4(1) figure29.jpg
2005.11.03 17:19 B h:\school\courses\Figures&chart\Figure4(1)\figure3.jpg --> apdriving.com /httpdocs/course/courses/Figures&chart/Figure4(1) figure3.jpg
2005.11.03 17:19 B h:\school\courses\Figures&chart\Figure4(1)\figure30.gif --> apdriving.com /httpdocs/course/courses/Figures&chart/Figure4(1) figure30.gif
2005.11.03 17:19 B h:\school\courses\Figures&chart\Figure4(1)\figure31.gif --> apdriving.com /httpdocs/course/courses/Figures&chart/Figure4(1) figure31.gif
2005.11.03 17:19 B h:\school\courses\Figures&chart\Figure4(1)\figure32.gif --> apdriving.com /httpdocs/course/courses/Figures&chart/Figure4(1) figure32.gif
2005.11.03 17:19 B h:\school\courses\Figures&chart\Figure4(1)\figure33.gif --> apdriving.com /httpdocs/course/courses/Figures&chart/Figure4(1) figure33.gif
2005.11.03 17:19 B h:\school\courses\Figures&chart\Figure4(1)\figure34.jpg --> apdriving.com /httpdocs/course/courses/Figures&chart/Figure4(1) figure34.jpg
2005.11.03 17:19 B h:\school\courses\Figures&chart\Figure4(1)\figure35.jpg --> apdriving.com /httpdocs/course/courses/Figures&chart/Figure4(1) figure35.jpg
2005.11.03 17:19 B h:\school\courses\Figures&chart\Figure4(1)\figure36.jpg --> apdriving.com /httpdocs/course/courses/Figures&chart/Figure4(1) figure36.jpg
2005.11.03 17:19 B h:\school\courses\Figures&chart\Figure4(1)\figure37.gif --> apdriving.com /httpdocs/course/courses/Figures&chart/Figure4(1) figure37.gif
2005.11.03 17:19 B h:\school\courses\Figures&chart\Figure4(1)\figure38.gif --> apdriving.com /httpdocs/course/courses/Figures&chart/Figure4(1) figure38.gif
2005.11.03 17:19 B h:\school\courses\Figures&chart\Figure4(1)\figure39.jpg --> apdriving.com /httpdocs/course/courses/Figures&chart/Figure4(1) figure39.jpg
2005.11.03 17:19 B h:\school\courses\Figures&chart\Figure4(1)\figure4.jpg --> apdriving.com /httpdocs/course/courses/Figures&chart/Figure4(1) figure4.jpg
2005.11.03 17:19 B h:\school\courses\Figures&chart\Figure4(1)\figure40.gif --> apdriving.com /httpdocs/course/courses/Figures&chart/Figure4(1) figure40.gif
2005.11.03 17:19 B h:\school\courses\Figures&chart\Figure4(1)\figure41.inc.php --> apdriving.com /httpdocs/course/courses/Figures&chart/Figure4(1) figure41.inc.php
2005.11.03 17:19 B h:\school\courses\Figures&chart\Figure4(1)\figure41.jpg --> apdriving.com /httpdocs/course/courses/Figures&chart/Figure4(1) figure41.jpg
2005.11.03 17:19 B h:\school\courses\Figures&chart\Figure4(1)\figure41.php --> apdriving.com /httpdocs/course/courses/Figures&chart/Figure4(1) figure41.php
2005.11.03 17:19 B h:\school\courses\Figures&chart\Figure4(1)\figure42.jpg --> apdriving.com /httpdocs/course/courses/Figures&chart/Figure4(1) figure42.jpg
2005.11.03 17:19 B h:\school\courses\Figures&chart\Figure4(1)\figure43.gif --> apdriving.com /httpdocs/course/courses/Figures&chart/Figure4(1) figure43.gif
2005.11.03 17:19 B h:\school\courses\Figures&chart\Figure4(1)\figure44.gif --> apdriving.com /httpdocs/course/courses/Figures&chart/Figure4(1) figure44.gif
2005.11.03 17:19 B h:\school\courses\Figures&chart\Figure4(1)\figure45.gif --> apdriving.com /httpdocs/course/courses/Figures&chart/Figure4(1) figure45.gif
2005.11.03 17:19 B h:\school\courses\Figures&chart\Figure4(1)\figure46.jpg --> apdriving.com /httpdocs/course/courses/Figures&chart/Figure4(1) figure46.jpg
2005.11.03 17:19 B h:\school\courses\Figures&chart\Figure4(1)\figure47.gif --> apdriving.com /httpdocs/course/courses/Figures&chart/Figure4(1) figure47.gif
2005.11.03 17:19 B h:\school\courses\Figures&chart\Figure4(1)\figure48.jpg --> apdriving.com /httpdocs/course/courses/Figures&chart/Figure4(1) figure48.jpg
2005.11.03 17:19 B h:\school\courses\Figures&chart\Figure4(1)\figure49.gif --> apdriving.com /httpdocs/course/courses/Figures&chart/Figure4(1) figure49.gif
2005.11.03 17:19 B h:\school\courses\Figures&chart\Figure4(1)\figure5.jpg --> apdriving.com /httpdocs/course/courses/Figures&chart/Figure4(1) figure5.jpg
2005.11.03 17:19 B h:\school\courses\Figures&chart\Figure4(1)\figure50.gif --> apdriving.com /httpdocs/course/courses/Figures&chart/Figure4(1) figure50.gif
2005.11.03 17:19 B h:\school\courses\Figures&chart\Figure4(1)\figure51.gif --> apdriving.com /httpdocs/course/courses/Figures&chart/Figure4(1) figure51.gif
2005.11.03 17:19 B h:\school\courses\Figures&chart\Figure4(1)\figure52.gif --> apdriving.com /httpdocs/course/courses/Figures&chart/Figure4(1) figure52.gif
2005.11.03 17:19 B h:\school\courses\Figures&chart\Figure4(1)\figure53.gif --> apdriving.com /httpdocs/course/courses/Figures&chart/Figure4(1) figure53.gif
2005.11.03 17:19 B h:\school\courses\Figures&chart\Figure4(1)\figure54.gif --> apdriving.com /httpdocs/course/courses/Figures&chart/Figure4(1) figure54.gif
2005.11.03 17:19 B h:\school\courses\Figures&chart\Figure4(1)\figure55.gif --> apdriving.com /httpdocs/course/courses/Figures&chart/Figure4(1) figure55.gif
2005.11.03 17:19 B h:\school\courses\Figures&chart\Figure4(1)\figure56.gif --> apdriving.com /httpdocs/course/courses/Figures&chart/Figure4(1) figure56.gif
2005.11.03 17:19 B h:\school\courses\Figures&chart\Figure4(1)\figure57.jpg --> apdriving.com /httpdocs/course/courses/Figures&chart/Figure4(1) figure57.jpg
2005.11.03 17:19 B h:\school\courses\Figures&chart\Figure4(1)\figure58.gif --> apdriving.com /httpdocs/course/courses/Figures&chart/Figure4(1) figure58.gif
2005.11.03 17:19 B h:\school\courses\Figures&chart\Figure4(1)\figure59.gif --> apdriving.com /httpdocs/course/courses/Figures&chart/Figure4(1) figure59.gif
2005.11.03 17:19 B h:\school\courses\Figures&chart\Figure4(1)\figure6.jpg --> apdriving.com /httpdocs/course/courses/Figures&chart/Figure4(1) figure6.jpg
2005.11.03 17:19 B h:\school\courses\Figures&chart\Figure4(1)\figure60.gif --> apdriving.com /httpdocs/course/courses/Figures&chart/Figure4(1) figure60.gif
2005.11.03 17:19 B h:\school\courses\Figures&chart\Figure4(1)\figure61.gif --> apdriving.com /httpdocs/course/courses/Figures&chart/Figure4(1) figure61.gif
2005.11.03 17:19 B h:\school\courses\Figures&chart\Figure4(1)\figure62.jpg --> apdriving.com /httpdocs/course/courses/Figures&chart/Figure4(1) figure62.jpg
2005.11.03 17:19 B h:\school\courses\Figures&chart\Figure4(1)\figure63.jpg --> apdriving.com /httpdocs/course/courses/Figures&chart/Figure4(1) figure63.jpg
2005.11.03 17:19 B h:\school\courses\Figures&chart\Figure4(1)\figure64.jpg --> apdriving.com /httpdocs/course/courses/Figures&chart/Figure4(1) figure64.jpg
2005.11.03 17:19 B h:\school\courses\Figures&chart\Figure4(1)\figure65.jpg --> apdriving.com /httpdocs/course/courses/Figures&chart/Figure4(1) figure65.jpg
2005.11.03 17:19 B h:\school\courses\Figures&chart\Figure4(1)\figure66.jpg --> apdriving.com /httpdocs/course/courses/Figures&chart/Figure4(1) figure66.jpg
2005.11.03 17:19 B h:\school\courses\Figures&chart\Figure4(1)\figure67.gif --> apdriving.com /httpdocs/course/courses/Figures&chart/Figure4(1) figure67.gif
2005.11.03 17:19 B h:\school\courses\Figures&chart\Figure4(1)\figure68.gif --> apdriving.com /httpdocs/course/courses/Figures&chart/Figure4(1) figure68.gif
2005.11.03 17:19 B h:\school\courses\Figures&chart\Figure4(1)\figure69.gif --> apdriving.com /httpdocs/course/courses/Figures&chart/Figure4(1) figure69.gif
2005.11.03 17:19 B h:\school\courses\Figures&chart\Figure4(1)\figure7.gif --> apdriving.com /httpdocs/course/courses/Figures&chart/Figure4(1) figure7.gif
2005.11.03 17:19 B h:\school\courses\Figures&chart\Figure4(1)\figure70.gif --> apdriving.com /httpdocs/course/courses/Figures&chart/Figure4(1) figure70.gif
2005.11.03 17:19 B h:\school\courses\Figures&chart\Figure4(1)\figure71.gif --> apdriving.com /httpdocs/course/courses/Figures&chart/Figure4(1) figure71.gif
2005.11.03 17:19 B h:\school\courses\Figures&chart\Figure4(1)\figure72.gif --> apdriving.com /httpdocs/course/courses/Figures&chart/Figure4(1) figure72.gif
2005.11.03 17:19 B h:\school\courses\Figures&chart\Figure4(1)\figure73.gif --> apdriving.com /httpdocs/course/courses/Figures&chart/Figure4(1) figure73.gif
2005.11.03 17:19 B h:\school\courses\Figures&chart\Figure4(1)\figure74.jpg --> apdriving.com /httpdocs/course/courses/Figures&chart/Figure4(1) figure74.jpg
2005.11.03 17:19 B h:\school\courses\Figures&chart\Figure4(1)\figure75.jpg --> apdriving.com /httpdocs/course/courses/Figures&chart/Figure4(1) figure75.jpg
2005.11.03 17:19 B h:\school\courses\Figures&chart\Figure4(1)\figure8.jpg --> apdriving.com /httpdocs/course/courses/Figures&chart/Figure4(1) figure8.jpg
2005.11.03 17:19 B h:\school\courses\Figures&chart\Figure4(1)\figure9.jpg --> apdriving.com /httpdocs/course/courses/Figures&chart/Figure4(1) figure9.jpg
2005.11.03 17:19 B h:\school\courses\Figures&chart\Figure4(1)\Thumbs.db --> apdriving.com /httpdocs/course/courses/Figures&chart/Figure4(1) Thumbs.db
2005.11.03 17:19 B h:\school\courses\Figures&chart\Figure4(1)\WS_FTP.LOG --> apdriving.com /httpdocs/course/courses/Figures&chart/Figure4(1) WS_FTP.LOG
