2005.11.02 15:21 B H:\school\courses\Figures&chart\Figure4(3)\figure 4.2.htm <-- Somastream /www/www/sushma/courses/Figures&chart/Figure4(3) figure 4.2.htm
2005.11.02 15:21 B H:\school\courses\Figures&chart\Figure4(3)\figure1.jpg <-- Somastream /www/www/sushma/courses/Figures&chart/Figure4(3) figure1.jpg
2005.11.02 15:21 B H:\school\courses\Figures&chart\Figure4(3)\figure10.jpg <-- Somastream /www/www/sushma/courses/Figures&chart/Figure4(3) figure10.jpg
2005.11.02 15:21 B H:\school\courses\Figures&chart\Figure4(3)\figure11.jpg <-- Somastream /www/www/sushma/courses/Figures&chart/Figure4(3) figure11.jpg
2005.11.02 15:21 B H:\school\courses\Figures&chart\Figure4(3)\figure12.jpg <-- Somastream /www/www/sushma/courses/Figures&chart/Figure4(3) figure12.jpg
2005.11.02 15:21 B H:\school\courses\Figures&chart\Figure4(3)\figure13.jpg <-- Somastream /www/www/sushma/courses/Figures&chart/Figure4(3) figure13.jpg
2005.11.02 15:21 B H:\school\courses\Figures&chart\Figure4(3)\figure14.jpg <-- Somastream /www/www/sushma/courses/Figures&chart/Figure4(3) figure14.jpg
2005.11.02 15:21 B H:\school\courses\Figures&chart\Figure4(3)\figure15.jpg <-- Somastream /www/www/sushma/courses/Figures&chart/Figure4(3) figure15.jpg
2005.11.02 15:21 B H:\school\courses\Figures&chart\Figure4(3)\figure16.jpg <-- Somastream /www/www/sushma/courses/Figures&chart/Figure4(3) figure16.jpg
2005.11.02 15:21 B H:\school\courses\Figures&chart\Figure4(3)\figure17.jpg <-- Somastream /www/www/sushma/courses/Figures&chart/Figure4(3) figure17.jpg
2005.11.02 15:21 B H:\school\courses\Figures&chart\Figure4(3)\figure18.jpg <-- Somastream /www/www/sushma/courses/Figures&chart/Figure4(3) figure18.jpg
2005.11.02 15:21 B H:\school\courses\Figures&chart\Figure4(3)\figure19.jpg <-- Somastream /www/www/sushma/courses/Figures&chart/Figure4(3) figure19.jpg
2005.11.02 15:21 B H:\school\courses\Figures&chart\Figure4(3)\figure2.gif <-- Somastream /www/www/sushma/courses/Figures&chart/Figure4(3) figure2.gif
2005.11.02 15:21 B H:\school\courses\Figures&chart\Figure4(3)\figure2.jpg <-- Somastream /www/www/sushma/courses/Figures&chart/Figure4(3) figure2.jpg
2005.11.02 15:21 B H:\school\courses\Figures&chart\Figure4(3)\figure20.jpg <-- Somastream /www/www/sushma/courses/Figures&chart/Figure4(3) figure20.jpg
2005.11.02 15:21 B H:\school\courses\Figures&chart\Figure4(3)\figure21.jpg <-- Somastream /www/www/sushma/courses/Figures&chart/Figure4(3) figure21.jpg
2005.11.02 15:21 B H:\school\courses\Figures&chart\Figure4(3)\figure22.jpg <-- Somastream /www/www/sushma/courses/Figures&chart/Figure4(3) figure22.jpg
2005.11.02 15:21 B H:\school\courses\Figures&chart\Figure4(3)\figure23.jpg <-- Somastream /www/www/sushma/courses/Figures&chart/Figure4(3) figure23.jpg
2005.11.02 15:21 B H:\school\courses\Figures&chart\Figure4(3)\figure24.jpg <-- Somastream /www/www/sushma/courses/Figures&chart/Figure4(3) figure24.jpg
2005.11.02 15:21 B H:\school\courses\Figures&chart\Figure4(3)\figure25.jpg <-- Somastream /www/www/sushma/courses/Figures&chart/Figure4(3) figure25.jpg
2005.11.02 15:21 B H:\school\courses\Figures&chart\Figure4(3)\figure26.jpg <-- Somastream /www/www/sushma/courses/Figures&chart/Figure4(3) figure26.jpg
2005.11.02 15:21 B H:\school\courses\Figures&chart\Figure4(3)\figure27.jpg <-- Somastream /www/www/sushma/courses/Figures&chart/Figure4(3) figure27.jpg
2005.11.02 15:22 B H:\school\courses\Figures&chart\Figure4(3)\figure28.jpg <-- Somastream /www/www/sushma/courses/Figures&chart/Figure4(3) figure28.jpg
2005.11.02 15:22 B H:\school\courses\Figures&chart\Figure4(3)\figure29.jpg <-- Somastream /www/www/sushma/courses/Figures&chart/Figure4(3) figure29.jpg
2005.11.02 15:22 B H:\school\courses\Figures&chart\Figure4(3)\figure3.jpg <-- Somastream /www/www/sushma/courses/Figures&chart/Figure4(3) figure3.jpg
2005.11.02 15:22 B H:\school\courses\Figures&chart\Figure4(3)\figure30.jpg <-- Somastream /www/www/sushma/courses/Figures&chart/Figure4(3) figure30.jpg
2005.11.02 15:22 B H:\school\courses\Figures&chart\Figure4(3)\figure31.jpg <-- Somastream /www/www/sushma/courses/Figures&chart/Figure4(3) figure31.jpg
2005.11.02 15:22 B H:\school\courses\Figures&chart\Figure4(3)\figure32.jpg <-- Somastream /www/www/sushma/courses/Figures&chart/Figure4(3) figure32.jpg
2005.11.02 15:22 B H:\school\courses\Figures&chart\Figure4(3)\figure33.jpg <-- Somastream /www/www/sushma/courses/Figures&chart/Figure4(3) figure33.jpg
2005.11.02 15:22 B H:\school\courses\Figures&chart\Figure4(3)\figure34.jpg <-- Somastream /www/www/sushma/courses/Figures&chart/Figure4(3) figure34.jpg
2005.11.02 15:22 B H:\school\courses\Figures&chart\Figure4(3)\figure35.jpg <-- Somastream /www/www/sushma/courses/Figures&chart/Figure4(3) figure35.jpg
2005.11.02 15:22 B H:\school\courses\Figures&chart\Figure4(3)\figure36.jpg <-- Somastream /www/www/sushma/courses/Figures&chart/Figure4(3) figure36.jpg
2005.11.02 15:22 B H:\school\courses\Figures&chart\Figure4(3)\figure37.jpg <-- Somastream /www/www/sushma/courses/Figures&chart/Figure4(3) figure37.jpg
2005.11.02 15:22 B H:\school\courses\Figures&chart\Figure4(3)\figure38.jpg <-- Somastream /www/www/sushma/courses/Figures&chart/Figure4(3) figure38.jpg
2005.11.02 15:22 B H:\school\courses\Figures&chart\Figure4(3)\figure39.jpg <-- Somastream /www/www/sushma/courses/Figures&chart/Figure4(3) figure39.jpg
2005.11.02 15:22 B H:\school\courses\Figures&chart\Figure4(3)\figure4.jpg <-- Somastream /www/www/sushma/courses/Figures&chart/Figure4(3) figure4.jpg
2005.11.02 15:22 B H:\school\courses\Figures&chart\Figure4(3)\figure40.jpg <-- Somastream /www/www/sushma/courses/Figures&chart/Figure4(3) figure40.jpg
2005.11.02 15:22 B H:\school\courses\Figures&chart\Figure4(3)\figure41.jpg <-- Somastream /www/www/sushma/courses/Figures&chart/Figure4(3) figure41.jpg
2005.11.02 15:22 B H:\school\courses\Figures&chart\Figure4(3)\figure42.jpg <-- Somastream /www/www/sushma/courses/Figures&chart/Figure4(3) figure42.jpg
2005.11.02 15:22 B H:\school\courses\Figures&chart\Figure4(3)\figure43.inc.php <-- Somastream /www/www/sushma/courses/Figures&chart/Figure4(3) figure43.inc.php
2005.11.02 15:22 B H:\school\courses\Figures&chart\Figure4(3)\figure43.jpg <-- Somastream /www/www/sushma/courses/Figures&chart/Figure4(3) figure43.jpg
2005.11.02 15:22 B H:\school\courses\Figures&chart\Figure4(3)\figure43.php <-- Somastream /www/www/sushma/courses/Figures&chart/Figure4(3) figure43.php
2005.11.02 15:22 B H:\school\courses\Figures&chart\Figure4(3)\figure44.jpg <-- Somastream /www/www/sushma/courses/Figures&chart/Figure4(3) figure44.jpg
2005.11.02 15:22 B H:\school\courses\Figures&chart\Figure4(3)\figure45.jpg <-- Somastream /www/www/sushma/courses/Figures&chart/Figure4(3) figure45.jpg
2005.11.02 15:22 B H:\school\courses\Figures&chart\Figure4(3)\figure46.jpg <-- Somastream /www/www/sushma/courses/Figures&chart/Figure4(3) figure46.jpg
2005.11.02 15:22 B H:\school\courses\Figures&chart\Figure4(3)\figure47.jpg <-- Somastream /www/www/sushma/courses/Figures&chart/Figure4(3) figure47.jpg
2005.11.02 15:22 B H:\school\courses\Figures&chart\Figure4(3)\figure48.jpg <-- Somastream /www/www/sushma/courses/Figures&chart/Figure4(3) figure48.jpg
2005.11.02 15:22 B H:\school\courses\Figures&chart\Figure4(3)\figure49.jpg <-- Somastream /www/www/sushma/courses/Figures&chart/Figure4(3) figure49.jpg
2005.11.02 15:22 B H:\school\courses\Figures&chart\Figure4(3)\figure5.jpg <-- Somastream /www/www/sushma/courses/Figures&chart/Figure4(3) figure5.jpg
2005.11.02 15:22 B H:\school\courses\Figures&chart\Figure4(3)\figure50.jpg <-- Somastream /www/www/sushma/courses/Figures&chart/Figure4(3) figure50.jpg
2005.11.02 15:22 B H:\school\courses\Figures&chart\Figure4(3)\figure51.jpg <-- Somastream /www/www/sushma/courses/Figures&chart/Figure4(3) figure51.jpg
2005.11.02 15:22 B H:\school\courses\Figures&chart\Figure4(3)\figure52.jpg <-- Somastream /www/www/sushma/courses/Figures&chart/Figure4(3) figure52.jpg
2005.11.02 15:22 B H:\school\courses\Figures&chart\Figure4(3)\figure53.jpg <-- Somastream /www/www/sushma/courses/Figures&chart/Figure4(3) figure53.jpg
2005.11.02 15:22 B H:\school\courses\Figures&chart\Figure4(3)\figure54.jpg <-- Somastream /www/www/sushma/courses/Figures&chart/Figure4(3) figure54.jpg
2005.11.02 15:23 B H:\school\courses\Figures&chart\Figure4(3)\figure55.jpg <-- Somastream /www/www/sushma/courses/Figures&chart/Figure4(3) figure55.jpg
2005.11.02 15:23 B H:\school\courses\Figures&chart\Figure4(3)\figure56.jpg <-- Somastream /www/www/sushma/courses/Figures&chart/Figure4(3) figure56.jpg
2005.11.02 15:23 B H:\school\courses\Figures&chart\Figure4(3)\figure57.jpg <-- Somastream /www/www/sushma/courses/Figures&chart/Figure4(3) figure57.jpg
2005.11.02 15:23 B H:\school\courses\Figures&chart\Figure4(3)\figure58.jpg <-- Somastream /www/www/sushma/courses/Figures&chart/Figure4(3) figure58.jpg
2005.11.02 15:23 B H:\school\courses\Figures&chart\Figure4(3)\figure59.jpg <-- Somastream /www/www/sushma/courses/Figures&chart/Figure4(3) figure59.jpg
2005.11.02 15:23 B H:\school\courses\Figures&chart\Figure4(3)\figure6.jpg <-- Somastream /www/www/sushma/courses/Figures&chart/Figure4(3) figure6.jpg
2005.11.02 15:23 B H:\school\courses\Figures&chart\Figure4(3)\figure60.jpg <-- Somastream /www/www/sushma/courses/Figures&chart/Figure4(3) figure60.jpg
2005.11.02 15:23 B H:\school\courses\Figures&chart\Figure4(3)\figure61.jpg <-- Somastream /www/www/sushma/courses/Figures&chart/Figure4(3) figure61.jpg
2005.11.02 15:23 B H:\school\courses\Figures&chart\Figure4(3)\figure62.jpg <-- Somastream /www/www/sushma/courses/Figures&chart/Figure4(3) figure62.jpg
2005.11.02 15:23 B H:\school\courses\Figures&chart\Figure4(3)\figure63.jpg <-- Somastream /www/www/sushma/courses/Figures&chart/Figure4(3) figure63.jpg
2005.11.02 15:23 B H:\school\courses\Figures&chart\Figure4(3)\figure64.jpg <-- Somastream /www/www/sushma/courses/Figures&chart/Figure4(3) figure64.jpg
2005.11.02 15:23 B H:\school\courses\Figures&chart\Figure4(3)\figure65.jpg <-- Somastream /www/www/sushma/courses/Figures&chart/Figure4(3) figure65.jpg
2005.11.02 15:23 B H:\school\courses\Figures&chart\Figure4(3)\figure66.jpg <-- Somastream /www/www/sushma/courses/Figures&chart/Figure4(3) figure66.jpg
2005.11.02 15:23 B H:\school\courses\Figures&chart\Figure4(3)\figure67.jpg <-- Somastream /www/www/sushma/courses/Figures&chart/Figure4(3) figure67.jpg
2005.11.02 15:23 B H:\school\courses\Figures&chart\Figure4(3)\figure68.jpg <-- Somastream /www/www/sushma/courses/Figures&chart/Figure4(3) figure68.jpg
2005.11.02 15:23 B H:\school\courses\Figures&chart\Figure4(3)\figure69.jpg <-- Somastream /www/www/sushma/courses/Figures&chart/Figure4(3) figure69.jpg
2005.11.02 15:23 B H:\school\courses\Figures&chart\Figure4(3)\figure7.jpg <-- Somastream /www/www/sushma/courses/Figures&chart/Figure4(3) figure7.jpg
2005.11.02 15:23 B H:\school\courses\Figures&chart\Figure4(3)\figure70.jpg <-- Somastream /www/www/sushma/courses/Figures&chart/Figure4(3) figure70.jpg
2005.11.02 15:23 B H:\school\courses\Figures&chart\Figure4(3)\figure71.jpg <-- Somastream /www/www/sushma/courses/Figures&chart/Figure4(3) figure71.jpg
2005.11.02 15:23 B H:\school\courses\Figures&chart\Figure4(3)\figure72.jpg <-- Somastream /www/www/sushma/courses/Figures&chart/Figure4(3) figure72.jpg
2005.11.02 15:23 B H:\school\courses\Figures&chart\Figure4(3)\figure73.jpg <-- Somastream /www/www/sushma/courses/Figures&chart/Figure4(3) figure73.jpg
2005.11.02 15:23 B H:\school\courses\Figures&chart\Figure4(3)\figure74.jpg <-- Somastream /www/www/sushma/courses/Figures&chart/Figure4(3) figure74.jpg
2005.11.02 15:23 B H:\school\courses\Figures&chart\Figure4(3)\figure75.jpg <-- Somastream /www/www/sushma/courses/Figures&chart/Figure4(3) figure75.jpg
2005.11.02 15:23 B H:\school\courses\Figures&chart\Figure4(3)\figure76.jpg <-- Somastream /www/www/sushma/courses/Figures&chart/Figure4(3) figure76.jpg
2005.11.02 15:23 B H:\school\courses\Figures&chart\Figure4(3)\figure77.jpg <-- Somastream /www/www/sushma/courses/Figures&chart/Figure4(3) figure77.jpg
2005.11.02 15:23 B H:\school\courses\Figures&chart\Figure4(3)\figure78.jpg <-- Somastream /www/www/sushma/courses/Figures&chart/Figure4(3) figure78.jpg
2005.11.02 15:23 B H:\school\courses\Figures&chart\Figure4(3)\figure79.jpg <-- Somastream /www/www/sushma/courses/Figures&chart/Figure4(3) figure79.jpg
2005.11.02 15:23 B H:\school\courses\Figures&chart\Figure4(3)\figure8.jpg <-- Somastream /www/www/sushma/courses/Figures&chart/Figure4(3) figure8.jpg
2005.11.02 15:23 B H:\school\courses\Figures&chart\Figure4(3)\figure80.jpg <-- Somastream /www/www/sushma/courses/Figures&chart/Figure4(3) figure80.jpg
2005.11.02 15:23 B H:\school\courses\Figures&chart\Figure4(3)\figure81.jpg <-- Somastream /www/www/sushma/courses/Figures&chart/Figure4(3) figure81.jpg
2005.11.02 15:23 B H:\school\courses\Figures&chart\Figure4(3)\figure82.jpg <-- Somastream /www/www/sushma/courses/Figures&chart/Figure4(3) figure82.jpg
2005.11.02 15:23 B H:\school\courses\Figures&chart\Figure4(3)\figure83.jpg <-- Somastream /www/www/sushma/courses/Figures&chart/Figure4(3) figure83.jpg
2005.11.02 15:23 B H:\school\courses\Figures&chart\Figure4(3)\figure84.jpg <-- Somastream /www/www/sushma/courses/Figures&chart/Figure4(3) figure84.jpg
2005.11.02 15:23 B H:\school\courses\Figures&chart\Figure4(3)\figure85.jpg <-- Somastream /www/www/sushma/courses/Figures&chart/Figure4(3) figure85.jpg
2005.11.02 15:23 B H:\school\courses\Figures&chart\Figure4(3)\figure86.jpg <-- Somastream /www/www/sushma/courses/Figures&chart/Figure4(3) figure86.jpg
2005.11.02 15:24 B H:\school\courses\Figures&chart\Figure4(3)\figure87.jpg <-- Somastream /www/www/sushma/courses/Figures&chart/Figure4(3) figure87.jpg
2005.11.02 15:24 B H:\school\courses\Figures&chart\Figure4(3)\figure88.jpg <-- Somastream /www/www/sushma/courses/Figures&chart/Figure4(3) figure88.jpg
2005.11.02 15:24 B H:\school\courses\Figures&chart\Figure4(3)\figure89.jpg <-- Somastream /www/www/sushma/courses/Figures&chart/Figure4(3) figure89.jpg
2005.11.02 15:24 B H:\school\courses\Figures&chart\Figure4(3)\figure9.jpg <-- Somastream /www/www/sushma/courses/Figures&chart/Figure4(3) figure9.jpg
2005.11.02 15:25 B H:\school\courses\Figures&chart\Figure4(3)\Thumbs.db <-- Somastream /www/www/sushma/courses/Figures&chart/Figure4(3) Thumbs.db
2005.11.03 16:55 B h:\school\courses\Figures&chart\Figure4(3)\figure 4.2.htm --> apdriving.com /httpdocs/course/courses/Figures&chart/Figure4(3) figure 4.2.htm
2005.11.03 16:55 B h:\school\courses\Figures&chart\Figure4(3)\figure1.jpg --> apdriving.com /httpdocs/course/courses/Figures&chart/Figure4(3) figure1.jpg
2005.11.03 16:55 B h:\school\courses\Figures&chart\Figure4(3)\figure10.jpg --> apdriving.com /httpdocs/course/courses/Figures&chart/Figure4(3) figure10.jpg
2005.11.03 16:55 B h:\school\courses\Figures&chart\Figure4(3)\figure11.jpg --> apdriving.com /httpdocs/course/courses/Figures&chart/Figure4(3) figure11.jpg
2005.11.03 16:55 B h:\school\courses\Figures&chart\Figure4(3)\figure12.jpg --> apdriving.com /httpdocs/course/courses/Figures&chart/Figure4(3) figure12.jpg
2005.11.03 16:55 B h:\school\courses\Figures&chart\Figure4(3)\figure13.jpg --> apdriving.com /httpdocs/course/courses/Figures&chart/Figure4(3) figure13.jpg
2005.11.03 16:55 B h:\school\courses\Figures&chart\Figure4(3)\figure14.jpg --> apdriving.com /httpdocs/course/courses/Figures&chart/Figure4(3) figure14.jpg
2005.11.03 16:55 B h:\school\courses\Figures&chart\Figure4(3)\figure15.jpg --> apdriving.com /httpdocs/course/courses/Figures&chart/Figure4(3) figure15.jpg
2005.11.03 16:55 B h:\school\courses\Figures&chart\Figure4(3)\figure16.jpg --> apdriving.com /httpdocs/course/courses/Figures&chart/Figure4(3) figure16.jpg
2005.11.03 16:55 B h:\school\courses\Figures&chart\Figure4(3)\figure17.jpg --> apdriving.com /httpdocs/course/courses/Figures&chart/Figure4(3) figure17.jpg
2005.11.03 16:55 B h:\school\courses\Figures&chart\Figure4(3)\figure18.jpg --> apdriving.com /httpdocs/course/courses/Figures&chart/Figure4(3) figure18.jpg
2005.11.03 16:55 B h:\school\courses\Figures&chart\Figure4(3)\figure19.jpg --> apdriving.com /httpdocs/course/courses/Figures&chart/Figure4(3) figure19.jpg
2005.11.03 16:55 B h:\school\courses\Figures&chart\Figure4(3)\figure2.gif --> apdriving.com /httpdocs/course/courses/Figures&chart/Figure4(3) figure2.gif
2005.11.03 16:55 B h:\school\courses\Figures&chart\Figure4(3)\figure2.jpg --> apdriving.com /httpdocs/course/courses/Figures&chart/Figure4(3) figure2.jpg
2005.11.03 16:55 B h:\school\courses\Figures&chart\Figure4(3)\figure20.jpg --> apdriving.com /httpdocs/course/courses/Figures&chart/Figure4(3) figure20.jpg
2005.11.03 16:55 B h:\school\courses\Figures&chart\Figure4(3)\figure21.jpg --> apdriving.com /httpdocs/course/courses/Figures&chart/Figure4(3) figure21.jpg
2005.11.03 16:55 B h:\school\courses\Figures&chart\Figure4(3)\figure22.jpg --> apdriving.com /httpdocs/course/courses/Figures&chart/Figure4(3) figure22.jpg
2005.11.03 16:55 B h:\school\courses\Figures&chart\Figure4(3)\figure23.jpg --> apdriving.com /httpdocs/course/courses/Figures&chart/Figure4(3) figure23.jpg
2005.11.03 16:55 B h:\school\courses\Figures&chart\Figure4(3)\figure24.jpg --> apdriving.com /httpdocs/course/courses/Figures&chart/Figure4(3) figure24.jpg
2005.11.03 16:55 B h:\school\courses\Figures&chart\Figure4(3)\figure25.jpg --> apdriving.com /httpdocs/course/courses/Figures&chart/Figure4(3) figure25.jpg
2005.11.03 16:55 B h:\school\courses\Figures&chart\Figure4(3)\figure26.jpg --> apdriving.com /httpdocs/course/courses/Figures&chart/Figure4(3) figure26.jpg
2005.11.03 16:55 B h:\school\courses\Figures&chart\Figure4(3)\figure27.jpg --> apdriving.com /httpdocs/course/courses/Figures&chart/Figure4(3) figure27.jpg
2005.11.03 16:55 B h:\school\courses\Figures&chart\Figure4(3)\figure28.jpg --> apdriving.com /httpdocs/course/courses/Figures&chart/Figure4(3) figure28.jpg
2005.11.03 16:55 B h:\school\courses\Figures&chart\Figure4(3)\figure29.jpg --> apdriving.com /httpdocs/course/courses/Figures&chart/Figure4(3) figure29.jpg
2005.11.03 16:55 B h:\school\courses\Figures&chart\Figure4(3)\figure3.jpg --> apdriving.com /httpdocs/course/courses/Figures&chart/Figure4(3) figure3.jpg
2005.11.03 16:55 B h:\school\courses\Figures&chart\Figure4(3)\figure30.jpg --> apdriving.com /httpdocs/course/courses/Figures&chart/Figure4(3) figure30.jpg
2005.11.03 16:55 B h:\school\courses\Figures&chart\Figure4(3)\figure31.jpg --> apdriving.com /httpdocs/course/courses/Figures&chart/Figure4(3) figure31.jpg
2005.11.03 16:55 B h:\school\courses\Figures&chart\Figure4(3)\figure32.jpg --> apdriving.com /httpdocs/course/courses/Figures&chart/Figure4(3) figure32.jpg
2005.11.03 16:55 B h:\school\courses\Figures&chart\Figure4(3)\figure33.jpg --> apdriving.com /httpdocs/course/courses/Figures&chart/Figure4(3) figure33.jpg
2005.11.03 16:55 B h:\school\courses\Figures&chart\Figure4(3)\figure34.jpg --> apdriving.com /httpdocs/course/courses/Figures&chart/Figure4(3) figure34.jpg
2005.11.03 16:55 B h:\school\courses\Figures&chart\Figure4(3)\figure35.jpg --> apdriving.com /httpdocs/course/courses/Figures&chart/Figure4(3) figure35.jpg
2005.11.03 16:55 B h:\school\courses\Figures&chart\Figure4(3)\figure36.jpg --> apdriving.com /httpdocs/course/courses/Figures&chart/Figure4(3) figure36.jpg
2005.11.03 16:55 B h:\school\courses\Figures&chart\Figure4(3)\figure37.jpg --> apdriving.com /httpdocs/course/courses/Figures&chart/Figure4(3) figure37.jpg
2005.11.03 16:55 B h:\school\courses\Figures&chart\Figure4(3)\figure38.jpg --> apdriving.com /httpdocs/course/courses/Figures&chart/Figure4(3) figure38.jpg
2005.11.03 16:55 B h:\school\courses\Figures&chart\Figure4(3)\figure39.jpg --> apdriving.com /httpdocs/course/courses/Figures&chart/Figure4(3) figure39.jpg
2005.11.03 16:55 B h:\school\courses\Figures&chart\Figure4(3)\figure4.jpg --> apdriving.com /httpdocs/course/courses/Figures&chart/Figure4(3) figure4.jpg
2005.11.03 16:55 B h:\school\courses\Figures&chart\Figure4(3)\figure40.jpg --> apdriving.com /httpdocs/course/courses/Figures&chart/Figure4(3) figure40.jpg
2005.11.03 16:55 B h:\school\courses\Figures&chart\Figure4(3)\figure41.jpg --> apdriving.com /httpdocs/course/courses/Figures&chart/Figure4(3) figure41.jpg
2005.11.03 16:55 B h:\school\courses\Figures&chart\Figure4(3)\figure42.jpg --> apdriving.com /httpdocs/course/courses/Figures&chart/Figure4(3) figure42.jpg
2005.11.03 16:55 B h:\school\courses\Figures&chart\Figure4(3)\figure43.inc.php --> apdriving.com /httpdocs/course/courses/Figures&chart/Figure4(3) figure43.inc.php
2005.11.03 16:55 B h:\school\courses\Figures&chart\Figure4(3)\figure43.jpg --> apdriving.com /httpdocs/course/courses/Figures&chart/Figure4(3) figure43.jpg
2005.11.03 16:55 B h:\school\courses\Figures&chart\Figure4(3)\figure43.php --> apdriving.com /httpdocs/course/courses/Figures&chart/Figure4(3) figure43.php
2005.11.03 16:55 B h:\school\courses\Figures&chart\Figure4(3)\figure44.jpg --> apdriving.com /httpdocs/course/courses/Figures&chart/Figure4(3) figure44.jpg
2005.11.03 16:55 B h:\school\courses\Figures&chart\Figure4(3)\figure45.jpg --> apdriving.com /httpdocs/course/courses/Figures&chart/Figure4(3) figure45.jpg
2005.11.03 16:55 B h:\school\courses\Figures&chart\Figure4(3)\figure46.jpg --> apdriving.com /httpdocs/course/courses/Figures&chart/Figure4(3) figure46.jpg
2005.11.03 16:55 B h:\school\courses\Figures&chart\Figure4(3)\figure47.jpg --> apdriving.com /httpdocs/course/courses/Figures&chart/Figure4(3) figure47.jpg
2005.11.03 16:55 B h:\school\courses\Figures&chart\Figure4(3)\figure48.jpg --> apdriving.com /httpdocs/course/courses/Figures&chart/Figure4(3) figure48.jpg
2005.11.03 16:55 B h:\school\courses\Figures&chart\Figure4(3)\figure49.jpg --> apdriving.com /httpdocs/course/courses/Figures&chart/Figure4(3) figure49.jpg
2005.11.03 16:55 B h:\school\courses\Figures&chart\Figure4(3)\figure5.jpg --> apdriving.com /httpdocs/course/courses/Figures&chart/Figure4(3) figure5.jpg
2005.11.03 16:55 B h:\school\courses\Figures&chart\Figure4(3)\figure50.jpg --> apdriving.com /httpdocs/course/courses/Figures&chart/Figure4(3) figure50.jpg
2005.11.03 16:55 B h:\school\courses\Figures&chart\Figure4(3)\figure51.jpg --> apdriving.com /httpdocs/course/courses/Figures&chart/Figure4(3) figure51.jpg
2005.11.03 16:55 B h:\school\courses\Figures&chart\Figure4(3)\figure52.jpg --> apdriving.com /httpdocs/course/courses/Figures&chart/Figure4(3) figure52.jpg
2005.11.03 16:55 B h:\school\courses\Figures&chart\Figure4(3)\figure53.jpg --> apdriving.com /httpdocs/course/courses/Figures&chart/Figure4(3) figure53.jpg
2005.11.03 16:55 B h:\school\courses\Figures&chart\Figure4(3)\figure54.jpg --> apdriving.com /httpdocs/course/courses/Figures&chart/Figure4(3) figure54.jpg
2005.11.03 16:55 B h:\school\courses\Figures&chart\Figure4(3)\figure55.jpg --> apdriving.com /httpdocs/course/courses/Figures&chart/Figure4(3) figure55.jpg
2005.11.03 16:55 B h:\school\courses\Figures&chart\Figure4(3)\figure56.jpg --> apdriving.com /httpdocs/course/courses/Figures&chart/Figure4(3) figure56.jpg
2005.11.03 16:55 B h:\school\courses\Figures&chart\Figure4(3)\figure57.jpg --> apdriving.com /httpdocs/course/courses/Figures&chart/Figure4(3) figure57.jpg
2005.11.03 16:55 B h:\school\courses\Figures&chart\Figure4(3)\figure58.jpg --> apdriving.com /httpdocs/course/courses/Figures&chart/Figure4(3) figure58.jpg
2005.11.03 16:55 B h:\school\courses\Figures&chart\Figure4(3)\figure59.jpg --> apdriving.com /httpdocs/course/courses/Figures&chart/Figure4(3) figure59.jpg
2005.11.03 16:55 B h:\school\courses\Figures&chart\Figure4(3)\figure6.jpg --> apdriving.com /httpdocs/course/courses/Figures&chart/Figure4(3) figure6.jpg
2005.11.03 16:55 B h:\school\courses\Figures&chart\Figure4(3)\figure60.jpg --> apdriving.com /httpdocs/course/courses/Figures&chart/Figure4(3) figure60.jpg
2005.11.03 16:55 B h:\school\courses\Figures&chart\Figure4(3)\figure61.jpg --> apdriving.com /httpdocs/course/courses/Figures&chart/Figure4(3) figure61.jpg
2005.11.03 16:55 B h:\school\courses\Figures&chart\Figure4(3)\figure62.jpg --> apdriving.com /httpdocs/course/courses/Figures&chart/Figure4(3) figure62.jpg
2005.11.03 16:55 B h:\school\courses\Figures&chart\Figure4(3)\figure63.jpg --> apdriving.com /httpdocs/course/courses/Figures&chart/Figure4(3) figure63.jpg
2005.11.03 16:55 B h:\school\courses\Figures&chart\Figure4(3)\figure64.jpg --> apdriving.com /httpdocs/course/courses/Figures&chart/Figure4(3) figure64.jpg
2005.11.03 16:55 B h:\school\courses\Figures&chart\Figure4(3)\figure65.jpg --> apdriving.com /httpdocs/course/courses/Figures&chart/Figure4(3) figure65.jpg
2005.11.03 16:55 B h:\school\courses\Figures&chart\Figure4(3)\figure66.jpg --> apdriving.com /httpdocs/course/courses/Figures&chart/Figure4(3) figure66.jpg
2005.11.03 16:55 B h:\school\courses\Figures&chart\Figure4(3)\figure67.jpg --> apdriving.com /httpdocs/course/courses/Figures&chart/Figure4(3) figure67.jpg
2005.11.03 16:55 B h:\school\courses\Figures&chart\Figure4(3)\figure68.jpg --> apdriving.com /httpdocs/course/courses/Figures&chart/Figure4(3) figure68.jpg
2005.11.03 16:55 B h:\school\courses\Figures&chart\Figure4(3)\figure69.jpg --> apdriving.com /httpdocs/course/courses/Figures&chart/Figure4(3) figure69.jpg
2005.11.03 16:55 B h:\school\courses\Figures&chart\Figure4(3)\figure7.jpg --> apdriving.com /httpdocs/course/courses/Figures&chart/Figure4(3) figure7.jpg
2005.11.03 16:55 B h:\school\courses\Figures&chart\Figure4(3)\figure70.jpg --> apdriving.com /httpdocs/course/courses/Figures&chart/Figure4(3) figure70.jpg
2005.11.03 16:55 B h:\school\courses\Figures&chart\Figure4(3)\figure71.jpg --> apdriving.com /httpdocs/course/courses/Figures&chart/Figure4(3) figure71.jpg
2005.11.03 16:55 B h:\school\courses\Figures&chart\Figure4(3)\figure72.jpg --> apdriving.com /httpdocs/course/courses/Figures&chart/Figure4(3) figure72.jpg
2005.11.03 16:55 B h:\school\courses\Figures&chart\Figure4(3)\figure73.jpg --> apdriving.com /httpdocs/course/courses/Figures&chart/Figure4(3) figure73.jpg
2005.11.03 16:55 B h:\school\courses\Figures&chart\Figure4(3)\figure74.jpg --> apdriving.com /httpdocs/course/courses/Figures&chart/Figure4(3) figure74.jpg
2005.11.03 16:55 B h:\school\courses\Figures&chart\Figure4(3)\figure75.jpg --> apdriving.com /httpdocs/course/courses/Figures&chart/Figure4(3) figure75.jpg
2005.11.03 16:55 B h:\school\courses\Figures&chart\Figure4(3)\figure76.jpg --> apdriving.com /httpdocs/course/courses/Figures&chart/Figure4(3) figure76.jpg
2005.11.03 16:55 B h:\school\courses\Figures&chart\Figure4(3)\figure77.jpg --> apdriving.com /httpdocs/course/courses/Figures&chart/Figure4(3) figure77.jpg
2005.11.03 16:55 B h:\school\courses\Figures&chart\Figure4(3)\figure78.jpg --> apdriving.com /httpdocs/course/courses/Figures&chart/Figure4(3) figure78.jpg
2005.11.03 16:55 B h:\school\courses\Figures&chart\Figure4(3)\figure79.jpg --> apdriving.com /httpdocs/course/courses/Figures&chart/Figure4(3) figure79.jpg
2005.11.03 16:55 B h:\school\courses\Figures&chart\Figure4(3)\figure8.jpg --> apdriving.com /httpdocs/course/courses/Figures&chart/Figure4(3) figure8.jpg
2005.11.03 16:55 B h:\school\courses\Figures&chart\Figure4(3)\figure80.jpg --> apdriving.com /httpdocs/course/courses/Figures&chart/Figure4(3) figure80.jpg
2005.11.03 16:55 B h:\school\courses\Figures&chart\Figure4(3)\figure81.jpg --> apdriving.com /httpdocs/course/courses/Figures&chart/Figure4(3) figure81.jpg
2005.11.03 16:55 B h:\school\courses\Figures&chart\Figure4(3)\figure82.jpg --> apdriving.com /httpdocs/course/courses/Figures&chart/Figure4(3) figure82.jpg
2005.11.03 16:55 B h:\school\courses\Figures&chart\Figure4(3)\figure83.jpg --> apdriving.com /httpdocs/course/courses/Figures&chart/Figure4(3) figure83.jpg
2005.11.03 16:55 B h:\school\courses\Figures&chart\Figure4(3)\figure84.jpg --> apdriving.com /httpdocs/course/courses/Figures&chart/Figure4(3) figure84.jpg
2005.11.03 16:55 B h:\school\courses\Figures&chart\Figure4(3)\figure85.jpg --> apdriving.com /httpdocs/course/courses/Figures&chart/Figure4(3) figure85.jpg
2005.11.03 16:55 B h:\school\courses\Figures&chart\Figure4(3)\figure86.jpg --> apdriving.com /httpdocs/course/courses/Figures&chart/Figure4(3) figure86.jpg
2005.11.03 16:55 B h:\school\courses\Figures&chart\Figure4(3)\figure87.jpg --> apdriving.com /httpdocs/course/courses/Figures&chart/Figure4(3) figure87.jpg
2005.11.03 16:55 B h:\school\courses\Figures&chart\Figure4(3)\figure88.jpg --> apdriving.com /httpdocs/course/courses/Figures&chart/Figure4(3) figure88.jpg
2005.11.03 16:55 B h:\school\courses\Figures&chart\Figure4(3)\figure89.jpg --> apdriving.com /httpdocs/course/courses/Figures&chart/Figure4(3) figure89.jpg
2005.11.03 16:55 B h:\school\courses\Figures&chart\Figure4(3)\figure9.jpg --> apdriving.com /httpdocs/course/courses/Figures&chart/Figure4(3) figure9.jpg
2005.11.03 16:55 B h:\school\courses\Figures&chart\Figure4(3)\Thumbs.db --> apdriving.com /httpdocs/course/courses/Figures&chart/Figure4(3) Thumbs.db
2005.11.03 16:55 B h:\school\courses\Figures&chart\Figure4(3)\WS_FTP.LOG --> apdriving.com /httpdocs/course/courses/Figures&chart/Figure4(3) WS_FTP.LOG
2005.11.03 17:19 B h:\school\courses\Figures&chart\Figure4(3)\figure 4.2.htm --> apdriving.com /httpdocs/course/courses/Figures&chart/Figure4(3) figure 4.2.htm
2005.11.03 17:19 B h:\school\courses\Figures&chart\Figure4(3)\figure1.jpg --> apdriving.com /httpdocs/course/courses/Figures&chart/Figure4(3) figure1.jpg
2005.11.03 17:19 B h:\school\courses\Figures&chart\Figure4(3)\figure10.jpg --> apdriving.com /httpdocs/course/courses/Figures&chart/Figure4(3) figure10.jpg
2005.11.03 17:19 B h:\school\courses\Figures&chart\Figure4(3)\figure11.jpg --> apdriving.com /httpdocs/course/courses/Figures&chart/Figure4(3) figure11.jpg
2005.11.03 17:19 B h:\school\courses\Figures&chart\Figure4(3)\figure12.jpg --> apdriving.com /httpdocs/course/courses/Figures&chart/Figure4(3) figure12.jpg
2005.11.03 17:19 B h:\school\courses\Figures&chart\Figure4(3)\figure13.jpg --> apdriving.com /httpdocs/course/courses/Figures&chart/Figure4(3) figure13.jpg
2005.11.03 17:19 B h:\school\courses\Figures&chart\Figure4(3)\figure14.jpg --> apdriving.com /httpdocs/course/courses/Figures&chart/Figure4(3) figure14.jpg
2005.11.03 17:19 B h:\school\courses\Figures&chart\Figure4(3)\figure15.jpg --> apdriving.com /httpdocs/course/courses/Figures&chart/Figure4(3) figure15.jpg
2005.11.03 17:19 B h:\school\courses\Figures&chart\Figure4(3)\figure16.jpg --> apdriving.com /httpdocs/course/courses/Figures&chart/Figure4(3) figure16.jpg
2005.11.03 17:19 B h:\school\courses\Figures&chart\Figure4(3)\figure17.jpg --> apdriving.com /httpdocs/course/courses/Figures&chart/Figure4(3) figure17.jpg
2005.11.03 17:19 B h:\school\courses\Figures&chart\Figure4(3)\figure18.jpg --> apdriving.com /httpdocs/course/courses/Figures&chart/Figure4(3) figure18.jpg
2005.11.03 17:19 B h:\school\courses\Figures&chart\Figure4(3)\figure19.jpg --> apdriving.com /httpdocs/course/courses/Figures&chart/Figure4(3) figure19.jpg
2005.11.03 17:19 B h:\school\courses\Figures&chart\Figure4(3)\figure2.gif --> apdriving.com /httpdocs/course/courses/Figures&chart/Figure4(3) figure2.gif
2005.11.03 17:19 B h:\school\courses\Figures&chart\Figure4(3)\figure2.jpg --> apdriving.com /httpdocs/course/courses/Figures&chart/Figure4(3) figure2.jpg
2005.11.03 17:19 B h:\school\courses\Figures&chart\Figure4(3)\figure20.jpg --> apdriving.com /httpdocs/course/courses/Figures&chart/Figure4(3) figure20.jpg
2005.11.03 17:19 B h:\school\courses\Figures&chart\Figure4(3)\figure21.jpg --> apdriving.com /httpdocs/course/courses/Figures&chart/Figure4(3) figure21.jpg
2005.11.03 17:19 B h:\school\courses\Figures&chart\Figure4(3)\figure22.jpg --> apdriving.com /httpdocs/course/courses/Figures&chart/Figure4(3) figure22.jpg
2005.11.03 17:19 B h:\school\courses\Figures&chart\Figure4(3)\figure23.jpg --> apdriving.com /httpdocs/course/courses/Figures&chart/Figure4(3) figure23.jpg
2005.11.03 17:19 B h:\school\courses\Figures&chart\Figure4(3)\figure24.jpg --> apdriving.com /httpdocs/course/courses/Figures&chart/Figure4(3) figure24.jpg
2005.11.03 17:19 B h:\school\courses\Figures&chart\Figure4(3)\figure25.jpg --> apdriving.com /httpdocs/course/courses/Figures&chart/Figure4(3) figure25.jpg
2005.11.03 17:19 B h:\school\courses\Figures&chart\Figure4(3)\figure26.jpg --> apdriving.com /httpdocs/course/courses/Figures&chart/Figure4(3) figure26.jpg
2005.11.03 17:19 B h:\school\courses\Figures&chart\Figure4(3)\figure27.jpg --> apdriving.com /httpdocs/course/courses/Figures&chart/Figure4(3) figure27.jpg
2005.11.03 17:19 B h:\school\courses\Figures&chart\Figure4(3)\figure28.jpg --> apdriving.com /httpdocs/course/courses/Figures&chart/Figure4(3) figure28.jpg
2005.11.03 17:19 B h:\school\courses\Figures&chart\Figure4(3)\figure29.jpg --> apdriving.com /httpdocs/course/courses/Figures&chart/Figure4(3) figure29.jpg
2005.11.03 17:19 B h:\school\courses\Figures&chart\Figure4(3)\figure3.jpg --> apdriving.com /httpdocs/course/courses/Figures&chart/Figure4(3) figure3.jpg
2005.11.03 17:19 B h:\school\courses\Figures&chart\Figure4(3)\figure30.jpg --> apdriving.com /httpdocs/course/courses/Figures&chart/Figure4(3) figure30.jpg
2005.11.03 17:19 B h:\school\courses\Figures&chart\Figure4(3)\figure31.jpg --> apdriving.com /httpdocs/course/courses/Figures&chart/Figure4(3) figure31.jpg
2005.11.03 17:19 B h:\school\courses\Figures&chart\Figure4(3)\figure32.jpg --> apdriving.com /httpdocs/course/courses/Figures&chart/Figure4(3) figure32.jpg
2005.11.03 17:19 B h:\school\courses\Figures&chart\Figure4(3)\figure33.jpg --> apdriving.com /httpdocs/course/courses/Figures&chart/Figure4(3) figure33.jpg
2005.11.03 17:19 B h:\school\courses\Figures&chart\Figure4(3)\figure34.jpg --> apdriving.com /httpdocs/course/courses/Figures&chart/Figure4(3) figure34.jpg
2005.11.03 17:19 B h:\school\courses\Figures&chart\Figure4(3)\figure35.jpg --> apdriving.com /httpdocs/course/courses/Figures&chart/Figure4(3) figure35.jpg
2005.11.03 17:19 B h:\school\courses\Figures&chart\Figure4(3)\figure36.jpg --> apdriving.com /httpdocs/course/courses/Figures&chart/Figure4(3) figure36.jpg
2005.11.03 17:19 B h:\school\courses\Figures&chart\Figure4(3)\figure37.jpg --> apdriving.com /httpdocs/course/courses/Figures&chart/Figure4(3) figure37.jpg
2005.11.03 17:19 B h:\school\courses\Figures&chart\Figure4(3)\figure38.jpg --> apdriving.com /httpdocs/course/courses/Figures&chart/Figure4(3) figure38.jpg
2005.11.03 17:19 B h:\school\courses\Figures&chart\Figure4(3)\figure39.jpg --> apdriving.com /httpdocs/course/courses/Figures&chart/Figure4(3) figure39.jpg
2005.11.03 17:19 B h:\school\courses\Figures&chart\Figure4(3)\figure4.jpg --> apdriving.com /httpdocs/course/courses/Figures&chart/Figure4(3) figure4.jpg
2005.11.03 17:19 B h:\school\courses\Figures&chart\Figure4(3)\figure40.jpg --> apdriving.com /httpdocs/course/courses/Figures&chart/Figure4(3) figure40.jpg
2005.11.03 17:19 B h:\school\courses\Figures&chart\Figure4(3)\figure41.jpg --> apdriving.com /httpdocs/course/courses/Figures&chart/Figure4(3) figure41.jpg
2005.11.03 17:19 B h:\school\courses\Figures&chart\Figure4(3)\figure42.jpg --> apdriving.com /httpdocs/course/courses/Figures&chart/Figure4(3) figure42.jpg
2005.11.03 17:19 B h:\school\courses\Figures&chart\Figure4(3)\figure43.inc.php --> apdriving.com /httpdocs/course/courses/Figures&chart/Figure4(3) figure43.inc.php
2005.11.03 17:19 B h:\school\courses\Figures&chart\Figure4(3)\figure43.jpg --> apdriving.com /httpdocs/course/courses/Figures&chart/Figure4(3) figure43.jpg
2005.11.03 17:19 B h:\school\courses\Figures&chart\Figure4(3)\figure43.php --> apdriving.com /httpdocs/course/courses/Figures&chart/Figure4(3) figure43.php
2005.11.03 17:19 B h:\school\courses\Figures&chart\Figure4(3)\figure44.jpg --> apdriving.com /httpdocs/course/courses/Figures&chart/Figure4(3) figure44.jpg
2005.11.03 17:19 B h:\school\courses\Figures&chart\Figure4(3)\figure45.jpg --> apdriving.com /httpdocs/course/courses/Figures&chart/Figure4(3) figure45.jpg
2005.11.03 17:19 B h:\school\courses\Figures&chart\Figure4(3)\figure46.jpg --> apdriving.com /httpdocs/course/courses/Figures&chart/Figure4(3) figure46.jpg
2005.11.03 17:19 B h:\school\courses\Figures&chart\Figure4(3)\figure47.jpg --> apdriving.com /httpdocs/course/courses/Figures&chart/Figure4(3) figure47.jpg
2005.11.03 17:19 B h:\school\courses\Figures&chart\Figure4(3)\figure48.jpg --> apdriving.com /httpdocs/course/courses/Figures&chart/Figure4(3) figure48.jpg
2005.11.03 17:19 B h:\school\courses\Figures&chart\Figure4(3)\figure49.jpg --> apdriving.com /httpdocs/course/courses/Figures&chart/Figure4(3) figure49.jpg
2005.11.03 17:19 B h:\school\courses\Figures&chart\Figure4(3)\figure5.jpg --> apdriving.com /httpdocs/course/courses/Figures&chart/Figure4(3) figure5.jpg
2005.11.03 17:19 B h:\school\courses\Figures&chart\Figure4(3)\figure50.jpg --> apdriving.com /httpdocs/course/courses/Figures&chart/Figure4(3) figure50.jpg
2005.11.03 17:19 B h:\school\courses\Figures&chart\Figure4(3)\figure51.jpg --> apdriving.com /httpdocs/course/courses/Figures&chart/Figure4(3) figure51.jpg
2005.11.03 17:19 B h:\school\courses\Figures&chart\Figure4(3)\figure52.jpg --> apdriving.com /httpdocs/course/courses/Figures&chart/Figure4(3) figure52.jpg
2005.11.03 17:19 B h:\school\courses\Figures&chart\Figure4(3)\figure53.jpg --> apdriving.com /httpdocs/course/courses/Figures&chart/Figure4(3) figure53.jpg
2005.11.03 17:19 B h:\school\courses\Figures&chart\Figure4(3)\figure54.jpg --> apdriving.com /httpdocs/course/courses/Figures&chart/Figure4(3) figure54.jpg
2005.11.03 17:19 B h:\school\courses\Figures&chart\Figure4(3)\figure55.jpg --> apdriving.com /httpdocs/course/courses/Figures&chart/Figure4(3) figure55.jpg
2005.11.03 17:19 B h:\school\courses\Figures&chart\Figure4(3)\figure56.jpg --> apdriving.com /httpdocs/course/courses/Figures&chart/Figure4(3) figure56.jpg
2005.11.03 17:19 B h:\school\courses\Figures&chart\Figure4(3)\figure57.jpg --> apdriving.com /httpdocs/course/courses/Figures&chart/Figure4(3) figure57.jpg
2005.11.03 17:19 B h:\school\courses\Figures&chart\Figure4(3)\figure58.jpg --> apdriving.com /httpdocs/course/courses/Figures&chart/Figure4(3) figure58.jpg
2005.11.03 17:19 B h:\school\courses\Figures&chart\Figure4(3)\figure59.jpg --> apdriving.com /httpdocs/course/courses/Figures&chart/Figure4(3) figure59.jpg
2005.11.03 17:19 B h:\school\courses\Figures&chart\Figure4(3)\figure6.jpg --> apdriving.com /httpdocs/course/courses/Figures&chart/Figure4(3) figure6.jpg
2005.11.03 17:19 B h:\school\courses\Figures&chart\Figure4(3)\figure60.jpg --> apdriving.com /httpdocs/course/courses/Figures&chart/Figure4(3) figure60.jpg
2005.11.03 17:19 B h:\school\courses\Figures&chart\Figure4(3)\figure61.jpg --> apdriving.com /httpdocs/course/courses/Figures&chart/Figure4(3) figure61.jpg
2005.11.03 17:19 B h:\school\courses\Figures&chart\Figure4(3)\figure62.jpg --> apdriving.com /httpdocs/course/courses/Figures&chart/Figure4(3) figure62.jpg
2005.11.03 17:19 B h:\school\courses\Figures&chart\Figure4(3)\figure63.jpg --> apdriving.com /httpdocs/course/courses/Figures&chart/Figure4(3) figure63.jpg
2005.11.03 17:19 B h:\school\courses\Figures&chart\Figure4(3)\figure64.jpg --> apdriving.com /httpdocs/course/courses/Figures&chart/Figure4(3) figure64.jpg
2005.11.03 17:19 B h:\school\courses\Figures&chart\Figure4(3)\figure65.jpg --> apdriving.com /httpdocs/course/courses/Figures&chart/Figure4(3) figure65.jpg
2005.11.03 17:19 B h:\school\courses\Figures&chart\Figure4(3)\figure66.jpg --> apdriving.com /httpdocs/course/courses/Figures&chart/Figure4(3) figure66.jpg
2005.11.03 17:19 B h:\school\courses\Figures&chart\Figure4(3)\figure67.jpg --> apdriving.com /httpdocs/course/courses/Figures&chart/Figure4(3) figure67.jpg
2005.11.03 17:19 B h:\school\courses\Figures&chart\Figure4(3)\figure68.jpg --> apdriving.com /httpdocs/course/courses/Figures&chart/Figure4(3) figure68.jpg
2005.11.03 17:19 B h:\school\courses\Figures&chart\Figure4(3)\figure69.jpg --> apdriving.com /httpdocs/course/courses/Figures&chart/Figure4(3) figure69.jpg
2005.11.03 17:19 B h:\school\courses\Figures&chart\Figure4(3)\figure7.jpg --> apdriving.com /httpdocs/course/courses/Figures&chart/Figure4(3) figure7.jpg
2005.11.03 17:19 B h:\school\courses\Figures&chart\Figure4(3)\figure70.jpg --> apdriving.com /httpdocs/course/courses/Figures&chart/Figure4(3) figure70.jpg
2005.11.03 17:19 B h:\school\courses\Figures&chart\Figure4(3)\figure71.jpg --> apdriving.com /httpdocs/course/courses/Figures&chart/Figure4(3) figure71.jpg
2005.11.03 17:19 B h:\school\courses\Figures&chart\Figure4(3)\figure72.jpg --> apdriving.com /httpdocs/course/courses/Figures&chart/Figure4(3) figure72.jpg
2005.11.03 17:19 B h:\school\courses\Figures&chart\Figure4(3)\figure73.jpg --> apdriving.com /httpdocs/course/courses/Figures&chart/Figure4(3) figure73.jpg
2005.11.03 17:19 B h:\school\courses\Figures&chart\Figure4(3)\figure74.jpg --> apdriving.com /httpdocs/course/courses/Figures&chart/Figure4(3) figure74.jpg
2005.11.03 17:19 B h:\school\courses\Figures&chart\Figure4(3)\figure75.jpg --> apdriving.com /httpdocs/course/courses/Figures&chart/Figure4(3) figure75.jpg
2005.11.03 17:19 B h:\school\courses\Figures&chart\Figure4(3)\figure76.jpg --> apdriving.com /httpdocs/course/courses/Figures&chart/Figure4(3) figure76.jpg
2005.11.03 17:19 B h:\school\courses\Figures&chart\Figure4(3)\figure77.jpg --> apdriving.com /httpdocs/course/courses/Figures&chart/Figure4(3) figure77.jpg
2005.11.03 17:19 B h:\school\courses\Figures&chart\Figure4(3)\figure78.jpg --> apdriving.com /httpdocs/course/courses/Figures&chart/Figure4(3) figure78.jpg
2005.11.03 17:19 B h:\school\courses\Figures&chart\Figure4(3)\figure79.jpg --> apdriving.com /httpdocs/course/courses/Figures&chart/Figure4(3) figure79.jpg
2005.11.03 17:19 B h:\school\courses\Figures&chart\Figure4(3)\figure8.jpg --> apdriving.com /httpdocs/course/courses/Figures&chart/Figure4(3) figure8.jpg
2005.11.03 17:19 B h:\school\courses\Figures&chart\Figure4(3)\figure80.jpg --> apdriving.com /httpdocs/course/courses/Figures&chart/Figure4(3) figure80.jpg
2005.11.03 17:19 B h:\school\courses\Figures&chart\Figure4(3)\figure81.jpg --> apdriving.com /httpdocs/course/courses/Figures&chart/Figure4(3) figure81.jpg
2005.11.03 17:19 B h:\school\courses\Figures&chart\Figure4(3)\figure82.jpg --> apdriving.com /httpdocs/course/courses/Figures&chart/Figure4(3) figure82.jpg
2005.11.03 17:19 B h:\school\courses\Figures&chart\Figure4(3)\figure83.jpg --> apdriving.com /httpdocs/course/courses/Figures&chart/Figure4(3) figure83.jpg
2005.11.03 17:19 B h:\school\courses\Figures&chart\Figure4(3)\figure84.jpg --> apdriving.com /httpdocs/course/courses/Figures&chart/Figure4(3) figure84.jpg
2005.11.03 17:19 B h:\school\courses\Figures&chart\Figure4(3)\figure85.jpg --> apdriving.com /httpdocs/course/courses/Figures&chart/Figure4(3) figure85.jpg
2005.11.03 17:19 B h:\school\courses\Figures&chart\Figure4(3)\figure86.jpg --> apdriving.com /httpdocs/course/courses/Figures&chart/Figure4(3) figure86.jpg
2005.11.03 17:19 B h:\school\courses\Figures&chart\Figure4(3)\figure87.jpg --> apdriving.com /httpdocs/course/courses/Figures&chart/Figure4(3) figure87.jpg
2005.11.03 17:20 B h:\school\courses\Figures&chart\Figure4(3)\figure88.jpg --> apdriving.com /httpdocs/course/courses/Figures&chart/Figure4(3) figure88.jpg
2005.11.03 17:20 B h:\school\courses\Figures&chart\Figure4(3)\figure89.jpg --> apdriving.com /httpdocs/course/courses/Figures&chart/Figure4(3) figure89.jpg
2005.11.03 17:20 B h:\school\courses\Figures&chart\Figure4(3)\figure9.jpg --> apdriving.com /httpdocs/course/courses/Figures&chart/Figure4(3) figure9.jpg
2005.11.03 17:20 B h:\school\courses\Figures&chart\Figure4(3)\Thumbs.db --> apdriving.com /httpdocs/course/courses/Figures&chart/Figure4(3) Thumbs.db
2005.11.03 17:20 B h:\school\courses\Figures&chart\Figure4(3)\WS_FTP.LOG --> apdriving.com /httpdocs/course/courses/Figures&chart/Figure4(3) WS_FTP.LOG
