2005.11.02 15:35 B H:\school\courses\Figures&chart\Figure4(7)\figure1.jpg <-- Somastream /www/www/sushma/courses/Figures&chart/Figure4(7) figure1.jpg
2005.11.02 15:35 B H:\school\courses\Figures&chart\Figure4(7)\figure10.jpg <-- Somastream /www/www/sushma/courses/Figures&chart/Figure4(7) figure10.jpg
2005.11.02 15:35 B H:\school\courses\Figures&chart\Figure4(7)\figure11.jpg <-- Somastream /www/www/sushma/courses/Figures&chart/Figure4(7) figure11.jpg
2005.11.02 15:35 B H:\school\courses\Figures&chart\Figure4(7)\figure12.jpg <-- Somastream /www/www/sushma/courses/Figures&chart/Figure4(7) figure12.jpg
2005.11.02 15:35 B H:\school\courses\Figures&chart\Figure4(7)\figure13.jpg <-- Somastream /www/www/sushma/courses/Figures&chart/Figure4(7) figure13.jpg
2005.11.02 15:35 B H:\school\courses\Figures&chart\Figure4(7)\figure14.jpg <-- Somastream /www/www/sushma/courses/Figures&chart/Figure4(7) figure14.jpg
2005.11.02 15:35 B H:\school\courses\Figures&chart\Figure4(7)\figure15.jpg <-- Somastream /www/www/sushma/courses/Figures&chart/Figure4(7) figure15.jpg
2005.11.02 15:35 B H:\school\courses\Figures&chart\Figure4(7)\figure16.jpg <-- Somastream /www/www/sushma/courses/Figures&chart/Figure4(7) figure16.jpg
2005.11.02 15:36 B H:\school\courses\Figures&chart\Figure4(7)\figure17.jpg <-- Somastream /www/www/sushma/courses/Figures&chart/Figure4(7) figure17.jpg
2005.11.02 15:36 B H:\school\courses\Figures&chart\Figure4(7)\figure18.jpg <-- Somastream /www/www/sushma/courses/Figures&chart/Figure4(7) figure18.jpg
2005.11.02 15:36 B H:\school\courses\Figures&chart\Figure4(7)\figure19.jpg <-- Somastream /www/www/sushma/courses/Figures&chart/Figure4(7) figure19.jpg
2005.11.02 15:36 B H:\school\courses\Figures&chart\Figure4(7)\figure2.jpg <-- Somastream /www/www/sushma/courses/Figures&chart/Figure4(7) figure2.jpg
2005.11.02 15:36 B H:\school\courses\Figures&chart\Figure4(7)\figure20.jpg <-- Somastream /www/www/sushma/courses/Figures&chart/Figure4(7) figure20.jpg
2005.11.02 15:36 B H:\school\courses\Figures&chart\Figure4(7)\figure21.jpg <-- Somastream /www/www/sushma/courses/Figures&chart/Figure4(7) figure21.jpg
2005.11.02 15:36 B H:\school\courses\Figures&chart\Figure4(7)\figure22.jpg <-- Somastream /www/www/sushma/courses/Figures&chart/Figure4(7) figure22.jpg
2005.11.02 15:36 B H:\school\courses\Figures&chart\Figure4(7)\figure23.jpg <-- Somastream /www/www/sushma/courses/Figures&chart/Figure4(7) figure23.jpg
2005.11.02 15:36 B H:\school\courses\Figures&chart\Figure4(7)\figure3.jpg <-- Somastream /www/www/sushma/courses/Figures&chart/Figure4(7) figure3.jpg
2005.11.02 15:36 B H:\school\courses\Figures&chart\Figure4(7)\figure4.jpg <-- Somastream /www/www/sushma/courses/Figures&chart/Figure4(7) figure4.jpg
2005.11.02 15:36 B H:\school\courses\Figures&chart\Figure4(7)\figure47.inc.php <-- Somastream /www/www/sushma/courses/Figures&chart/Figure4(7) figure47.inc.php
2005.11.02 15:36 B H:\school\courses\Figures&chart\Figure4(7)\figure47.php <-- Somastream /www/www/sushma/courses/Figures&chart/Figure4(7) figure47.php
2005.11.02 15:36 B H:\school\courses\Figures&chart\Figure4(7)\figure5.jpg <-- Somastream /www/www/sushma/courses/Figures&chart/Figure4(7) figure5.jpg
2005.11.02 15:36 B H:\school\courses\Figures&chart\Figure4(7)\figure6.jpg <-- Somastream /www/www/sushma/courses/Figures&chart/Figure4(7) figure6.jpg
2005.11.02 15:36 B H:\school\courses\Figures&chart\Figure4(7)\figure7.jpg <-- Somastream /www/www/sushma/courses/Figures&chart/Figure4(7) figure7.jpg
2005.11.02 15:36 B H:\school\courses\Figures&chart\Figure4(7)\figure8.jpg <-- Somastream /www/www/sushma/courses/Figures&chart/Figure4(7) figure8.jpg
2005.11.02 15:36 B H:\school\courses\Figures&chart\Figure4(7)\figure9.jpg <-- Somastream /www/www/sushma/courses/Figures&chart/Figure4(7) figure9.jpg
2005.11.02 15:36 B H:\school\courses\Figures&chart\Figure4(7)\figure94.jpg <-- Somastream /www/www/sushma/courses/Figures&chart/Figure4(7) figure94.jpg
2005.11.02 15:36 B H:\school\courses\Figures&chart\Figure4(7)\figure95.jpg <-- Somastream /www/www/sushma/courses/Figures&chart/Figure4(7) figure95.jpg
2005.11.02 15:36 B H:\school\courses\Figures&chart\Figure4(7)\figure96.jpg <-- Somastream /www/www/sushma/courses/Figures&chart/Figure4(7) figure96.jpg
2005.11.02 15:36 B H:\school\courses\Figures&chart\Figure4(7)\figure97.jpg <-- Somastream /www/www/sushma/courses/Figures&chart/Figure4(7) figure97.jpg
2005.11.02 15:36 B H:\school\courses\Figures&chart\Figure4(7)\figure98.jpg <-- Somastream /www/www/sushma/courses/Figures&chart/Figure4(7) figure98.jpg
2005.11.02 15:36 B H:\school\courses\Figures&chart\Figure4(7)\figure99.jpg <-- Somastream /www/www/sushma/courses/Figures&chart/Figure4(7) figure99.jpg
2005.11.02 15:36 B H:\school\courses\Figures&chart\Figure4(7)\Thumbs.db <-- Somastream /www/www/sushma/courses/Figures&chart/Figure4(7) Thumbs.db
2005.11.03 16:56 B h:\school\courses\Figures&chart\Figure4(7)\figure1.jpg --> apdriving.com /httpdocs/course/courses/Figures&chart/Figure4(7) figure1.jpg
2005.11.03 16:56 B h:\school\courses\Figures&chart\Figure4(7)\figure10.jpg --> apdriving.com /httpdocs/course/courses/Figures&chart/Figure4(7) figure10.jpg
2005.11.03 16:56 B h:\school\courses\Figures&chart\Figure4(7)\figure11.jpg --> apdriving.com /httpdocs/course/courses/Figures&chart/Figure4(7) figure11.jpg
2005.11.03 16:56 B h:\school\courses\Figures&chart\Figure4(7)\figure12.jpg --> apdriving.com /httpdocs/course/courses/Figures&chart/Figure4(7) figure12.jpg
2005.11.03 16:56 B h:\school\courses\Figures&chart\Figure4(7)\figure13.jpg --> apdriving.com /httpdocs/course/courses/Figures&chart/Figure4(7) figure13.jpg
2005.11.03 16:56 B h:\school\courses\Figures&chart\Figure4(7)\figure14.jpg --> apdriving.com /httpdocs/course/courses/Figures&chart/Figure4(7) figure14.jpg
2005.11.03 16:56 B h:\school\courses\Figures&chart\Figure4(7)\figure15.jpg --> apdriving.com /httpdocs/course/courses/Figures&chart/Figure4(7) figure15.jpg
2005.11.03 16:56 B h:\school\courses\Figures&chart\Figure4(7)\figure16.jpg --> apdriving.com /httpdocs/course/courses/Figures&chart/Figure4(7) figure16.jpg
2005.11.03 16:56 B h:\school\courses\Figures&chart\Figure4(7)\figure17.jpg --> apdriving.com /httpdocs/course/courses/Figures&chart/Figure4(7) figure17.jpg
2005.11.03 16:56 B h:\school\courses\Figures&chart\Figure4(7)\figure18.jpg --> apdriving.com /httpdocs/course/courses/Figures&chart/Figure4(7) figure18.jpg
2005.11.03 16:56 B h:\school\courses\Figures&chart\Figure4(7)\figure19.jpg --> apdriving.com /httpdocs/course/courses/Figures&chart/Figure4(7) figure19.jpg
2005.11.03 16:56 B h:\school\courses\Figures&chart\Figure4(7)\figure2.jpg --> apdriving.com /httpdocs/course/courses/Figures&chart/Figure4(7) figure2.jpg
2005.11.03 16:57 B h:\school\courses\Figures&chart\Figure4(7)\figure20.jpg --> apdriving.com /httpdocs/course/courses/Figures&chart/Figure4(7) figure20.jpg
2005.11.03 16:57 B h:\school\courses\Figures&chart\Figure4(7)\figure21.jpg --> apdriving.com /httpdocs/course/courses/Figures&chart/Figure4(7) figure21.jpg
2005.11.03 16:57 B h:\school\courses\Figures&chart\Figure4(7)\figure22.jpg --> apdriving.com /httpdocs/course/courses/Figures&chart/Figure4(7) figure22.jpg
2005.11.03 16:57 B h:\school\courses\Figures&chart\Figure4(7)\figure23.jpg --> apdriving.com /httpdocs/course/courses/Figures&chart/Figure4(7) figure23.jpg
2005.11.03 16:57 B h:\school\courses\Figures&chart\Figure4(7)\figure3.jpg --> apdriving.com /httpdocs/course/courses/Figures&chart/Figure4(7) figure3.jpg
2005.11.03 16:57 B h:\school\courses\Figures&chart\Figure4(7)\figure4.jpg --> apdriving.com /httpdocs/course/courses/Figures&chart/Figure4(7) figure4.jpg
2005.11.03 16:57 B h:\school\courses\Figures&chart\Figure4(7)\figure47.inc.php --> apdriving.com /httpdocs/course/courses/Figures&chart/Figure4(7) figure47.inc.php
2005.11.03 16:57 B h:\school\courses\Figures&chart\Figure4(7)\figure47.php --> apdriving.com /httpdocs/course/courses/Figures&chart/Figure4(7) figure47.php
2005.11.03 16:57 B h:\school\courses\Figures&chart\Figure4(7)\figure5.jpg --> apdriving.com /httpdocs/course/courses/Figures&chart/Figure4(7) figure5.jpg
2005.11.03 16:57 B h:\school\courses\Figures&chart\Figure4(7)\figure6.jpg --> apdriving.com /httpdocs/course/courses/Figures&chart/Figure4(7) figure6.jpg
2005.11.03 16:57 B h:\school\courses\Figures&chart\Figure4(7)\figure7.jpg --> apdriving.com /httpdocs/course/courses/Figures&chart/Figure4(7) figure7.jpg
2005.11.03 16:57 B h:\school\courses\Figures&chart\Figure4(7)\figure8.jpg --> apdriving.com /httpdocs/course/courses/Figures&chart/Figure4(7) figure8.jpg
2005.11.03 16:57 B h:\school\courses\Figures&chart\Figure4(7)\figure9.jpg --> apdriving.com /httpdocs/course/courses/Figures&chart/Figure4(7) figure9.jpg
2005.11.03 16:57 B h:\school\courses\Figures&chart\Figure4(7)\figure94.jpg --> apdriving.com /httpdocs/course/courses/Figures&chart/Figure4(7) figure94.jpg
2005.11.03 16:57 B h:\school\courses\Figures&chart\Figure4(7)\figure95.jpg --> apdriving.com /httpdocs/course/courses/Figures&chart/Figure4(7) figure95.jpg
2005.11.03 16:57 B h:\school\courses\Figures&chart\Figure4(7)\figure96.jpg --> apdriving.com /httpdocs/course/courses/Figures&chart/Figure4(7) figure96.jpg
2005.11.03 16:57 B h:\school\courses\Figures&chart\Figure4(7)\figure97.jpg --> apdriving.com /httpdocs/course/courses/Figures&chart/Figure4(7) figure97.jpg
2005.11.03 16:57 B h:\school\courses\Figures&chart\Figure4(7)\figure98.jpg --> apdriving.com /httpdocs/course/courses/Figures&chart/Figure4(7) figure98.jpg
2005.11.03 16:57 B h:\school\courses\Figures&chart\Figure4(7)\figure99.jpg --> apdriving.com /httpdocs/course/courses/Figures&chart/Figure4(7) figure99.jpg
2005.11.03 16:57 B h:\school\courses\Figures&chart\Figure4(7)\Thumbs.db --> apdriving.com /httpdocs/course/courses/Figures&chart/Figure4(7) Thumbs.db
2005.11.03 16:57 B h:\school\courses\Figures&chart\Figure4(7)\WS_FTP.LOG --> apdriving.com /httpdocs/course/courses/Figures&chart/Figure4(7) WS_FTP.LOG
2005.11.03 17:21 B h:\school\courses\Figures&chart\Figure4(7)\figure1.jpg --> apdriving.com /httpdocs/course/courses/Figures&chart/Figure4(7) figure1.jpg
2005.11.03 17:21 B h:\school\courses\Figures&chart\Figure4(7)\figure10.jpg --> apdriving.com /httpdocs/course/courses/Figures&chart/Figure4(7) figure10.jpg
2005.11.03 17:21 B h:\school\courses\Figures&chart\Figure4(7)\figure11.jpg --> apdriving.com /httpdocs/course/courses/Figures&chart/Figure4(7) figure11.jpg
2005.11.03 17:21 B h:\school\courses\Figures&chart\Figure4(7)\figure12.jpg --> apdriving.com /httpdocs/course/courses/Figures&chart/Figure4(7) figure12.jpg
2005.11.03 17:21 B h:\school\courses\Figures&chart\Figure4(7)\figure13.jpg --> apdriving.com /httpdocs/course/courses/Figures&chart/Figure4(7) figure13.jpg
2005.11.03 17:21 B h:\school\courses\Figures&chart\Figure4(7)\figure14.jpg --> apdriving.com /httpdocs/course/courses/Figures&chart/Figure4(7) figure14.jpg
2005.11.03 17:21 B h:\school\courses\Figures&chart\Figure4(7)\figure15.jpg --> apdriving.com /httpdocs/course/courses/Figures&chart/Figure4(7) figure15.jpg
2005.11.03 17:21 B h:\school\courses\Figures&chart\Figure4(7)\figure16.jpg --> apdriving.com /httpdocs/course/courses/Figures&chart/Figure4(7) figure16.jpg
2005.11.03 17:21 B h:\school\courses\Figures&chart\Figure4(7)\figure17.jpg --> apdriving.com /httpdocs/course/courses/Figures&chart/Figure4(7) figure17.jpg
2005.11.03 17:21 B h:\school\courses\Figures&chart\Figure4(7)\figure18.jpg --> apdriving.com /httpdocs/course/courses/Figures&chart/Figure4(7) figure18.jpg
2005.11.03 17:21 B h:\school\courses\Figures&chart\Figure4(7)\figure19.jpg --> apdriving.com /httpdocs/course/courses/Figures&chart/Figure4(7) figure19.jpg
2005.11.03 17:21 B h:\school\courses\Figures&chart\Figure4(7)\figure2.jpg --> apdriving.com /httpdocs/course/courses/Figures&chart/Figure4(7) figure2.jpg
2005.11.03 17:21 B h:\school\courses\Figures&chart\Figure4(7)\figure20.jpg --> apdriving.com /httpdocs/course/courses/Figures&chart/Figure4(7) figure20.jpg
2005.11.03 17:21 B h:\school\courses\Figures&chart\Figure4(7)\figure21.jpg --> apdriving.com /httpdocs/course/courses/Figures&chart/Figure4(7) figure21.jpg
2005.11.03 17:21 B h:\school\courses\Figures&chart\Figure4(7)\figure22.jpg --> apdriving.com /httpdocs/course/courses/Figures&chart/Figure4(7) figure22.jpg
2005.11.03 17:21 B h:\school\courses\Figures&chart\Figure4(7)\figure23.jpg --> apdriving.com /httpdocs/course/courses/Figures&chart/Figure4(7) figure23.jpg
2005.11.03 17:21 B h:\school\courses\Figures&chart\Figure4(7)\figure3.jpg --> apdriving.com /httpdocs/course/courses/Figures&chart/Figure4(7) figure3.jpg
2005.11.03 17:21 B h:\school\courses\Figures&chart\Figure4(7)\figure4.jpg --> apdriving.com /httpdocs/course/courses/Figures&chart/Figure4(7) figure4.jpg
2005.11.03 17:21 B h:\school\courses\Figures&chart\Figure4(7)\figure47.inc.php --> apdriving.com /httpdocs/course/courses/Figures&chart/Figure4(7) figure47.inc.php
2005.11.03 17:21 B h:\school\courses\Figures&chart\Figure4(7)\figure47.php --> apdriving.com /httpdocs/course/courses/Figures&chart/Figure4(7) figure47.php
2005.11.03 17:21 B h:\school\courses\Figures&chart\Figure4(7)\figure5.jpg --> apdriving.com /httpdocs/course/courses/Figures&chart/Figure4(7) figure5.jpg
2005.11.03 17:21 B h:\school\courses\Figures&chart\Figure4(7)\figure6.jpg --> apdriving.com /httpdocs/course/courses/Figures&chart/Figure4(7) figure6.jpg
2005.11.03 17:21 B h:\school\courses\Figures&chart\Figure4(7)\figure7.jpg --> apdriving.com /httpdocs/course/courses/Figures&chart/Figure4(7) figure7.jpg
2005.11.03 17:21 B h:\school\courses\Figures&chart\Figure4(7)\figure8.jpg --> apdriving.com /httpdocs/course/courses/Figures&chart/Figure4(7) figure8.jpg
2005.11.03 17:21 B h:\school\courses\Figures&chart\Figure4(7)\figure9.jpg --> apdriving.com /httpdocs/course/courses/Figures&chart/Figure4(7) figure9.jpg
2005.11.03 17:21 B h:\school\courses\Figures&chart\Figure4(7)\figure94.jpg --> apdriving.com /httpdocs/course/courses/Figures&chart/Figure4(7) figure94.jpg
2005.11.03 17:21 B h:\school\courses\Figures&chart\Figure4(7)\figure95.jpg --> apdriving.com /httpdocs/course/courses/Figures&chart/Figure4(7) figure95.jpg
2005.11.03 17:21 B h:\school\courses\Figures&chart\Figure4(7)\figure96.jpg --> apdriving.com /httpdocs/course/courses/Figures&chart/Figure4(7) figure96.jpg
2005.11.03 17:21 B h:\school\courses\Figures&chart\Figure4(7)\figure97.jpg --> apdriving.com /httpdocs/course/courses/Figures&chart/Figure4(7) figure97.jpg
2005.11.03 17:21 B h:\school\courses\Figures&chart\Figure4(7)\figure98.jpg --> apdriving.com /httpdocs/course/courses/Figures&chart/Figure4(7) figure98.jpg
2005.11.03 17:21 B h:\school\courses\Figures&chart\Figure4(7)\figure99.jpg --> apdriving.com /httpdocs/course/courses/Figures&chart/Figure4(7) figure99.jpg
2005.11.03 17:21 B h:\school\courses\Figures&chart\Figure4(7)\Thumbs.db --> apdriving.com /httpdocs/course/courses/Figures&chart/Figure4(7) Thumbs.db
2005.11.03 17:21 B h:\school\courses\Figures&chart\Figure4(7)\WS_FTP.LOG --> apdriving.com /httpdocs/course/courses/Figures&chart/Figure4(7) WS_FTP.LOG
