2005.11.02 15:07 B H:\school\courses\unit4\images\Thumbs.db <-- Somastream /www/www/sushma/courses/unit4/images Thumbs.db
2005.11.02 15:07 B H:\school\courses\unit4\images\Unit_41.jpg <-- Somastream /www/www/sushma/courses/unit4/images Unit_41.jpg
2005.11.02 15:07 B H:\school\courses\unit4\images\Unit_410.jpg <-- Somastream /www/www/sushma/courses/unit4/images Unit_410.jpg
2005.11.02 15:07 B H:\school\courses\unit4\images\Unit_411.jpg <-- Somastream /www/www/sushma/courses/unit4/images Unit_411.jpg
2005.11.02 15:07 B H:\school\courses\unit4\images\Unit_412.gif <-- Somastream /www/www/sushma/courses/unit4/images Unit_412.gif
2005.11.02 15:07 B H:\school\courses\unit4\images\Unit_413.jpg <-- Somastream /www/www/sushma/courses/unit4/images Unit_413.jpg
2005.11.02 15:07 B H:\school\courses\unit4\images\Unit_414.jpg <-- Somastream /www/www/sushma/courses/unit4/images Unit_414.jpg
2005.11.02 15:08 B H:\school\courses\unit4\images\Unit_415.jpg <-- Somastream /www/www/sushma/courses/unit4/images Unit_415.jpg
2005.11.02 15:08 B H:\school\courses\unit4\images\Unit_416.gif <-- Somastream /www/www/sushma/courses/unit4/images Unit_416.gif
2005.11.02 15:08 B H:\school\courses\unit4\images\Unit_417.gif <-- Somastream /www/www/sushma/courses/unit4/images Unit_417.gif
2005.11.02 15:08 B H:\school\courses\unit4\images\Unit_418.jpg <-- Somastream /www/www/sushma/courses/unit4/images Unit_418.jpg
2005.11.02 15:08 B H:\school\courses\unit4\images\Unit_419.jpg <-- Somastream /www/www/sushma/courses/unit4/images Unit_419.jpg
2005.11.02 15:08 B H:\school\courses\unit4\images\Unit_42.gif <-- Somastream /www/www/sushma/courses/unit4/images Unit_42.gif
2005.11.02 15:08 B H:\school\courses\unit4\images\Unit_420.jpg <-- Somastream /www/www/sushma/courses/unit4/images Unit_420.jpg
2005.11.02 15:08 B H:\school\courses\unit4\images\Unit_421.jpg <-- Somastream /www/www/sushma/courses/unit4/images Unit_421.jpg
2005.11.02 15:08 B H:\school\courses\unit4\images\Unit_422.gif <-- Somastream /www/www/sushma/courses/unit4/images Unit_422.gif
2005.11.02 15:08 B H:\school\courses\unit4\images\Unit_423.jpg <-- Somastream /www/www/sushma/courses/unit4/images Unit_423.jpg
2005.11.02 15:08 B H:\school\courses\unit4\images\Unit_424.jpg <-- Somastream /www/www/sushma/courses/unit4/images Unit_424.jpg
2005.11.02 15:08 B H:\school\courses\unit4\images\Unit_425.jpg <-- Somastream /www/www/sushma/courses/unit4/images Unit_425.jpg
2005.11.02 15:08 B H:\school\courses\unit4\images\Unit_426.jpg <-- Somastream /www/www/sushma/courses/unit4/images Unit_426.jpg
2005.11.02 15:08 B H:\school\courses\unit4\images\Unit_427.jpg <-- Somastream /www/www/sushma/courses/unit4/images Unit_427.jpg
2005.11.02 15:08 B H:\school\courses\unit4\images\Unit_428.jpg <-- Somastream /www/www/sushma/courses/unit4/images Unit_428.jpg
2005.11.02 15:08 B H:\school\courses\unit4\images\Unit_429.jpg <-- Somastream /www/www/sushma/courses/unit4/images Unit_429.jpg
2005.11.02 15:08 B H:\school\courses\unit4\images\Unit_430.jpg <-- Somastream /www/www/sushma/courses/unit4/images Unit_430.jpg
2005.11.02 15:08 B H:\school\courses\unit4\images\Unit_431.jpg <-- Somastream /www/www/sushma/courses/unit4/images Unit_431.jpg
2005.11.02 15:08 B H:\school\courses\unit4\images\Unit_432.gif <-- Somastream /www/www/sushma/courses/unit4/images Unit_432.gif
2005.11.02 15:08 B H:\school\courses\unit4\images\Unit_433.jpg <-- Somastream /www/www/sushma/courses/unit4/images Unit_433.jpg
2005.11.02 15:08 B H:\school\courses\unit4\images\Unit_434.jpg <-- Somastream /www/www/sushma/courses/unit4/images Unit_434.jpg
2005.11.02 15:08 B H:\school\courses\unit4\images\Unit_435.gif <-- Somastream /www/www/sushma/courses/unit4/images Unit_435.gif
2005.11.02 15:08 B H:\school\courses\unit4\images\Unit_436.jpg <-- Somastream /www/www/sushma/courses/unit4/images Unit_436.jpg
2005.11.02 15:08 B H:\school\courses\unit4\images\Unit_437.jpg <-- Somastream /www/www/sushma/courses/unit4/images Unit_437.jpg
2005.11.02 15:08 B H:\school\courses\unit4\images\Unit_438.gif <-- Somastream /www/www/sushma/courses/unit4/images Unit_438.gif
2005.11.02 15:08 B H:\school\courses\unit4\images\Unit_439.gif <-- Somastream /www/www/sushma/courses/unit4/images Unit_439.gif
2005.11.02 15:08 B H:\school\courses\unit4\images\Unit_44.jpg <-- Somastream /www/www/sushma/courses/unit4/images Unit_44.jpg
2005.11.02 15:08 B H:\school\courses\unit4\images\Unit_440.gif <-- Somastream /www/www/sushma/courses/unit4/images Unit_440.gif
2005.11.02 15:08 B H:\school\courses\unit4\images\Unit_441.gif <-- Somastream /www/www/sushma/courses/unit4/images Unit_441.gif
2005.11.02 15:08 B H:\school\courses\unit4\images\Unit_442.jpg <-- Somastream /www/www/sushma/courses/unit4/images Unit_442.jpg
2005.11.02 15:08 B H:\school\courses\unit4\images\Unit_443.gif <-- Somastream /www/www/sushma/courses/unit4/images Unit_443.gif
2005.11.02 15:08 B H:\school\courses\unit4\images\Unit_444.jpg <-- Somastream /www/www/sushma/courses/unit4/images Unit_444.jpg
2005.11.02 15:08 B H:\school\courses\unit4\images\Unit_445.jpg <-- Somastream /www/www/sushma/courses/unit4/images Unit_445.jpg
2005.11.02 15:08 B H:\school\courses\unit4\images\Unit_446.jpg <-- Somastream /www/www/sushma/courses/unit4/images Unit_446.jpg
2005.11.02 15:08 B H:\school\courses\unit4\images\Unit_447.gif <-- Somastream /www/www/sushma/courses/unit4/images Unit_447.gif
2005.11.02 15:08 B H:\school\courses\unit4\images\Unit_448.gif <-- Somastream /www/www/sushma/courses/unit4/images Unit_448.gif
2005.11.02 15:08 B H:\school\courses\unit4\images\Unit_449.gif <-- Somastream /www/www/sushma/courses/unit4/images Unit_449.gif
2005.11.02 15:09 B H:\school\courses\unit4\images\Unit_45.gif <-- Somastream /www/www/sushma/courses/unit4/images Unit_45.gif
2005.11.02 15:09 B H:\school\courses\unit4\images\Unit_450.gif <-- Somastream /www/www/sushma/courses/unit4/images Unit_450.gif
2005.11.02 15:09 B H:\school\courses\unit4\images\Unit_451.gif <-- Somastream /www/www/sushma/courses/unit4/images Unit_451.gif
2005.11.02 15:09 B H:\school\courses\unit4\images\Unit_452.gif <-- Somastream /www/www/sushma/courses/unit4/images Unit_452.gif
2005.11.02 15:09 B H:\school\courses\unit4\images\Unit_453.gif <-- Somastream /www/www/sushma/courses/unit4/images Unit_453.gif
2005.11.02 15:09 B H:\school\courses\unit4\images\Unit_454.gif <-- Somastream /www/www/sushma/courses/unit4/images Unit_454.gif
2005.11.02 15:09 B H:\school\courses\unit4\images\Unit_455.gif <-- Somastream /www/www/sushma/courses/unit4/images Unit_455.gif
2005.11.02 15:09 B H:\school\courses\unit4\images\Unit_456.gif <-- Somastream /www/www/sushma/courses/unit4/images Unit_456.gif
2005.11.02 15:09 B H:\school\courses\unit4\images\Unit_457.gif <-- Somastream /www/www/sushma/courses/unit4/images Unit_457.gif
2005.11.02 15:09 B H:\school\courses\unit4\images\Unit_458.gif <-- Somastream /www/www/sushma/courses/unit4/images Unit_458.gif
2005.11.02 15:09 B H:\school\courses\unit4\images\Unit_459.jpg <-- Somastream /www/www/sushma/courses/unit4/images Unit_459.jpg
2005.11.02 15:09 B H:\school\courses\unit4\images\Unit_46.jpg <-- Somastream /www/www/sushma/courses/unit4/images Unit_46.jpg
2005.11.02 15:09 B H:\school\courses\unit4\images\Unit_460.jpg <-- Somastream /www/www/sushma/courses/unit4/images Unit_460.jpg
2005.11.02 15:09 B H:\school\courses\unit4\images\Unit_461.gif <-- Somastream /www/www/sushma/courses/unit4/images Unit_461.gif
2005.11.02 15:09 B H:\school\courses\unit4\images\Unit_462.gif <-- Somastream /www/www/sushma/courses/unit4/images Unit_462.gif
2005.11.02 15:09 B H:\school\courses\unit4\images\Unit_463.gif <-- Somastream /www/www/sushma/courses/unit4/images Unit_463.gif
2005.11.02 15:09 B H:\school\courses\unit4\images\Unit_464.gif <-- Somastream /www/www/sushma/courses/unit4/images Unit_464.gif
2005.11.02 15:09 B H:\school\courses\unit4\images\Unit_465.jpg <-- Somastream /www/www/sushma/courses/unit4/images Unit_465.jpg
2005.11.02 15:09 B H:\school\courses\unit4\images\Unit_466.gif <-- Somastream /www/www/sushma/courses/unit4/images Unit_466.gif
2005.11.02 15:09 B H:\school\courses\unit4\images\Unit_467.jpg <-- Somastream /www/www/sushma/courses/unit4/images Unit_467.jpg
2005.11.02 15:09 B H:\school\courses\unit4\images\Unit_468.gif <-- Somastream /www/www/sushma/courses/unit4/images Unit_468.gif
2005.11.02 15:09 B H:\school\courses\unit4\images\Unit_469.gif <-- Somastream /www/www/sushma/courses/unit4/images Unit_469.gif
2005.11.02 15:09 B H:\school\courses\unit4\images\Unit_47.jpg <-- Somastream /www/www/sushma/courses/unit4/images Unit_47.jpg
2005.11.02 15:09 B H:\school\courses\unit4\images\Unit_48.jpg <-- Somastream /www/www/sushma/courses/unit4/images Unit_48.jpg
2005.11.02 15:09 B H:\school\courses\unit4\images\Unit_49.gif <-- Somastream /www/www/sushma/courses/unit4/images Unit_49.gif
2005.11.02 15:09 B H:\school\courses\unit4\images\unit_50.gif <-- Somastream /www/www/sushma/courses/unit4/images unit_50.gif
2005.11.03 16:58 B h:\school\courses\unit4\images\Thumbs.db --> apdriving.com /httpdocs/course/courses/unit4/images Thumbs.db
2005.11.03 16:58 B h:\school\courses\unit4\images\Unit_41.jpg --> apdriving.com /httpdocs/course/courses/unit4/images Unit_41.jpg
2005.11.03 16:58 B h:\school\courses\unit4\images\Unit_410.jpg --> apdriving.com /httpdocs/course/courses/unit4/images Unit_410.jpg
2005.11.03 16:58 B h:\school\courses\unit4\images\Unit_411.jpg --> apdriving.com /httpdocs/course/courses/unit4/images Unit_411.jpg
2005.11.03 16:58 B h:\school\courses\unit4\images\Unit_412.gif --> apdriving.com /httpdocs/course/courses/unit4/images Unit_412.gif
2005.11.03 16:58 B h:\school\courses\unit4\images\Unit_413.jpg --> apdriving.com /httpdocs/course/courses/unit4/images Unit_413.jpg
2005.11.03 16:58 B h:\school\courses\unit4\images\Unit_414.jpg --> apdriving.com /httpdocs/course/courses/unit4/images Unit_414.jpg
2005.11.03 16:58 B h:\school\courses\unit4\images\Unit_415.jpg --> apdriving.com /httpdocs/course/courses/unit4/images Unit_415.jpg
2005.11.03 16:58 B h:\school\courses\unit4\images\Unit_416.gif --> apdriving.com /httpdocs/course/courses/unit4/images Unit_416.gif
2005.11.03 16:58 B h:\school\courses\unit4\images\Unit_417.gif --> apdriving.com /httpdocs/course/courses/unit4/images Unit_417.gif
2005.11.03 16:58 B h:\school\courses\unit4\images\Unit_418.jpg --> apdriving.com /httpdocs/course/courses/unit4/images Unit_418.jpg
2005.11.03 16:58 B h:\school\courses\unit4\images\Unit_419.jpg --> apdriving.com /httpdocs/course/courses/unit4/images Unit_419.jpg
2005.11.03 16:58 B h:\school\courses\unit4\images\Unit_42.gif --> apdriving.com /httpdocs/course/courses/unit4/images Unit_42.gif
2005.11.03 16:58 B h:\school\courses\unit4\images\Unit_420.jpg --> apdriving.com /httpdocs/course/courses/unit4/images Unit_420.jpg
2005.11.03 16:58 B h:\school\courses\unit4\images\Unit_421.jpg --> apdriving.com /httpdocs/course/courses/unit4/images Unit_421.jpg
2005.11.03 16:58 B h:\school\courses\unit4\images\Unit_422.gif --> apdriving.com /httpdocs/course/courses/unit4/images Unit_422.gif
2005.11.03 16:58 B h:\school\courses\unit4\images\Unit_423.jpg --> apdriving.com /httpdocs/course/courses/unit4/images Unit_423.jpg
2005.11.03 16:58 B h:\school\courses\unit4\images\Unit_424.jpg --> apdriving.com /httpdocs/course/courses/unit4/images Unit_424.jpg
2005.11.03 16:58 B h:\school\courses\unit4\images\Unit_425.jpg --> apdriving.com /httpdocs/course/courses/unit4/images Unit_425.jpg
2005.11.03 16:58 B h:\school\courses\unit4\images\Unit_426.jpg --> apdriving.com /httpdocs/course/courses/unit4/images Unit_426.jpg
2005.11.03 16:58 B h:\school\courses\unit4\images\Unit_427.jpg --> apdriving.com /httpdocs/course/courses/unit4/images Unit_427.jpg
2005.11.03 16:58 B h:\school\courses\unit4\images\Unit_428.jpg --> apdriving.com /httpdocs/course/courses/unit4/images Unit_428.jpg
2005.11.03 16:58 B h:\school\courses\unit4\images\Unit_429.jpg --> apdriving.com /httpdocs/course/courses/unit4/images Unit_429.jpg
2005.11.03 16:58 B h:\school\courses\unit4\images\Unit_430.jpg --> apdriving.com /httpdocs/course/courses/unit4/images Unit_430.jpg
2005.11.03 16:58 B h:\school\courses\unit4\images\Unit_431.jpg --> apdriving.com /httpdocs/course/courses/unit4/images Unit_431.jpg
2005.11.03 16:58 B h:\school\courses\unit4\images\Unit_432.gif --> apdriving.com /httpdocs/course/courses/unit4/images Unit_432.gif
2005.11.03 16:58 B h:\school\courses\unit4\images\Unit_433.jpg --> apdriving.com /httpdocs/course/courses/unit4/images Unit_433.jpg
2005.11.03 16:58 B h:\school\courses\unit4\images\Unit_434.jpg --> apdriving.com /httpdocs/course/courses/unit4/images Unit_434.jpg
2005.11.03 16:58 B h:\school\courses\unit4\images\Unit_435.gif --> apdriving.com /httpdocs/course/courses/unit4/images Unit_435.gif
2005.11.03 16:58 B h:\school\courses\unit4\images\Unit_436.jpg --> apdriving.com /httpdocs/course/courses/unit4/images Unit_436.jpg
2005.11.03 16:58 B h:\school\courses\unit4\images\Unit_437.jpg --> apdriving.com /httpdocs/course/courses/unit4/images Unit_437.jpg
2005.11.03 16:58 B h:\school\courses\unit4\images\Unit_438.gif --> apdriving.com /httpdocs/course/courses/unit4/images Unit_438.gif
2005.11.03 16:58 B h:\school\courses\unit4\images\Unit_439.gif --> apdriving.com /httpdocs/course/courses/unit4/images Unit_439.gif
2005.11.03 16:58 B h:\school\courses\unit4\images\Unit_44.jpg --> apdriving.com /httpdocs/course/courses/unit4/images Unit_44.jpg
2005.11.03 16:58 B h:\school\courses\unit4\images\Unit_440.gif --> apdriving.com /httpdocs/course/courses/unit4/images Unit_440.gif
2005.11.03 16:58 B h:\school\courses\unit4\images\Unit_441.gif --> apdriving.com /httpdocs/course/courses/unit4/images Unit_441.gif
2005.11.03 16:58 B h:\school\courses\unit4\images\Unit_442.jpg --> apdriving.com /httpdocs/course/courses/unit4/images Unit_442.jpg
2005.11.03 16:58 B h:\school\courses\unit4\images\Unit_443.gif --> apdriving.com /httpdocs/course/courses/unit4/images Unit_443.gif
2005.11.03 16:58 B h:\school\courses\unit4\images\Unit_444.jpg --> apdriving.com /httpdocs/course/courses/unit4/images Unit_444.jpg
2005.11.03 16:58 B h:\school\courses\unit4\images\Unit_445.jpg --> apdriving.com /httpdocs/course/courses/unit4/images Unit_445.jpg
2005.11.03 16:58 B h:\school\courses\unit4\images\Unit_446.jpg --> apdriving.com /httpdocs/course/courses/unit4/images Unit_446.jpg
2005.11.03 16:58 B h:\school\courses\unit4\images\Unit_447.gif --> apdriving.com /httpdocs/course/courses/unit4/images Unit_447.gif
2005.11.03 16:58 B h:\school\courses\unit4\images\Unit_448.gif --> apdriving.com /httpdocs/course/courses/unit4/images Unit_448.gif
2005.11.03 16:58 B h:\school\courses\unit4\images\Unit_449.gif --> apdriving.com /httpdocs/course/courses/unit4/images Unit_449.gif
2005.11.03 16:58 B h:\school\courses\unit4\images\Unit_45.gif --> apdriving.com /httpdocs/course/courses/unit4/images Unit_45.gif
2005.11.03 16:58 B h:\school\courses\unit4\images\Unit_450.gif --> apdriving.com /httpdocs/course/courses/unit4/images Unit_450.gif
2005.11.03 16:58 B h:\school\courses\unit4\images\Unit_451.gif --> apdriving.com /httpdocs/course/courses/unit4/images Unit_451.gif
2005.11.03 16:58 B h:\school\courses\unit4\images\Unit_452.gif --> apdriving.com /httpdocs/course/courses/unit4/images Unit_452.gif
2005.11.03 16:58 B h:\school\courses\unit4\images\Unit_453.gif --> apdriving.com /httpdocs/course/courses/unit4/images Unit_453.gif
2005.11.03 16:58 B h:\school\courses\unit4\images\Unit_454.gif --> apdriving.com /httpdocs/course/courses/unit4/images Unit_454.gif
2005.11.03 16:58 B h:\school\courses\unit4\images\Unit_455.gif --> apdriving.com /httpdocs/course/courses/unit4/images Unit_455.gif
2005.11.03 16:58 B h:\school\courses\unit4\images\Unit_456.gif --> apdriving.com /httpdocs/course/courses/unit4/images Unit_456.gif
2005.11.03 16:58 B h:\school\courses\unit4\images\Unit_457.gif --> apdriving.com /httpdocs/course/courses/unit4/images Unit_457.gif
2005.11.03 16:58 B h:\school\courses\unit4\images\Unit_458.gif --> apdriving.com /httpdocs/course/courses/unit4/images Unit_458.gif
2005.11.03 16:58 B h:\school\courses\unit4\images\Unit_459.jpg --> apdriving.com /httpdocs/course/courses/unit4/images Unit_459.jpg
2005.11.03 16:58 B h:\school\courses\unit4\images\Unit_46.jpg --> apdriving.com /httpdocs/course/courses/unit4/images Unit_46.jpg
2005.11.03 16:58 B h:\school\courses\unit4\images\Unit_460.jpg --> apdriving.com /httpdocs/course/courses/unit4/images Unit_460.jpg
2005.11.03 16:58 B h:\school\courses\unit4\images\Unit_461.gif --> apdriving.com /httpdocs/course/courses/unit4/images Unit_461.gif
2005.11.03 16:58 B h:\school\courses\unit4\images\Unit_462.gif --> apdriving.com /httpdocs/course/courses/unit4/images Unit_462.gif
2005.11.03 16:58 B h:\school\courses\unit4\images\Unit_463.gif --> apdriving.com /httpdocs/course/courses/unit4/images Unit_463.gif
2005.11.03 16:58 B h:\school\courses\unit4\images\Unit_464.gif --> apdriving.com /httpdocs/course/courses/unit4/images Unit_464.gif
2005.11.03 16:58 B h:\school\courses\unit4\images\Unit_465.jpg --> apdriving.com /httpdocs/course/courses/unit4/images Unit_465.jpg
2005.11.03 16:58 B h:\school\courses\unit4\images\Unit_466.gif --> apdriving.com /httpdocs/course/courses/unit4/images Unit_466.gif
2005.11.03 16:58 B h:\school\courses\unit4\images\Unit_467.jpg --> apdriving.com /httpdocs/course/courses/unit4/images Unit_467.jpg
2005.11.03 16:58 B h:\school\courses\unit4\images\Unit_468.gif --> apdriving.com /httpdocs/course/courses/unit4/images Unit_468.gif
2005.11.03 16:58 B h:\school\courses\unit4\images\Unit_469.gif --> apdriving.com /httpdocs/course/courses/unit4/images Unit_469.gif
2005.11.03 16:58 B h:\school\courses\unit4\images\Unit_47.jpg --> apdriving.com /httpdocs/course/courses/unit4/images Unit_47.jpg
2005.11.03 16:58 B h:\school\courses\unit4\images\Unit_48.jpg --> apdriving.com /httpdocs/course/courses/unit4/images Unit_48.jpg
2005.11.03 16:58 B h:\school\courses\unit4\images\Unit_49.gif --> apdriving.com /httpdocs/course/courses/unit4/images Unit_49.gif
2005.11.03 16:58 B h:\school\courses\unit4\images\unit_50.gif --> apdriving.com /httpdocs/course/courses/unit4/images unit_50.gif
2005.11.03 16:58 B h:\school\courses\unit4\images\WS_FTP.LOG --> apdriving.com /httpdocs/course/courses/unit4/images WS_FTP.LOG
2005.11.03 17:23 B h:\school\courses\unit4\images\Thumbs.db --> apdriving.com /httpdocs/course/courses/unit4/images Thumbs.db
2005.11.03 17:23 B h:\school\courses\unit4\images\Unit_41.jpg --> apdriving.com /httpdocs/course/courses/unit4/images Unit_41.jpg
2005.11.03 17:23 B h:\school\courses\unit4\images\Unit_410.jpg --> apdriving.com /httpdocs/course/courses/unit4/images Unit_410.jpg
2005.11.03 17:23 B h:\school\courses\unit4\images\Unit_411.jpg --> apdriving.com /httpdocs/course/courses/unit4/images Unit_411.jpg
2005.11.03 17:23 B h:\school\courses\unit4\images\Unit_412.gif --> apdriving.com /httpdocs/course/courses/unit4/images Unit_412.gif
2005.11.03 17:23 B h:\school\courses\unit4\images\Unit_413.jpg --> apdriving.com /httpdocs/course/courses/unit4/images Unit_413.jpg
2005.11.03 17:23 B h:\school\courses\unit4\images\Unit_414.jpg --> apdriving.com /httpdocs/course/courses/unit4/images Unit_414.jpg
2005.11.03 17:23 B h:\school\courses\unit4\images\Unit_415.jpg --> apdriving.com /httpdocs/course/courses/unit4/images Unit_415.jpg
2005.11.03 17:23 B h:\school\courses\unit4\images\Unit_416.gif --> apdriving.com /httpdocs/course/courses/unit4/images Unit_416.gif
2005.11.03 17:23 B h:\school\courses\unit4\images\Unit_417.gif --> apdriving.com /httpdocs/course/courses/unit4/images Unit_417.gif
2005.11.03 17:23 B h:\school\courses\unit4\images\Unit_418.jpg --> apdriving.com /httpdocs/course/courses/unit4/images Unit_418.jpg
2005.11.03 17:23 B h:\school\courses\unit4\images\Unit_419.jpg --> apdriving.com /httpdocs/course/courses/unit4/images Unit_419.jpg
2005.11.03 17:23 B h:\school\courses\unit4\images\Unit_42.gif --> apdriving.com /httpdocs/course/courses/unit4/images Unit_42.gif
2005.11.03 17:23 B h:\school\courses\unit4\images\Unit_420.jpg --> apdriving.com /httpdocs/course/courses/unit4/images Unit_420.jpg
2005.11.03 17:23 B h:\school\courses\unit4\images\Unit_421.jpg --> apdriving.com /httpdocs/course/courses/unit4/images Unit_421.jpg
2005.11.03 17:23 B h:\school\courses\unit4\images\Unit_422.gif --> apdriving.com /httpdocs/course/courses/unit4/images Unit_422.gif
2005.11.03 17:23 B h:\school\courses\unit4\images\Unit_423.jpg --> apdriving.com /httpdocs/course/courses/unit4/images Unit_423.jpg
2005.11.03 17:23 B h:\school\courses\unit4\images\Unit_424.jpg --> apdriving.com /httpdocs/course/courses/unit4/images Unit_424.jpg
2005.11.03 17:23 B h:\school\courses\unit4\images\Unit_425.jpg --> apdriving.com /httpdocs/course/courses/unit4/images Unit_425.jpg
2005.11.03 17:23 B h:\school\courses\unit4\images\Unit_426.jpg --> apdriving.com /httpdocs/course/courses/unit4/images Unit_426.jpg
2005.11.03 17:23 B h:\school\courses\unit4\images\Unit_427.jpg --> apdriving.com /httpdocs/course/courses/unit4/images Unit_427.jpg
2005.11.03 17:23 B h:\school\courses\unit4\images\Unit_428.jpg --> apdriving.com /httpdocs/course/courses/unit4/images Unit_428.jpg
2005.11.03 17:23 B h:\school\courses\unit4\images\Unit_429.jpg --> apdriving.com /httpdocs/course/courses/unit4/images Unit_429.jpg
2005.11.03 17:23 B h:\school\courses\unit4\images\Unit_430.jpg --> apdriving.com /httpdocs/course/courses/unit4/images Unit_430.jpg
2005.11.03 17:23 B h:\school\courses\unit4\images\Unit_431.jpg --> apdriving.com /httpdocs/course/courses/unit4/images Unit_431.jpg
2005.11.03 17:23 B h:\school\courses\unit4\images\Unit_432.gif --> apdriving.com /httpdocs/course/courses/unit4/images Unit_432.gif
2005.11.03 17:23 B h:\school\courses\unit4\images\Unit_433.jpg --> apdriving.com /httpdocs/course/courses/unit4/images Unit_433.jpg
2005.11.03 17:23 B h:\school\courses\unit4\images\Unit_434.jpg --> apdriving.com /httpdocs/course/courses/unit4/images Unit_434.jpg
2005.11.03 17:23 B h:\school\courses\unit4\images\Unit_435.gif --> apdriving.com /httpdocs/course/courses/unit4/images Unit_435.gif
2005.11.03 17:23 B h:\school\courses\unit4\images\Unit_436.jpg --> apdriving.com /httpdocs/course/courses/unit4/images Unit_436.jpg
2005.11.03 17:23 B h:\school\courses\unit4\images\Unit_437.jpg --> apdriving.com /httpdocs/course/courses/unit4/images Unit_437.jpg
2005.11.03 17:23 B h:\school\courses\unit4\images\Unit_438.gif --> apdriving.com /httpdocs/course/courses/unit4/images Unit_438.gif
2005.11.03 17:23 B h:\school\courses\unit4\images\Unit_439.gif --> apdriving.com /httpdocs/course/courses/unit4/images Unit_439.gif
2005.11.03 17:23 B h:\school\courses\unit4\images\Unit_44.jpg --> apdriving.com /httpdocs/course/courses/unit4/images Unit_44.jpg
2005.11.03 17:23 B h:\school\courses\unit4\images\Unit_440.gif --> apdriving.com /httpdocs/course/courses/unit4/images Unit_440.gif
2005.11.03 17:23 B h:\school\courses\unit4\images\Unit_441.gif --> apdriving.com /httpdocs/course/courses/unit4/images Unit_441.gif
2005.11.03 17:23 B h:\school\courses\unit4\images\Unit_442.jpg --> apdriving.com /httpdocs/course/courses/unit4/images Unit_442.jpg
2005.11.03 17:23 B h:\school\courses\unit4\images\Unit_443.gif --> apdriving.com /httpdocs/course/courses/unit4/images Unit_443.gif
2005.11.03 17:23 B h:\school\courses\unit4\images\Unit_444.jpg --> apdriving.com /httpdocs/course/courses/unit4/images Unit_444.jpg
2005.11.03 17:23 B h:\school\courses\unit4\images\Unit_445.jpg --> apdriving.com /httpdocs/course/courses/unit4/images Unit_445.jpg
2005.11.03 17:23 B h:\school\courses\unit4\images\Unit_446.jpg --> apdriving.com /httpdocs/course/courses/unit4/images Unit_446.jpg
2005.11.03 17:23 B h:\school\courses\unit4\images\Unit_447.gif --> apdriving.com /httpdocs/course/courses/unit4/images Unit_447.gif
2005.11.03 17:23 B h:\school\courses\unit4\images\Unit_448.gif --> apdriving.com /httpdocs/course/courses/unit4/images Unit_448.gif
2005.11.03 17:23 B h:\school\courses\unit4\images\Unit_449.gif --> apdriving.com /httpdocs/course/courses/unit4/images Unit_449.gif
2005.11.03 17:23 B h:\school\courses\unit4\images\Unit_45.gif --> apdriving.com /httpdocs/course/courses/unit4/images Unit_45.gif
2005.11.03 17:23 B h:\school\courses\unit4\images\Unit_450.gif --> apdriving.com /httpdocs/course/courses/unit4/images Unit_450.gif
2005.11.03 17:23 B h:\school\courses\unit4\images\Unit_451.gif --> apdriving.com /httpdocs/course/courses/unit4/images Unit_451.gif
2005.11.03 17:23 B h:\school\courses\unit4\images\Unit_452.gif --> apdriving.com /httpdocs/course/courses/unit4/images Unit_452.gif
2005.11.03 17:23 B h:\school\courses\unit4\images\Unit_453.gif --> apdriving.com /httpdocs/course/courses/unit4/images Unit_453.gif
2005.11.03 17:23 B h:\school\courses\unit4\images\Unit_454.gif --> apdriving.com /httpdocs/course/courses/unit4/images Unit_454.gif
2005.11.03 17:23 B h:\school\courses\unit4\images\Unit_455.gif --> apdriving.com /httpdocs/course/courses/unit4/images Unit_455.gif
2005.11.03 17:23 B h:\school\courses\unit4\images\Unit_456.gif --> apdriving.com /httpdocs/course/courses/unit4/images Unit_456.gif
2005.11.03 17:23 B h:\school\courses\unit4\images\Unit_457.gif --> apdriving.com /httpdocs/course/courses/unit4/images Unit_457.gif
2005.11.03 17:23 B h:\school\courses\unit4\images\Unit_458.gif --> apdriving.com /httpdocs/course/courses/unit4/images Unit_458.gif
2005.11.03 17:23 B h:\school\courses\unit4\images\Unit_459.jpg --> apdriving.com /httpdocs/course/courses/unit4/images Unit_459.jpg
2005.11.03 17:23 B h:\school\courses\unit4\images\Unit_46.jpg --> apdriving.com /httpdocs/course/courses/unit4/images Unit_46.jpg
2005.11.03 17:23 B h:\school\courses\unit4\images\Unit_460.jpg --> apdriving.com /httpdocs/course/courses/unit4/images Unit_460.jpg
2005.11.03 17:23 B h:\school\courses\unit4\images\Unit_461.gif --> apdriving.com /httpdocs/course/courses/unit4/images Unit_461.gif
2005.11.03 17:23 B h:\school\courses\unit4\images\Unit_462.gif --> apdriving.com /httpdocs/course/courses/unit4/images Unit_462.gif
2005.11.03 17:23 B h:\school\courses\unit4\images\Unit_463.gif --> apdriving.com /httpdocs/course/courses/unit4/images Unit_463.gif
2005.11.03 17:23 B h:\school\courses\unit4\images\Unit_464.gif --> apdriving.com /httpdocs/course/courses/unit4/images Unit_464.gif
2005.11.03 17:23 B h:\school\courses\unit4\images\Unit_465.jpg --> apdriving.com /httpdocs/course/courses/unit4/images Unit_465.jpg
2005.11.03 17:23 B h:\school\courses\unit4\images\Unit_466.gif --> apdriving.com /httpdocs/course/courses/unit4/images Unit_466.gif
2005.11.03 17:23 B h:\school\courses\unit4\images\Unit_467.jpg --> apdriving.com /httpdocs/course/courses/unit4/images Unit_467.jpg
2005.11.03 17:23 B h:\school\courses\unit4\images\Unit_468.gif --> apdriving.com /httpdocs/course/courses/unit4/images Unit_468.gif
2005.11.03 17:23 B h:\school\courses\unit4\images\Unit_469.gif --> apdriving.com /httpdocs/course/courses/unit4/images Unit_469.gif
2005.11.03 17:23 B h:\school\courses\unit4\images\Unit_47.jpg --> apdriving.com /httpdocs/course/courses/unit4/images Unit_47.jpg
2005.11.03 17:23 B h:\school\courses\unit4\images\Unit_48.jpg --> apdriving.com /httpdocs/course/courses/unit4/images Unit_48.jpg
2005.11.03 17:23 B h:\school\courses\unit4\images\Unit_49.gif --> apdriving.com /httpdocs/course/courses/unit4/images Unit_49.gif
2005.11.03 17:23 B h:\school\courses\unit4\images\unit_50.gif --> apdriving.com /httpdocs/course/courses/unit4/images unit_50.gif
2005.11.03 17:23 B h:\school\courses\unit4\images\WS_FTP.LOG --> apdriving.com /httpdocs/course/courses/unit4/images WS_FTP.LOG
